{"meta": {"format": 3, "version": "7.13.5", "timestamp": "2026-04-21T14:58:15.807424", "branch_coverage": false, "show_contexts": false}, "files": {"src/__init__.py": {"executed_lines": [2, 3, 10, 11, 13, 14, 16, 17, 18, 19, 20, 21, 22], "summary": {"covered_lines": 13, "num_statements": 15, "percent_covered": 86.66666666666667, "percent_covered_display": "87", "missing_lines": 2, "excluded_lines": 0, "percent_statements_covered": 86.66666666666667, "percent_statements_covered_display": "87"}, "missing_lines": [23, 24], "excluded_lines": [], "functions": {"": {"executed_lines": [2, 3, 10, 11, 13, 14, 16, 17, 18, 19, 20, 21, 22], "summary": {"covered_lines": 13, "num_statements": 15, "percent_covered": 86.66666666666667, "percent_covered_display": "87", "missing_lines": 2, "excluded_lines": 0, "percent_statements_covered": 86.66666666666667, "percent_statements_covered_display": "87"}, "missing_lines": [23, 24], "excluded_lines": [], "start_line": 1}}, "classes": {"": {"executed_lines": [2, 3, 10, 11, 13, 14, 16, 17, 18, 19, 20, 21, 22], "summary": {"covered_lines": 13, "num_statements": 15, "percent_covered": 86.66666666666667, "percent_covered_display": "87", "missing_lines": 2, "excluded_lines": 0, "percent_statements_covered": 86.66666666666667, "percent_statements_covered_display": "87"}, "missing_lines": [23, 24], "excluded_lines": [], "start_line": 1}}}, "src/anonymizer.py": {"executed_lines": [10, 12, 13, 14, 15, 16, 17, 18, 21, 35, 37, 38, 40, 41, 42, 45, 63, 64, 66, 68, 69, 71, 74, 75, 76, 77, 78, 79, 80, 81, 86, 90, 91, 92, 103, 106, 120, 121, 123, 124, 128, 129, 132, 133, 136, 140, 143, 144, 145, 146, 156, 159, 174, 176, 177, 178, 179, 182, 183, 184, 185, 186, 188, 189, 192, 194, 195, 196, 197, 200, 201, 202, 205, 206, 211, 212, 213, 216, 217, 220, 229, 230, 232, 235, 238, 247, 250, 266, 267, 269, 270, 271, 272, 273, 274, 275, 276, 278, 281, 301, 302, 305, 306, 307, 308, 310, 311, 312, 313, 314, 315, 318, 322, 325, 326, 328, 331, 341, 344, 361, 364, 365, 367, 368, 369, 371, 372, 373, 374, 375, 377, 378, 379, 381, 388, 389, 392, 393, 394, 395, 396, 398, 399, 400, 402, 405, 406, 407, 408, 409, 410, 412, 414, 415, 417, 426, 429, 430, 431, 432, 433, 434, 435, 436, 440], "summary": {"covered_lines": 165, "num_statements": 177, "percent_covered": 93.22033898305085, "percent_covered_display": "93", "missing_lines": 12, "excluded_lines": 1, "percent_statements_covered": 93.22033898305085, "percent_statements_covered_display": "93"}, "missing_lines": [83, 84, 87, 125, 207, 208, 236, 376, 390, 437, 438, 439], "excluded_lines": [253], "functions": {"generate_random_id": {"executed_lines": [35, 37, 38, 40, 41, 42], "summary": {"covered_lines": 6, "num_statements": 6, "percent_covered": 100.0, "percent_covered_display": "100", "missing_lines": 0, "excluded_lines": 0, "percent_statements_covered": 100.0, "percent_statements_covered_display": "100"}, "missing_lines": [], "excluded_lines": [], "start_line": 21}, "create_participant_mapping": {"executed_lines": [63, 64, 66, 68, 69, 71, 74, 75, 76, 77, 78, 79, 80, 81, 86, 90, 91, 92, 103], "summary": {"covered_lines": 19, "num_statements": 22, "percent_covered": 86.36363636363636, "percent_covered_display": "86", "missing_lines": 3, "excluded_lines": 0, "percent_statements_covered": 86.36363636363636, "percent_statements_covered_display": "86"}, "missing_lines": [83, 84, 87], "excluded_lines": [], "start_line": 45}, "create_question_mask_mapping": {"executed_lines": [120, 121, 123, 124, 128, 129, 132, 133, 136, 140, 143, 144, 145, 146, 156], "summary": {"covered_lines": 15, "num_statements": 16, "percent_covered": 93.75, "percent_covered_display": "94", "missing_lines": 1, "excluded_lines": 0, "percent_statements_covered": 93.75, "percent_statements_covered_display": "94"}, "missing_lines": [125], "excluded_lines": [], "start_line": 106}, "anonymize_tsv_file": {"executed_lines": [174, 176, 177, 178, 179, 182, 183, 184, 185, 186, 188, 189, 192, 194, 195, 196, 197, 200, 201, 202, 205, 206, 211, 212, 213, 216, 217], "summary": {"covered_lines": 27, "num_statements": 29, "percent_covered": 93.10344827586206, "percent_covered_display": "93", "missing_lines": 2, "excluded_lines": 0, "percent_statements_covered": 93.10344827586206, "percent_statements_covered_display": "93"}, "missing_lines": [207, 208], "excluded_lines": [], "start_line": 159}, "replace_participant_ids_in_text": {"executed_lines": [229, 230, 232, 235, 238, 247], "summary": {"covered_lines": 6, "num_statements": 7, "percent_covered": 85.71428571428571, "percent_covered_display": "86", "missing_lines": 1, "excluded_lines": 0, "percent_statements_covered": 85.71428571428571, "percent_statements_covered_display": "86"}, "missing_lines": [236], "excluded_lines": [], "start_line": 220}, "update_intendedfor_paths": {"executed_lines": [266, 267, 269, 278], "summary": {"covered_lines": 4, "num_statements": 4, "percent_covered": 100.0, "percent_covered_display": "100", "missing_lines": 0, "excluded_lines": 1, "percent_statements_covered": 100.0, "percent_statements_covered_display": "100"}, "missing_lines": [], "excluded_lines": [253], "start_line": 250}, "update_intendedfor_paths._remap": {"executed_lines": [270, 271, 272, 273, 274, 275, 276], "summary": {"covered_lines": 7, "num_statements": 7, "percent_covered": 100.0, "percent_covered_display": "100", "missing_lines": 0, "excluded_lines": 0, "percent_statements_covered": 100.0, "percent_statements_covered_display": "100"}, "missing_lines": [], "excluded_lines": [], "start_line": 269}, "anonymize_dataset": {"executed_lines": [301, 302, 305, 306, 307, 308, 310, 311, 312, 313, 314, 315, 318, 322, 325, 326, 328], "summary": {"covered_lines": 17, "num_statements": 17, "percent_covered": 100.0, "percent_covered_display": "100", "missing_lines": 0, "excluded_lines": 0, "percent_statements_covered": 100.0, "percent_statements_covered_display": "100"}, "missing_lines": [], "excluded_lines": [], "start_line": 281}, "check_survey_copyright": {"executed_lines": [341], "summary": {"covered_lines": 1, "num_statements": 1, "percent_covered": 100.0, "percent_covered_display": "100", "missing_lines": 0, "excluded_lines": 0, "percent_statements_covered": 100.0, "percent_statements_covered_display": "100"}, "missing_lines": [], "excluded_lines": [], "start_line": 331}, "_iter_survey_template_items": {"executed_lines": [364, 365, 367, 368, 369, 371, 372, 373, 374, 375, 377, 378, 379, 381], "summary": {"covered_lines": 14, "num_statements": 15, "percent_covered": 93.33333333333333, "percent_covered_display": "93", "missing_lines": 1, "excluded_lines": 0, "percent_statements_covered": 93.33333333333333, "percent_statements_covered_display": "93"}, "missing_lines": [376], "excluded_lines": [], "start_line": 361}, "_get_survey_license_info": {"executed_lines": [389, 392, 393, 394, 395, 396, 398, 399, 400, 402], "summary": {"covered_lines": 10, "num_statements": 11, "percent_covered": 90.9090909090909, "percent_covered_display": "91", "missing_lines": 1, "excluded_lines": 0, "percent_statements_covered": 90.9090909090909, "percent_statements_covered_display": "91"}, "missing_lines": [390], "excluded_lines": [], "start_line": 388}, "_is_copyright_restricted": {"executed_lines": [406, 407, 408, 409, 410, 412, 414, 415, 417, 426], "summary": {"covered_lines": 10, "num_statements": 10, "percent_covered": 100.0, "percent_covered_display": "100", "missing_lines": 0, "excluded_lines": 0, "percent_statements_covered": 100.0, "percent_statements_covered_display": "100"}, "missing_lines": [], "excluded_lines": [], "start_line": 405}, "_pick_preferred_text": {"executed_lines": [430, 431, 432, 433, 434, 435, 436, 440], "summary": {"covered_lines": 8, "num_statements": 11, "percent_covered": 72.72727272727273, "percent_covered_display": "73", "missing_lines": 3, "excluded_lines": 0, "percent_statements_covered": 72.72727272727273, "percent_statements_covered_display": "73"}, "missing_lines": [437, 438, 439], "excluded_lines": [], "start_line": 429}, "": {"executed_lines": [10, 12, 13, 14, 15, 16, 17, 18, 21, 45, 106, 159, 220, 250, 281, 331, 344, 361, 388, 405, 429], "summary": {"covered_lines": 21, "num_statements": 21, "percent_covered": 100.0, "percent_covered_display": "100", "missing_lines": 0, "excluded_lines": 0, "percent_statements_covered": 100.0, "percent_statements_covered_display": "100"}, "missing_lines": [], "excluded_lines": [], "start_line": 1}}, "classes": {"": {"executed_lines": [10, 12, 13, 14, 15, 16, 17, 18, 21, 35, 37, 38, 40, 41, 42, 45, 63, 64, 66, 68, 69, 71, 74, 75, 76, 77, 78, 79, 80, 81, 86, 90, 91, 92, 103, 106, 120, 121, 123, 124, 128, 129, 132, 133, 136, 140, 143, 144, 145, 146, 156, 159, 174, 176, 177, 178, 179, 182, 183, 184, 185, 186, 188, 189, 192, 194, 195, 196, 197, 200, 201, 202, 205, 206, 211, 212, 213, 216, 217, 220, 229, 230, 232, 235, 238, 247, 250, 266, 267, 269, 270, 271, 272, 273, 274, 275, 276, 278, 281, 301, 302, 305, 306, 307, 308, 310, 311, 312, 313, 314, 315, 318, 322, 325, 326, 328, 331, 341, 344, 361, 364, 365, 367, 368, 369, 371, 372, 373, 374, 375, 377, 378, 379, 381, 388, 389, 392, 393, 394, 395, 396, 398, 399, 400, 402, 405, 406, 407, 408, 409, 410, 412, 414, 415, 417, 426, 429, 430, 431, 432, 433, 434, 435, 436, 440], "summary": {"covered_lines": 165, "num_statements": 177, "percent_covered": 93.22033898305085, "percent_covered_display": "93", "missing_lines": 12, "excluded_lines": 1, "percent_statements_covered": 93.22033898305085, "percent_statements_covered_display": "93"}, "missing_lines": [83, 84, 87, 125, 207, 208, 236, 376, 390, 437, 438, 439], "excluded_lines": [253], "start_line": 1}}}, "src/api.py": {"executed_lines": [15, 16, 17, 18, 19, 22, 23, 24, 26, 27, 28, 29, 36, 37, 40, 50, 52, 55, 56, 58, 67, 68, 70, 71, 73, 75, 80, 81, 82, 87, 89, 90, 92, 94, 95, 97, 102, 103, 110, 112, 113, 144, 145, 148, 150, 151, 161, 163, 164, 174, 175, 185, 186, 195, 196, 206, 207, 208, 211, 212, 220, 226, 244, 245, 247, 248, 258, 259, 286, 287, 289, 291, 292, 302, 303, 304, 306, 307, 308, 310, 311, 312, 313, 315, 316, 318, 319, 325, 326, 328, 329, 336, 337, 338, 339, 341, 342, 349, 354, 356, 365, 366, 384, 395], "summary": {"covered_lines": 104, "num_statements": 117, "percent_covered": 88.88888888888889, "percent_covered_display": "89", "missing_lines": 13, "excluded_lines": 2, "percent_statements_covered": 88.88888888888889, "percent_statements_covered_display": "89"}, "missing_lines": [30, 31, 32, 33, 53, 368, 369, 370, 372, 373, 380, 381, 382], "excluded_lines": [114, 260], "functions": {"_utc_isoformat_z": {"executed_lines": [37], "summary": {"covered_lines": 1, "num_statements": 1, "percent_covered": 100.0, "percent_covered_display": "100", "missing_lines": 0, "excluded_lines": 0, "percent_statements_covered": 100.0, "percent_statements_covered_display": "100"}, "missing_lines": [], "excluded_lines": [], "start_line": 36}, "create_api_blueprint": {"executed_lines": [50, 52, 55, 56, 67, 68, 89, 90, 112, 113, 258, 259, 395], "summary": {"covered_lines": 13, "num_statements": 14, "percent_covered": 92.85714285714286, "percent_covered_display": "93", "missing_lines": 1, "excluded_lines": 0, "percent_statements_covered": 92.85714285714286, "percent_statements_covered_display": "93"}, "missing_lines": [53], "excluded_lines": [], "start_line": 40}, "create_api_blueprint.health": {"executed_lines": [58], "summary": {"covered_lines": 1, "num_statements": 1, "percent_covered": 100.0, "percent_covered_display": "100", "missing_lines": 0, "excluded_lines": 0, "percent_statements_covered": 100.0, "percent_statements_covered_display": "100"}, "missing_lines": [], "excluded_lines": [], "start_line": 56}, "create_api_blueprint.list_schemas": {"executed_lines": [70, 71, 73, 75, 80, 81, 82, 87], "summary": {"covered_lines": 8, "num_statements": 8, "percent_covered": 100.0, "percent_covered_display": "100", "missing_lines": 0, "excluded_lines": 0, "percent_statements_covered": 100.0, "percent_statements_covered_display": "100"}, "missing_lines": [], "excluded_lines": [], "start_line": 68}, "create_api_blueprint.get_schema_version": {"executed_lines": [92, 94, 95, 97, 102, 103, 110], "summary": {"covered_lines": 7, "num_statements": 7, "percent_covered": 100.0, "percent_covered_display": "100", "missing_lines": 0, "excluded_lines": 0, "percent_statements_covered": 100.0, "percent_statements_covered_display": "100"}, "missing_lines": [], "excluded_lines": [], "start_line": 90}, "create_api_blueprint.validate": {"executed_lines": [144, 145, 148, 150, 151, 161, 163, 164, 174, 175, 185, 186, 195, 196, 206, 207, 208, 211, 212, 220, 226, 244, 245, 247, 248], "summary": {"covered_lines": 25, "num_statements": 25, "percent_covered": 100.0, "percent_covered_display": "100", "missing_lines": 0, "excluded_lines": 1, "percent_statements_covered": 100.0, "percent_statements_covered_display": "100"}, "missing_lines": [], "excluded_lines": [114], "start_line": 113}, "create_api_blueprint.validate_batch": {"executed_lines": [286, 287, 289, 291, 292, 302, 303, 304, 306, 307, 308, 310, 311, 312, 313, 315, 316, 318, 319, 325, 326, 328, 329, 336, 337, 338, 339, 341, 342, 349, 354, 356, 365, 366, 384], "summary": {"covered_lines": 35, "num_statements": 43, "percent_covered": 81.3953488372093, "percent_covered_display": "81", "missing_lines": 8, "excluded_lines": 1, "percent_statements_covered": 81.3953488372093, "percent_statements_covered_display": "81"}, "missing_lines": [368, 369, 370, 372, 373, 380, 381, 382], "excluded_lines": [260], "start_line": 259}, "": {"executed_lines": [15, 16, 17, 18, 19, 22, 23, 24, 26, 27, 28, 29, 36, 40], "summary": {"covered_lines": 14, "num_statements": 18, "percent_covered": 77.77777777777777, "percent_covered_display": "78", "missing_lines": 4, "excluded_lines": 0, "percent_statements_covered": 77.77777777777777, "percent_statements_covered_display": "78"}, "missing_lines": [30, 31, 32, 33], "excluded_lines": [], "start_line": 1}}, "classes": {"": {"executed_lines": [15, 16, 17, 18, 19, 22, 23, 24, 26, 27, 28, 29, 36, 37, 40, 50, 52, 55, 56, 58, 67, 68, 70, 71, 73, 75, 80, 81, 82, 87, 89, 90, 92, 94, 95, 97, 102, 103, 110, 112, 113, 144, 145, 148, 150, 151, 161, 163, 164, 174, 175, 185, 186, 195, 196, 206, 207, 208, 211, 212, 220, 226, 244, 245, 247, 248, 258, 259, 286, 287, 289, 291, 292, 302, 303, 304, 306, 307, 308, 310, 311, 312, 313, 315, 316, 318, 319, 325, 326, 328, 329, 336, 337, 338, 339, 341, 342, 349, 354, 356, 365, 366, 384, 395], "summary": {"covered_lines": 104, "num_statements": 117, "percent_covered": 88.88888888888889, "percent_covered_display": "89", "missing_lines": 13, "excluded_lines": 2, "percent_statements_covered": 88.88888888888889, "percent_statements_covered_display": "89"}, "missing_lines": [30, 31, 32, 33, 53, 368, 369, 370, 372, 373, 380, 381, 382], "excluded_lines": [114, 260], "start_line": 1}}}, "src/batch_convert.py": {"executed_lines": [17, 19, 20, 21, 22, 23, 24, 25, 26, 27, 28, 29, 31, 34, 44, 45, 46, 61, 62, 65, 66, 67, 68, 69, 70, 71, 72, 75, 76, 79, 80, 81, 84, 85, 88, 89, 90, 91, 92, 93, 94, 96, 97, 98, 100, 101, 102, 105, 114, 115, 116, 118, 127, 129, 130, 131, 133, 134, 135, 137, 138, 139, 142, 144, 145, 146, 148, 149, 151, 152, 154, 159, 179, 180, 182, 184, 185, 187, 188, 190, 191, 192, 193, 194, 195, 198, 208, 209, 210, 211, 215, 216, 217, 218, 219, 220, 222, 223, 224, 225, 226, 227, 228, 229, 230, 231, 232, 233, 234, 236, 237, 238, 245, 266, 267, 271, 272, 275, 283, 284, 302, 303, 306, 308, 309, 310, 312, 342, 343, 344, 347, 348, 349, 350, 352, 353, 354, 355, 356, 359, 360, 361, 363, 364, 365, 367, 368, 369, 370, 372, 373, 374, 375, 376, 378, 379, 381, 382, 383, 388, 389, 393, 396, 399, 400, 401, 402, 405, 418, 419, 421, 422, 423, 425, 427, 430, 431, 432, 433, 434, 435, 437, 438, 440, 441, 443, 447, 448, 463, 466, 471, 478, 490, 498, 499, 501, 502, 503, 506, 507, 508, 509, 511, 512, 513, 514, 515, 516, 517, 521, 524, 533, 538, 539, 540, 542, 544, 545, 546, 547, 548, 549, 550, 551, 554, 558, 827, 840, 841, 842, 843, 846, 847, 849, 850, 853, 856, 857, 858, 859, 860, 861, 862, 864, 866, 869, 870, 871, 872, 873, 874, 876, 877, 879, 880, 881, 882, 889, 890, 891, 896, 907, 908, 913, 914, 915, 916, 917, 919, 920, 921, 922, 924, 925, 926, 927, 928, 934, 935, 936, 941, 943, 944, 948, 952, 953, 955, 956, 963, 966, 967, 969, 972, 973, 974, 976, 983, 985, 995, 996, 1008, 1019, 1020, 1021, 1024, 1025, 1027, 1028, 1031, 1032, 1033, 1034, 1035, 1036, 1038, 1039, 1041, 1043, 1045, 1046, 1049, 1050, 1053, 1056, 1057, 1059, 1075, 1076, 1078, 1088, 1089, 1101, 1116, 1117, 1118, 1119, 1120, 1123, 1124, 1126, 1127, 1130, 1131, 1132, 1133, 1134, 1138, 1147, 1150, 1151, 1152, 1153, 1154, 1156, 1157, 1159, 1160, 1162, 1163, 1166, 1167, 1168, 1169, 1175, 1176, 1177, 1179, 1188, 1189, 1201, 1227, 1228, 1229, 1231, 1232, 1234, 1239, 1240, 1241, 1244, 1245, 1246, 1247, 1248, 1249, 1252, 1253, 1254, 1257, 1258, 1259, 1261, 1263, 1266, 1267, 1272, 1273, 1274, 1276, 1278, 1279, 1280, 1281, 1283, 1284, 1288, 1289, 1290, 1291, 1292, 1296, 1298, 1299, 1300, 1301, 1307, 1311, 1312, 1313, 1315, 1317, 1322, 1323, 1330, 1336, 1341, 1358, 1360, 1362, 1363, 1364, 1365, 1367, 1369, 1370, 1371, 1381, 1386, 1414, 1415, 1416, 1417, 1418, 1419, 1424, 1425, 1426, 1428, 1429, 1430, 1432, 1433, 1436, 1437, 1441, 1442, 1444, 1445, 1453, 1454, 1462, 1465, 1472, 1488, 1489, 1490, 1492], "summary": {"covered_lines": 467, "num_statements": 639, "percent_covered": 73.0829420970266, "percent_covered_display": "73", "missing_lines": 172, "excluded_lines": 29, "percent_statements_covered": 73.0829420970266, "percent_statements_covered_display": "73"}, "missing_lines": [136, 155, 156, 212, 213, 315, 316, 317, 320, 321, 322, 323, 324, 326, 329, 333, 390, 391, 426, 428, 454, 455, 456, 457, 458, 504, 560, 561, 562, 563, 565, 566, 567, 568, 569, 570, 571, 572, 573, 583, 584, 585, 586, 587, 588, 589, 590, 592, 593, 596, 597, 598, 599, 601, 602, 603, 604, 605, 606, 607, 609, 616, 622, 623, 625, 626, 627, 628, 629, 630, 631, 632, 633, 635, 648, 649, 650, 651, 653, 654, 655, 656, 657, 658, 659, 661, 662, 663, 664, 666, 676, 684, 688, 698, 699, 700, 701, 702, 703, 704, 705, 706, 707, 708, 709, 710, 711, 712, 714, 715, 716, 717, 728, 733, 741, 743, 749, 750, 753, 756, 762, 763, 764, 765, 767, 768, 771, 773, 774, 823, 824, 892, 905, 909, 910, 911, 929, 1060, 1061, 1063, 1064, 1067, 1068, 1071, 1073, 1074, 1135, 1260, 1264, 1285, 1331, 1350, 1351, 1352, 1356, 1376, 1392, 1393, 1397, 1398, 1402, 1403, 1408, 1427, 1431, 1446, 1448, 1449, 1450, 1451, 1459, 1460], "excluded_lines": [1496, 1497, 1499, 1502, 1507, 1512, 1517, 1523, 1528, 1534, 1536, 1537, 1538, 1541, 1544, 1553, 1556, 1557, 1558, 1559, 1560, 1561, 1562, 1564, 1565, 1566, 1567, 1568, 1569], "functions": {"BatchConvertResult.success_count": {"executed_lines": [98], "summary": {"covered_lines": 1, "num_statements": 1, "percent_covered": 100.0, "percent_covered_display": "100", "missing_lines": 0, "excluded_lines": 0, "percent_statements_covered": 100.0, "percent_statements_covered_display": "100"}, "missing_lines": [], "excluded_lines": [], "start_line": 97}, "BatchConvertResult.error_count": {"executed_lines": [102], "summary": {"covered_lines": 1, "num_statements": 1, "percent_covered": 100.0, "percent_covered_display": "100", "missing_lines": 0, "excluded_lines": 0, "percent_statements_covered": 100.0, "percent_statements_covered_display": "100"}, "missing_lines": [], "excluded_lines": [], "start_line": 101}, "parse_bids_filename": {"executed_lines": [114, 115, 116, 118], "summary": {"covered_lines": 4, "num_statements": 4, "percent_covered": 100.0, "percent_covered_display": "100", "missing_lines": 0, "excluded_lines": 0, "percent_statements_covered": 100.0, "percent_statements_covered_display": "100"}, "missing_lines": [], "excluded_lines": [], "start_line": 105}, "detect_modality": {"executed_lines": [129, 130, 131, 133, 134, 135, 137, 138, 139], "summary": {"covered_lines": 9, "num_statements": 10, "percent_covered": 90.0, "percent_covered_display": "90", "missing_lines": 1, "excluded_lines": 0, "percent_statements_covered": 90.0, "percent_statements_covered_display": "90"}, "missing_lines": [136], "excluded_lines": [], "start_line": 127}, "_files_identical": {"executed_lines": [144, 145, 146, 148, 149, 151, 152, 154], "summary": {"covered_lines": 8, "num_statements": 10, "percent_covered": 80.0, "percent_covered_display": "80", "missing_lines": 2, "excluded_lines": 0, "percent_statements_covered": 80.0, "percent_statements_covered_display": "80"}, "missing_lines": [155, 156], "excluded_lines": [], "start_line": 142}, "safe_write_file": {"executed_lines": [179, 180, 182, 184, 185, 187, 188, 190, 191, 192, 193, 194, 195], "summary": {"covered_lines": 13, "num_statements": 13, "percent_covered": 100.0, "percent_covered_display": "100", "missing_lines": 0, "excluded_lines": 0, "percent_statements_covered": 100.0, "percent_statements_covered_display": "100"}, "missing_lines": [], "excluded_lines": [], "start_line": 159}, "_create_physio_sidecar": {"executed_lines": [208, 209, 210, 211, 215, 216, 217, 218, 219, 220, 222, 236, 237, 238, 245, 266, 267, 271, 272], "summary": {"covered_lines": 19, "num_statements": 21, "percent_covered": 90.47619047619048, "percent_covered_display": "90", "missing_lines": 2, "excluded_lines": 0, "percent_statements_covered": 90.47619047619048, "percent_statements_covered_display": "90"}, "missing_lines": [212, 213], "excluded_lines": [], "start_line": 198}, "_create_physio_sidecar._infer_channel_type": {"executed_lines": [223, 224, 225, 226, 227, 228, 229, 230, 231, 232, 233, 234], "summary": {"covered_lines": 12, "num_statements": 12, "percent_covered": 100.0, "percent_covered_display": "100", "missing_lines": 0, "excluded_lines": 0, "percent_statements_covered": 100.0, "percent_statements_covered_display": "100"}, "missing_lines": [], "excluded_lines": [], "start_line": 222}, "_create_eyetracking_sidecar": {"executed_lines": [283, 284, 302, 303], "summary": {"covered_lines": 4, "num_statements": 4, "percent_covered": 100.0, "percent_covered_display": "100", "missing_lines": 0, "excluded_lines": 0, "percent_statements_covered": 100.0, "percent_statements_covered_display": "100"}, "missing_lines": [], "excluded_lines": [], "start_line": 275}, "_extract_edf_metadata": {"executed_lines": [308, 309, 310, 312, 342, 343, 344], "summary": {"covered_lines": 7, "num_statements": 18, "percent_covered": 38.888888888888886, "percent_covered_display": "39", "missing_lines": 11, "excluded_lines": 0, "percent_statements_covered": 38.888888888888886, "percent_statements_covered_display": "39"}, "missing_lines": [315, 316, 317, 320, 321, 322, 323, 324, 326, 329, 333], "excluded_lines": [], "start_line": 306}, "_find_physio_sidecar": {"executed_lines": [348, 349, 350, 352, 353, 354, 355, 356], "summary": {"covered_lines": 8, "num_statements": 8, "percent_covered": 100.0, "percent_covered_display": "100", "missing_lines": 0, "excluded_lines": 0, "percent_statements_covered": 100.0, "percent_statements_covered_display": "100"}, "missing_lines": [], "excluded_lines": [], "start_line": 347}, "_detect_r_peaks": {"executed_lines": [360, 361, 363, 364, 365, 367, 368, 369, 370, 372, 373, 374, 375, 376, 378, 379, 381, 382, 383, 388, 389, 393], "summary": {"covered_lines": 22, "num_statements": 24, "percent_covered": 91.66666666666667, "percent_covered_display": "92", "missing_lines": 2, "excluded_lines": 0, "percent_statements_covered": 91.66666666666667, "percent_statements_covered_display": "92"}, "missing_lines": [390, 391], "excluded_lines": [], "start_line": 359}, "_downsample_xy": {"executed_lines": [399, 400, 401, 402], "summary": {"covered_lines": 4, "num_statements": 4, "percent_covered": 100.0, "percent_covered_display": "100", "missing_lines": 0, "excluded_lines": 0, "percent_statements_covered": 100.0, "percent_statements_covered_display": "100"}, "missing_lines": [], "excluded_lines": [], "start_line": 396}, "_line_svg": {"executed_lines": [418, 419, 421, 422, 423, 425, 427, 430, 431, 432, 433, 434, 435, 437, 440, 443, 447, 448, 463, 466, 471, 478], "summary": {"covered_lines": 22, "num_statements": 29, "percent_covered": 75.86206896551724, "percent_covered_display": "76", "missing_lines": 7, "excluded_lines": 0, "percent_statements_covered": 75.86206896551724, "percent_statements_covered_display": "76"}, "missing_lines": [426, 428, 454, 455, 456, 457, 458], "excluded_lines": [], "start_line": 405}, "_line_svg.sx": {"executed_lines": [438], "summary": {"covered_lines": 1, "num_statements": 1, "percent_covered": 100.0, "percent_covered_display": "100", "missing_lines": 0, "excluded_lines": 0, "percent_statements_covered": 100.0, "percent_statements_covered_display": "100"}, "missing_lines": [], "excluded_lines": [], "start_line": 437}, "_line_svg.sy": {"executed_lines": [441], "summary": {"covered_lines": 1, "num_statements": 1, "percent_covered": 100.0, "percent_covered_display": "100", "missing_lines": 0, "excluded_lines": 0, "percent_statements_covered": 100.0, "percent_statements_covered_display": "100"}, "missing_lines": [], "excluded_lines": [], "start_line": 440}, "_hist_svg": {"executed_lines": [498, 499, 501, 502, 503, 506, 507, 508, 509, 511, 512, 513, 514, 515, 516, 517, 521, 524], "summary": {"covered_lines": 18, "num_statements": 19, "percent_covered": 94.73684210526316, "percent_covered_display": "95", "missing_lines": 1, "excluded_lines": 0, "percent_statements_covered": 94.73684210526316, "percent_statements_covered_display": "95"}, "missing_lines": [504], "excluded_lines": [], "start_line": 490}, "_generate_physio_html_report": {"executed_lines": [538, 539, 540, 542, 544, 545, 546, 547, 548, 549, 550, 551, 554, 558], "summary": {"covered_lines": 14, "num_statements": 119, "percent_covered": 11.764705882352942, "percent_covered_display": "12", "missing_lines": 105, "excluded_lines": 0, "percent_statements_covered": 11.764705882352942, "percent_statements_covered_display": "12"}, "missing_lines": [560, 561, 562, 563, 565, 566, 567, 568, 569, 570, 571, 572, 573, 583, 584, 585, 586, 587, 588, 589, 590, 592, 593, 596, 597, 598, 599, 601, 602, 603, 604, 605, 606, 607, 609, 616, 622, 623, 625, 626, 627, 628, 629, 630, 631, 632, 633, 635, 648, 649, 650, 651, 653, 654, 655, 656, 657, 658, 659, 661, 662, 663, 664, 666, 676, 684, 688, 698, 699, 700, 701, 702, 703, 704, 705, 706, 707, 708, 709, 710, 711, 712, 714, 715, 716, 717, 728, 733, 741, 743, 749, 750, 753, 756, 762, 763, 764, 765, 767, 768, 771, 773, 774, 823, 824], "excluded_lines": [], "start_line": 533}, "convert_physio_file": {"executed_lines": [840, 841, 842, 843, 846, 847, 849, 850, 853, 856, 857, 858, 859, 860, 861, 862, 864, 866, 869, 870, 871, 872, 873, 874, 876, 877, 879, 880, 881, 882, 889, 890, 891, 896, 907, 908, 913, 914, 915, 916, 917, 919, 920, 921, 922, 924, 925, 926, 927, 928, 934, 935, 936, 941, 943, 944, 948, 952, 953, 955, 956, 963, 966, 967, 969, 972, 973, 974, 976, 983, 985, 995, 996], "summary": {"covered_lines": 73, "num_statements": 79, "percent_covered": 92.40506329113924, "percent_covered_display": "92", "missing_lines": 6, "excluded_lines": 0, "percent_statements_covered": 92.40506329113924, "percent_statements_covered_display": "92"}, "missing_lines": [892, 905, 909, 910, 911, 929], "excluded_lines": [], "start_line": 827}, "convert_eyetracking_file": {"executed_lines": [1019, 1020, 1021, 1024, 1025, 1027, 1028, 1031, 1032, 1033, 1034, 1035, 1036, 1038, 1039, 1041, 1043, 1045, 1046, 1049, 1050, 1053, 1056, 1057, 1059, 1075, 1076, 1078, 1088, 1089], "summary": {"covered_lines": 30, "num_statements": 39, "percent_covered": 76.92307692307692, "percent_covered_display": "77", "missing_lines": 9, "excluded_lines": 0, "percent_statements_covered": 76.92307692307692, "percent_statements_covered_display": "77"}, "missing_lines": [1060, 1061, 1063, 1064, 1067, 1068, 1071, 1073, 1074], "excluded_lines": [], "start_line": 1008}, "convert_generic_file": {"executed_lines": [1116, 1117, 1118, 1119, 1120, 1123, 1124, 1126, 1127, 1130, 1131, 1132, 1133, 1134, 1138, 1147, 1150, 1151, 1152, 1153, 1154, 1156, 1157, 1159, 1160, 1162, 1163, 1166, 1167, 1168, 1169, 1175, 1176, 1177, 1179, 1188, 1189], "summary": {"covered_lines": 37, "num_statements": 38, "percent_covered": 97.36842105263158, "percent_covered_display": "97", "missing_lines": 1, "excluded_lines": 0, "percent_statements_covered": 97.36842105263158, "percent_statements_covered_display": "97"}, "missing_lines": [1135], "excluded_lines": [], "start_line": 1101}, "batch_convert_folder": {"executed_lines": [1227, 1231, 1232, 1234, 1239, 1240, 1241, 1244, 1245, 1246, 1247, 1248, 1249, 1252, 1253, 1254, 1257, 1258, 1259, 1261, 1263, 1266, 1267, 1272, 1273, 1274, 1276, 1278, 1279, 1280, 1281, 1283, 1284, 1288, 1289, 1290, 1291, 1292, 1296, 1298, 1299, 1300, 1301, 1307, 1311, 1312, 1313, 1315, 1317, 1322, 1323, 1330, 1336, 1341, 1358, 1360, 1362, 1363, 1364, 1365, 1367, 1369, 1370, 1371, 1381, 1386, 1414, 1415, 1416, 1417, 1418, 1419, 1424, 1425, 1426, 1428, 1429, 1430, 1432, 1433, 1436, 1437, 1441, 1442, 1444, 1445, 1453, 1454, 1462], "summary": {"covered_lines": 89, "num_statements": 114, "percent_covered": 78.0701754385965, "percent_covered_display": "78", "missing_lines": 25, "excluded_lines": 0, "percent_statements_covered": 78.0701754385965, "percent_statements_covered_display": "78"}, "missing_lines": [1260, 1264, 1285, 1331, 1350, 1351, 1352, 1356, 1376, 1392, 1393, 1397, 1398, 1402, 1403, 1408, 1427, 1431, 1446, 1448, 1449, 1450, 1451, 1459, 1460], "excluded_lines": [], "start_line": 1201}, "batch_convert_folder.log": {"executed_lines": [1228, 1229], "summary": {"covered_lines": 2, "num_statements": 2, "percent_covered": 100.0, "percent_covered_display": "100", "missing_lines": 0, "excluded_lines": 0, "percent_statements_covered": 100.0, "percent_statements_covered_display": "100"}, "missing_lines": [], "excluded_lines": [], "start_line": 1227}, "create_dataset_description": {"executed_lines": [1472, 1488, 1489, 1490, 1492], "summary": {"covered_lines": 5, "num_statements": 5, "percent_covered": 100.0, "percent_covered_display": "100", "missing_lines": 0, "excluded_lines": 0, "percent_statements_covered": 100.0, "percent_statements_covered_display": "100"}, "missing_lines": [], "excluded_lines": [], "start_line": 1465}, "": {"executed_lines": [17, 19, 20, 21, 22, 23, 24, 25, 26, 27, 28, 29, 31, 34, 44, 45, 46, 61, 62, 65, 66, 67, 68, 69, 70, 71, 72, 75, 76, 79, 80, 81, 84, 85, 88, 89, 90, 91, 92, 93, 94, 96, 97, 100, 101, 105, 127, 142, 159, 198, 275, 306, 347, 359, 396, 405, 490, 533, 827, 1008, 1101, 1201, 1465], "summary": {"covered_lines": 63, "num_statements": 63, "percent_covered": 100.0, "percent_covered_display": "100", "missing_lines": 0, "excluded_lines": 29, "percent_statements_covered": 100.0, "percent_statements_covered_display": "100"}, "missing_lines": [], "excluded_lines": [1496, 1497, 1499, 1502, 1507, 1512, 1517, 1523, 1528, 1534, 1536, 1537, 1538, 1541, 1544, 1553, 1556, 1557, 1558, 1559, 1560, 1561, 1562, 1564, 1565, 1566, 1567, 1568, 1569], "start_line": 1}}, "classes": {"ConvertedFile": {"executed_lines": [], "summary": {"covered_lines": 0, "num_statements": 0, "percent_covered": 100.0, "percent_covered_display": "100", "missing_lines": 0, "excluded_lines": 0, "percent_statements_covered": 100.0, "percent_statements_covered_display": "100"}, "missing_lines": [], "excluded_lines": [], "start_line": 62}, "FileConflict": {"executed_lines": [], "summary": {"covered_lines": 0, "num_statements": 0, "percent_covered": 100.0, "percent_covered_display": "100", "missing_lines": 0, "excluded_lines": 0, "percent_statements_covered": 100.0, "percent_statements_covered_display": "100"}, "missing_lines": [], "excluded_lines": [], "start_line": 76}, "BatchConvertResult": {"executed_lines": [98, 102], "summary": {"covered_lines": 2, "num_statements": 2, "percent_covered": 100.0, "percent_covered_display": "100", "missing_lines": 0, "excluded_lines": 0, "percent_statements_covered": 100.0, "percent_statements_covered_display": "100"}, "missing_lines": [], "excluded_lines": [], "start_line": 85}, "": {"executed_lines": [17, 19, 20, 21, 22, 23, 24, 25, 26, 27, 28, 29, 31, 34, 44, 45, 46, 61, 62, 65, 66, 67, 68, 69, 70, 71, 72, 75, 76, 79, 80, 81, 84, 85, 88, 89, 90, 91, 92, 93, 94, 96, 97, 100, 101, 105, 114, 115, 116, 118, 127, 129, 130, 131, 133, 134, 135, 137, 138, 139, 142, 144, 145, 146, 148, 149, 151, 152, 154, 159, 179, 180, 182, 184, 185, 187, 188, 190, 191, 192, 193, 194, 195, 198, 208, 209, 210, 211, 215, 216, 217, 218, 219, 220, 222, 223, 224, 225, 226, 227, 228, 229, 230, 231, 232, 233, 234, 236, 237, 238, 245, 266, 267, 271, 272, 275, 283, 284, 302, 303, 306, 308, 309, 310, 312, 342, 343, 344, 347, 348, 349, 350, 352, 353, 354, 355, 356, 359, 360, 361, 363, 364, 365, 367, 368, 369, 370, 372, 373, 374, 375, 376, 378, 379, 381, 382, 383, 388, 389, 393, 396, 399, 400, 401, 402, 405, 418, 419, 421, 422, 423, 425, 427, 430, 431, 432, 433, 434, 435, 437, 438, 440, 441, 443, 447, 448, 463, 466, 471, 478, 490, 498, 499, 501, 502, 503, 506, 507, 508, 509, 511, 512, 513, 514, 515, 516, 517, 521, 524, 533, 538, 539, 540, 542, 544, 545, 546, 547, 548, 549, 550, 551, 554, 558, 827, 840, 841, 842, 843, 846, 847, 849, 850, 853, 856, 857, 858, 859, 860, 861, 862, 864, 866, 869, 870, 871, 872, 873, 874, 876, 877, 879, 880, 881, 882, 889, 890, 891, 896, 907, 908, 913, 914, 915, 916, 917, 919, 920, 921, 922, 924, 925, 926, 927, 928, 934, 935, 936, 941, 943, 944, 948, 952, 953, 955, 956, 963, 966, 967, 969, 972, 973, 974, 976, 983, 985, 995, 996, 1008, 1019, 1020, 1021, 1024, 1025, 1027, 1028, 1031, 1032, 1033, 1034, 1035, 1036, 1038, 1039, 1041, 1043, 1045, 1046, 1049, 1050, 1053, 1056, 1057, 1059, 1075, 1076, 1078, 1088, 1089, 1101, 1116, 1117, 1118, 1119, 1120, 1123, 1124, 1126, 1127, 1130, 1131, 1132, 1133, 1134, 1138, 1147, 1150, 1151, 1152, 1153, 1154, 1156, 1157, 1159, 1160, 1162, 1163, 1166, 1167, 1168, 1169, 1175, 1176, 1177, 1179, 1188, 1189, 1201, 1227, 1228, 1229, 1231, 1232, 1234, 1239, 1240, 1241, 1244, 1245, 1246, 1247, 1248, 1249, 1252, 1253, 1254, 1257, 1258, 1259, 1261, 1263, 1266, 1267, 1272, 1273, 1274, 1276, 1278, 1279, 1280, 1281, 1283, 1284, 1288, 1289, 1290, 1291, 1292, 1296, 1298, 1299, 1300, 1301, 1307, 1311, 1312, 1313, 1315, 1317, 1322, 1323, 1330, 1336, 1341, 1358, 1360, 1362, 1363, 1364, 1365, 1367, 1369, 1370, 1371, 1381, 1386, 1414, 1415, 1416, 1417, 1418, 1419, 1424, 1425, 1426, 1428, 1429, 1430, 1432, 1433, 1436, 1437, 1441, 1442, 1444, 1445, 1453, 1454, 1462, 1465, 1472, 1488, 1489, 1490, 1492], "summary": {"covered_lines": 465, "num_statements": 637, "percent_covered": 72.99843014128729, "percent_covered_display": "73", "missing_lines": 172, "excluded_lines": 29, "percent_statements_covered": 72.99843014128729, "percent_statements_covered_display": "73"}, "missing_lines": [136, 155, 156, 212, 213, 315, 316, 317, 320, 321, 322, 323, 324, 326, 329, 333, 390, 391, 426, 428, 454, 455, 456, 457, 458, 504, 560, 561, 562, 563, 565, 566, 567, 568, 569, 570, 571, 572, 573, 583, 584, 585, 586, 587, 588, 589, 590, 592, 593, 596, 597, 598, 599, 601, 602, 603, 604, 605, 606, 607, 609, 616, 622, 623, 625, 626, 627, 628, 629, 630, 631, 632, 633, 635, 648, 649, 650, 651, 653, 654, 655, 656, 657, 658, 659, 661, 662, 663, 664, 666, 676, 684, 688, 698, 699, 700, 701, 702, 703, 704, 705, 706, 707, 708, 709, 710, 711, 712, 714, 715, 716, 717, 728, 733, 741, 743, 749, 750, 753, 756, 762, 763, 764, 765, 767, 768, 771, 773, 774, 823, 824, 892, 905, 909, 910, 911, 929, 1060, 1061, 1063, 1064, 1067, 1068, 1071, 1073, 1074, 1135, 1260, 1264, 1285, 1331, 1350, 1351, 1352, 1356, 1376, 1392, 1393, 1397, 1398, 1402, 1403, 1408, 1427, 1431, 1446, 1448, 1449, 1450, 1451, 1459, 1460], "excluded_lines": [1496, 1497, 1499, 1502, 1507, 1512, 1517, 1523, 1528, 1534, 1536, 1537, 1538, 1541, 1544, 1553, 1556, 1557, 1558, 1559, 1560, 1561, 1562, 1564, 1565, 1566, 1567, 1568, 1569], "start_line": 1}}}, "src/converters/anc_export.py": {"executed_lines": [16, 17, 18, 19, 20, 21, 22, 23, 29, 30, 32, 41, 44, 49, 57, 58, 62, 63, 65, 84, 87, 90, 91, 93, 96, 97, 106, 107, 109, 110, 113, 116, 119, 120, 123, 125, 126, 128, 132, 133, 137, 139, 141, 142, 143, 145, 146, 148, 150, 152, 153, 156, 157, 158, 159, 160, 161, 162, 163, 164, 165, 166, 171, 172, 173, 174, 175, 176, 180, 181, 182, 183, 184, 185, 187, 188, 191, 192, 193, 199, 200, 205, 206, 207, 208, 209, 210, 211, 214, 215, 216, 217, 218, 222, 223, 224, 225, 226, 227, 228, 229, 230, 232, 233, 236, 237, 244, 250, 251, 255, 256, 264, 265, 266, 267, 268, 269, 271, 272, 273, 274, 275, 276, 277, 278, 279, 281, 282, 292, 293, 294, 295, 296, 297, 298, 299, 300, 302, 305, 308, 313, 316, 321, 324, 326, 327, 328, 329, 335, 341, 348, 352, 353, 354, 355, 356, 364, 365, 366, 367, 368, 370, 371, 374, 376, 377, 378, 379, 380, 381, 382, 385, 386, 387, 389, 394, 395, 396, 397, 400, 401, 402, 404, 405, 406, 409, 410, 411, 412, 413, 414, 418, 419, 420, 421, 422, 423, 431, 432, 433, 434, 435, 436, 438, 439, 441, 442, 445, 452, 453, 455, 456, 458, 459, 463, 466, 467, 471, 472, 473, 475, 476, 477, 478, 479, 485, 487, 488, 489, 490, 491, 492, 493, 494, 495, 496, 498, 499, 500, 501, 502, 503, 504, 507, 509, 510, 511, 513, 514, 515, 516, 517, 518, 519, 520, 521, 522, 523, 524, 525, 526, 527, 529, 530, 531, 532, 534, 536, 538, 539, 540, 541, 544, 545, 548, 549, 550, 552, 557, 559, 586, 587, 588, 590, 592, 595, 602, 607, 608, 611, 646, 649, 650, 651, 654, 655, 656, 658, 660, 662, 681, 682, 683, 685, 687, 690, 693, 696, 701, 704, 705, 708, 709, 710, 712, 713, 714, 715, 718, 719, 720, 722, 723, 724, 725, 731, 732, 733, 734, 736, 737, 738, 739, 743, 744, 746, 747, 750, 761, 763, 764, 765, 766, 767, 768, 769, 772, 773, 774, 775, 777, 778, 780, 781, 782, 783, 784, 785, 786, 787, 788, 789, 791, 799, 800, 801, 802, 803, 806, 807, 816, 818, 819, 820, 821, 824, 830, 832, 833, 834, 836, 898, 900, 901, 912, 914, 918, 923, 924, 925, 926, 927, 930, 931, 932, 933, 934, 935, 936, 939, 940, 979, 981, 985, 993, 994, 996, 997, 998, 999, 1001, 1003, 1009, 1010, 1012, 1015, 1016, 1017, 1019, 1022], "summary": {"covered_lines": 420, "num_statements": 512, "percent_covered": 82.03125, "percent_covered_display": "82", "missing_lines": 92, "excluded_lines": 9, "percent_statements_covered": 82.03125, "percent_statements_covered_display": "82"}, "missing_lines": [33, 34, 35, 37, 38, 39, 100, 101, 102, 103, 108, 114, 189, 201, 219, 220, 330, 331, 332, 333, 357, 358, 359, 360, 362, 369, 372, 415, 416, 440, 443, 464, 483, 505, 506, 553, 554, 555, 603, 604, 605, 702, 716, 726, 727, 729, 745, 748, 762, 770, 792, 793, 794, 795, 797, 804, 808, 809, 810, 811, 812, 813, 826, 841, 860, 861, 862, 865, 866, 896, 1024, 1026, 1029, 1030, 1036, 1041, 1044, 1050, 1053, 1054, 1055, 1056, 1059, 1060, 1066, 1067, 1068, 1069, 1070, 1071, 1072, 1073], "excluded_lines": [26, 27, 130, 838, 916, 983, 1076, 1077, 1078], "functions": {"ANCExporter.__init__": {"executed_lines": [57, 58, 62, 63], "summary": {"covered_lines": 4, "num_statements": 4, "percent_covered": 100.0, "percent_covered_display": "100", "missing_lines": 0, "excluded_lines": 0, "percent_statements_covered": 100.0, "percent_statements_covered_display": "100"}, "missing_lines": [], "excluded_lines": [], "start_line": 49}, "ANCExporter.export": {"executed_lines": [84, 87, 90, 91, 93, 96, 97, 106, 107, 109, 110, 113, 116, 119, 120, 123, 125, 126], "summary": {"covered_lines": 18, "num_statements": 24, "percent_covered": 75.0, "percent_covered_display": "75", "missing_lines": 6, "excluded_lines": 0, "percent_statements_covered": 75.0, "percent_statements_covered_display": "75"}, "missing_lines": [100, 101, 102, 103, 108, 114], "excluded_lines": [], "start_line": 65}, "ANCExporter._copy_dataset_structure": {"executed_lines": [132, 133, 137, 139, 141, 142, 143, 145, 146], "summary": {"covered_lines": 9, "num_statements": 9, "percent_covered": 100.0, "percent_covered_display": "100", "missing_lines": 0, "excluded_lines": 1, "percent_statements_covered": 100.0, "percent_statements_covered_display": "100"}, "missing_lines": [], "excluded_lines": [130], "start_line": 128}, "ANCExporter._extract_metadata": {"executed_lines": [150, 152, 156, 157, 158, 159, 160, 161, 162, 163, 164, 165, 166, 171, 172, 173, 174, 175, 176, 180, 181, 182, 183, 184, 185, 187, 188, 191, 192, 193, 199, 200, 205, 206, 207, 208, 209, 210, 211, 214, 215, 216, 217, 218, 222, 223, 224, 225, 226, 227, 228, 229, 230, 232, 233, 236, 237, 244, 250, 251, 255, 256, 264, 265, 266, 267, 268, 269, 271, 272, 273, 274, 275, 276, 277, 278, 279, 281, 282, 292, 293, 294, 295, 296, 297, 298, 299, 300, 302, 305, 308, 313, 316, 321, 324, 326, 327, 328, 329, 335, 341, 348, 352, 353, 354, 355, 356, 364, 365, 366, 367, 368, 370, 371, 374, 376, 377, 378, 379, 380, 381, 382, 385, 386, 387, 389, 394, 395, 396, 397, 400, 401, 402, 404, 405, 406, 409, 410, 411, 412, 413, 414, 418, 419, 420, 421, 422, 423, 431, 432, 433, 434, 435, 436, 438, 439, 441, 442, 445, 452, 453, 455, 456, 458, 459, 463, 466, 467, 471, 472, 473, 475, 476, 477, 478, 479, 485], "summary": {"covered_lines": 177, "num_statements": 198, "percent_covered": 89.39393939393939, "percent_covered_display": "89", "missing_lines": 21, "excluded_lines": 0, "percent_statements_covered": 89.39393939393939, "percent_statements_covered_display": "89"}, "missing_lines": [189, 201, 219, 220, 330, 331, 332, 333, 357, 358, 359, 360, 362, 369, 372, 415, 416, 440, 443, 464, 483], "excluded_lines": [], "start_line": 148}, "ANCExporter._extract_metadata.yaml_safe_text": {"executed_lines": [153], "summary": {"covered_lines": 1, "num_statements": 1, "percent_covered": 100.0, "percent_covered_display": "100", "missing_lines": 0, "excluded_lines": 0, "percent_statements_covered": 100.0, "percent_statements_covered_display": "100"}, "missing_lines": [], "excluded_lines": [], "start_line": 152}, "ANCExporter._normalize_list": {"executed_lines": [489, 490, 491, 492, 493, 494, 495, 496], "summary": {"covered_lines": 8, "num_statements": 8, "percent_covered": 100.0, "percent_covered_display": "100", "missing_lines": 0, "excluded_lines": 0, "percent_statements_covered": 100.0, "percent_statements_covered_display": "100"}, "missing_lines": [], "excluded_lines": [], "start_line": 488}, "ANCExporter._is_url": {"executed_lines": [500, 501, 502, 503, 504, 507], "summary": {"covered_lines": 6, "num_statements": 8, "percent_covered": 75.0, "percent_covered_display": "75", "missing_lines": 2, "excluded_lines": 0, "percent_statements_covered": 75.0, "percent_statements_covered_display": "75"}, "missing_lines": [505, 506], "excluded_lines": [], "start_line": 499}, "ANCExporter._yaml_quote": {"executed_lines": [511], "summary": {"covered_lines": 1, "num_statements": 1, "percent_covered": 100.0, "percent_covered_display": "100", "missing_lines": 0, "excluded_lines": 0, "percent_statements_covered": 100.0, "percent_statements_covered_display": "100"}, "missing_lines": [], "excluded_lines": [], "start_line": 510}, "ANCExporter._flatten_reference_candidates": {"executed_lines": [514, 515, 516, 517, 518, 519, 520, 521, 522, 523, 524, 525, 526, 527, 529, 530, 531, 532], "summary": {"covered_lines": 18, "num_statements": 18, "percent_covered": 100.0, "percent_covered_display": "100", "missing_lines": 0, "excluded_lines": 0, "percent_statements_covered": 100.0, "percent_statements_covered_display": "100"}, "missing_lines": [], "excluded_lines": [], "start_line": 513}, "ANCExporter._generate_readme_from_project": {"executed_lines": [536, 538, 539, 540, 541, 544, 545, 548, 549, 550, 552], "summary": {"covered_lines": 11, "num_statements": 14, "percent_covered": 78.57142857142857, "percent_covered_display": "79", "missing_lines": 3, "excluded_lines": 0, "percent_statements_covered": 78.57142857142857, "percent_statements_covered_display": "79"}, "missing_lines": [553, 554, 555], "excluded_lines": [], "start_line": 534}, "ANCExporter._generate_bids_validator_config": {"executed_lines": [559, 586, 587, 588, 590], "summary": {"covered_lines": 5, "num_statements": 5, "percent_covered": 100.0, "percent_covered_display": "100", "missing_lines": 0, "excluded_lines": 0, "percent_statements_covered": 100.0, "percent_statements_covered_display": "100"}, "missing_lines": [], "excluded_lines": [], "start_line": 557}, "ANCExporter._generate_readme": {"executed_lines": [595, 602, 607, 608, 611, 646, 649, 650, 651, 654, 655, 656, 658], "summary": {"covered_lines": 13, "num_statements": 16, "percent_covered": 81.25, "percent_covered_display": "81", "missing_lines": 3, "excluded_lines": 0, "percent_statements_covered": 81.25, "percent_statements_covered_display": "81"}, "missing_lines": [603, 604, 605], "excluded_lines": [], "start_line": 592}, "ANCExporter._create_basic_readme": {"executed_lines": [662, 681, 682, 683], "summary": {"covered_lines": 4, "num_statements": 4, "percent_covered": 100.0, "percent_covered_display": "100", "missing_lines": 0, "excluded_lines": 0, "percent_statements_covered": 100.0, "percent_statements_covered_display": "100"}, "missing_lines": [], "excluded_lines": [], "start_line": 660}, "ANCExporter._generate_citation": {"executed_lines": [687, 690, 693, 696, 701, 704, 705, 708, 709, 710, 712, 713, 714, 715, 718, 719, 720, 722, 723, 724, 725, 731, 732, 733, 734, 736, 737, 738, 739, 743, 744, 746, 747, 750, 761, 763, 764, 765, 766, 767, 768, 769, 772, 773, 774, 775, 777, 778, 780, 781, 782, 783, 784, 785, 786, 787, 788, 789, 791, 799, 800, 801, 802, 803, 806, 807, 816, 818, 819, 820, 821, 824, 830, 832, 833, 834], "summary": {"covered_lines": 76, "num_statements": 98, "percent_covered": 77.55102040816327, "percent_covered_display": "78", "missing_lines": 22, "excluded_lines": 0, "percent_statements_covered": 77.55102040816327, "percent_statements_covered_display": "78"}, "missing_lines": [702, 716, 726, 727, 729, 745, 748, 762, 770, 792, 793, 794, 795, 797, 804, 808, 809, 810, 811, 812, 813, 826], "excluded_lines": [], "start_line": 685}, "ANCExporter._convert_to_git_lfs": {"executed_lines": [], "summary": {"covered_lines": 0, "num_statements": 7, "percent_covered": 0.0, "percent_covered_display": "0", "missing_lines": 7, "excluded_lines": 1, "percent_statements_covered": 0.0, "percent_statements_covered_display": "0"}, "missing_lines": [841, 860, 861, 862, 865, 866, 896], "excluded_lines": [838], "start_line": 836}, "ANCExporter._add_datalad_note": {"executed_lines": [900, 901, 912], "summary": {"covered_lines": 3, "num_statements": 3, "percent_covered": 100.0, "percent_covered_display": "100", "missing_lines": 0, "excluded_lines": 0, "percent_statements_covered": 100.0, "percent_statements_covered_display": "100"}, "missing_lines": [], "excluded_lines": [], "start_line": 898}, "ANCExporter._add_ci_examples": {"executed_lines": [918, 923, 924, 925, 926, 927, 930, 931, 932, 933, 934, 935, 936, 939, 940, 979], "summary": {"covered_lines": 16, "num_statements": 16, "percent_covered": 100.0, "percent_covered_display": "100", "missing_lines": 0, "excluded_lines": 1, "percent_statements_covered": 100.0, "percent_statements_covered_display": "100"}, "missing_lines": [], "excluded_lines": [916], "start_line": 914}, "ANCExporter._validate_anc_requirements": {"executed_lines": [985, 993, 994, 996, 997, 998, 999, 1001, 1003, 1009, 1010, 1012, 1015, 1016, 1017, 1019], "summary": {"covered_lines": 16, "num_statements": 16, "percent_covered": 100.0, "percent_covered_display": "100", "missing_lines": 0, "excluded_lines": 1, "percent_statements_covered": 100.0, "percent_statements_covered_display": "100"}, "missing_lines": [], "excluded_lines": [983], "start_line": 981}, "main": {"executed_lines": [], "summary": {"covered_lines": 0, "num_statements": 22, "percent_covered": 0.0, "percent_covered_display": "0", "missing_lines": 22, "excluded_lines": 0, "percent_statements_covered": 0.0, "percent_statements_covered_display": "0"}, "missing_lines": [1024, 1026, 1029, 1030, 1036, 1041, 1044, 1050, 1053, 1054, 1055, 1056, 1059, 1060, 1066, 1067, 1068, 1069, 1070, 1071, 1072, 1073], "excluded_lines": [], "start_line": 1022}, "": {"executed_lines": [16, 17, 18, 19, 20, 21, 22, 23, 29, 30, 32, 41, 44, 49, 65, 128, 148, 487, 488, 498, 499, 509, 510, 513, 534, 557, 592, 660, 685, 836, 898, 914, 981, 1022], "summary": {"covered_lines": 34, "num_statements": 40, "percent_covered": 85.0, "percent_covered_display": "85", "missing_lines": 6, "excluded_lines": 5, "percent_statements_covered": 85.0, "percent_statements_covered_display": "85"}, "missing_lines": [33, 34, 35, 37, 38, 39], "excluded_lines": [26, 27, 1076, 1077, 1078], "start_line": 1}}, "classes": {"ANCExporter": {"executed_lines": [57, 58, 62, 63, 84, 87, 90, 91, 93, 96, 97, 106, 107, 109, 110, 113, 116, 119, 120, 123, 125, 126, 132, 133, 137, 139, 141, 142, 143, 145, 146, 150, 152, 153, 156, 157, 158, 159, 160, 161, 162, 163, 164, 165, 166, 171, 172, 173, 174, 175, 176, 180, 181, 182, 183, 184, 185, 187, 188, 191, 192, 193, 199, 200, 205, 206, 207, 208, 209, 210, 211, 214, 215, 216, 217, 218, 222, 223, 224, 225, 226, 227, 228, 229, 230, 232, 233, 236, 237, 244, 250, 251, 255, 256, 264, 265, 266, 267, 268, 269, 271, 272, 273, 274, 275, 276, 277, 278, 279, 281, 282, 292, 293, 294, 295, 296, 297, 298, 299, 300, 302, 305, 308, 313, 316, 321, 324, 326, 327, 328, 329, 335, 341, 348, 352, 353, 354, 355, 356, 364, 365, 366, 367, 368, 370, 371, 374, 376, 377, 378, 379, 380, 381, 382, 385, 386, 387, 389, 394, 395, 396, 397, 400, 401, 402, 404, 405, 406, 409, 410, 411, 412, 413, 414, 418, 419, 420, 421, 422, 423, 431, 432, 433, 434, 435, 436, 438, 439, 441, 442, 445, 452, 453, 455, 456, 458, 459, 463, 466, 467, 471, 472, 473, 475, 476, 477, 478, 479, 485, 489, 490, 491, 492, 493, 494, 495, 496, 500, 501, 502, 503, 504, 507, 511, 514, 515, 516, 517, 518, 519, 520, 521, 522, 523, 524, 525, 526, 527, 529, 530, 531, 532, 536, 538, 539, 540, 541, 544, 545, 548, 549, 550, 552, 559, 586, 587, 588, 590, 595, 602, 607, 608, 611, 646, 649, 650, 651, 654, 655, 656, 658, 662, 681, 682, 683, 687, 690, 693, 696, 701, 704, 705, 708, 709, 710, 712, 713, 714, 715, 718, 719, 720, 722, 723, 724, 725, 731, 732, 733, 734, 736, 737, 738, 739, 743, 744, 746, 747, 750, 761, 763, 764, 765, 766, 767, 768, 769, 772, 773, 774, 775, 777, 778, 780, 781, 782, 783, 784, 785, 786, 787, 788, 789, 791, 799, 800, 801, 802, 803, 806, 807, 816, 818, 819, 820, 821, 824, 830, 832, 833, 834, 900, 901, 912, 918, 923, 924, 925, 926, 927, 930, 931, 932, 933, 934, 935, 936, 939, 940, 979, 985, 993, 994, 996, 997, 998, 999, 1001, 1003, 1009, 1010, 1012, 1015, 1016, 1017, 1019], "summary": {"covered_lines": 386, "num_statements": 450, "percent_covered": 85.77777777777777, "percent_covered_display": "86", "missing_lines": 64, "excluded_lines": 4, "percent_statements_covered": 85.77777777777777, "percent_statements_covered_display": "86"}, "missing_lines": [100, 101, 102, 103, 108, 114, 189, 201, 219, 220, 330, 331, 332, 333, 357, 358, 359, 360, 362, 369, 372, 415, 416, 440, 443, 464, 483, 505, 506, 553, 554, 555, 603, 604, 605, 702, 716, 726, 727, 729, 745, 748, 762, 770, 792, 793, 794, 795, 797, 804, 808, 809, 810, 811, 812, 813, 826, 841, 860, 861, 862, 865, 866, 896], "excluded_lines": [130, 838, 916, 983], "start_line": 44}, "": {"executed_lines": [16, 17, 18, 19, 20, 21, 22, 23, 29, 30, 32, 41, 44, 49, 65, 128, 148, 487, 488, 498, 499, 509, 510, 513, 534, 557, 592, 660, 685, 836, 898, 914, 981, 1022], "summary": {"covered_lines": 34, "num_statements": 62, "percent_covered": 54.83870967741935, "percent_covered_display": "55", "missing_lines": 28, "excluded_lines": 5, "percent_statements_covered": 54.83870967741935, "percent_statements_covered_display": "55"}, "missing_lines": [33, 34, 35, 37, 38, 39, 1024, 1026, 1029, 1030, 1036, 1041, 1044, 1050, 1053, 1054, 1055, 1056, 1059, 1060, 1066, 1067, 1068, 1069, 1070, 1071, 1072, 1073], "excluded_lines": [26, 27, 1076, 1077, 1078], "start_line": 1}}}, "src/converters/biometrics.py": {"executed_lines": [12, 14, 15, 16, 17, 20, 21, 22, 24, 35, 36, 37, 38, 39, 40, 43, 44, 47, 48, 49, 50, 51, 52, 55, 56, 57, 58, 59, 60, 61, 62, 63, 64, 65, 68, 69, 70, 71, 72, 73, 74, 75, 76, 79, 82, 83, 84, 85, 86, 87, 88, 89, 93, 96, 100, 101, 103, 104, 105, 106, 107, 108, 109, 110, 112, 113, 114, 115, 116, 118, 121, 128, 129, 131, 132, 134, 136, 137, 139, 140, 142, 145, 179, 180, 181, 183, 184, 186, 187, 189, 190, 191, 193, 195, 196, 197, 200, 201, 202, 207, 210, 211, 215, 218, 219, 220, 221, 223, 224, 225, 226, 228, 229, 230, 233, 234, 237, 238, 239, 241, 242, 248, 249, 255, 257, 258, 263, 264, 272, 276, 279, 280, 281, 284, 285, 286, 287, 288, 290, 291, 293, 298, 300, 301, 302, 303, 304, 305, 306, 307, 308, 309, 311, 312, 313, 318, 323, 324, 325, 326, 327, 329, 330, 332], "summary": {"covered_lines": 164, "num_statements": 169, "percent_covered": 97.0414201183432, "percent_covered_display": "97", "missing_lines": 5, "excluded_lines": 2, "percent_statements_covered": 97.0414201183432, "percent_statements_covered_display": "97"}, "missing_lines": [90, 92, 231, 315, 321], "excluded_lines": [259, 260], "functions": {"_norm_col": {"executed_lines": [44], "summary": {"covered_lines": 1, "num_statements": 1, "percent_covered": 100.0, "percent_covered_display": "100", "missing_lines": 0, "excluded_lines": 0, "percent_statements_covered": 100.0, "percent_statements_covered_display": "100"}, "missing_lines": [], "excluded_lines": [], "start_line": 43}, "_find_col": {"executed_lines": [48, 49, 50, 51, 52], "summary": {"covered_lines": 5, "num_statements": 5, "percent_covered": 100.0, "percent_covered_display": "100", "missing_lines": 0, "excluded_lines": 0, "percent_statements_covered": 100.0, "percent_statements_covered_display": "100"}, "missing_lines": [], "excluded_lines": [], "start_line": 47}, "_normalize_sub_id": {"executed_lines": [56, 57, 58, 59, 60, 61, 62, 63, 64, 65], "summary": {"covered_lines": 10, "num_statements": 10, "percent_covered": 100.0, "percent_covered_display": "100", "missing_lines": 0, "excluded_lines": 0, "percent_statements_covered": 100.0, "percent_statements_covered_display": "100"}, "missing_lines": [], "excluded_lines": [], "start_line": 55}, "_normalize_ses_id": {"executed_lines": [69, 70, 71, 72, 73, 74, 75, 76], "summary": {"covered_lines": 8, "num_statements": 8, "percent_covered": 100.0, "percent_covered_display": "100", "missing_lines": 0, "excluded_lines": 0, "percent_statements_covered": 100.0, "percent_statements_covered_display": "100"}, "missing_lines": [], "excluded_lines": [], "start_line": 68}, "_read_table_as_dataframe": {"executed_lines": [82, 83, 84, 85, 86, 87, 88, 89, 93], "summary": {"covered_lines": 9, "num_statements": 11, "percent_covered": 81.81818181818181, "percent_covered_display": "82", "missing_lines": 2, "excluded_lines": 0, "percent_statements_covered": 81.81818181818181, "percent_statements_covered_display": "82"}, "missing_lines": [90, 92], "excluded_lines": [], "start_line": 79}, "_load_biometrics_library": {"executed_lines": [100, 101, 103, 104, 105, 106, 107, 108, 109, 110, 112, 113, 114, 115, 116, 118], "summary": {"covered_lines": 16, "num_statements": 16, "percent_covered": 100.0, "percent_covered_display": "100", "missing_lines": 0, "excluded_lines": 0, "percent_statements_covered": 100.0, "percent_statements_covered_display": "100"}, "missing_lines": [], "excluded_lines": [], "start_line": 96}, "detect_biometrics_in_table": {"executed_lines": [128, 129, 131, 132, 134, 136, 137, 139, 140, 142], "summary": {"covered_lines": 10, "num_statements": 10, "percent_covered": 100.0, "percent_covered_display": "100", "missing_lines": 0, "excluded_lines": 0, "percent_statements_covered": 100.0, "percent_statements_covered_display": "100"}, "missing_lines": [], "excluded_lines": [], "start_line": 121}, "convert_biometrics_table_to_prism_dataset": {"executed_lines": [179, 180, 181, 183, 184, 186, 187, 189, 190, 191, 193, 195, 196, 197, 200, 201, 202, 207, 210, 211, 215, 218, 219, 220, 221, 223, 224, 225, 226, 228, 229, 230, 233, 234, 237, 238, 239, 241, 242, 248, 249, 255, 257, 258, 263, 264, 272, 276, 279, 280, 281, 284, 285, 286, 287, 288, 290, 291, 293, 298, 300, 301, 302, 303, 304, 305, 306, 307, 308, 309, 311, 312, 313, 318, 323, 324, 325, 326, 327, 329, 330, 332], "summary": {"covered_lines": 82, "num_statements": 85, "percent_covered": 96.47058823529412, "percent_covered_display": "96", "missing_lines": 3, "excluded_lines": 2, "percent_statements_covered": 96.47058823529412, "percent_statements_covered_display": "96"}, "missing_lines": [231, 315, 321], "excluded_lines": [259, 260], "start_line": 145}, "": {"executed_lines": [12, 14, 15, 16, 17, 20, 21, 22, 24, 35, 36, 37, 38, 39, 40, 43, 47, 55, 68, 79, 96, 121, 145], "summary": {"covered_lines": 23, "num_statements": 23, "percent_covered": 100.0, "percent_covered_display": "100", "missing_lines": 0, "excluded_lines": 0, "percent_statements_covered": 100.0, "percent_statements_covered_display": "100"}, "missing_lines": [], "excluded_lines": [], "start_line": 1}}, "classes": {"BiometricsConvertResult": {"executed_lines": [], "summary": {"covered_lines": 0, "num_statements": 0, "percent_covered": 100.0, "percent_covered_display": "100", "missing_lines": 0, "excluded_lines": 0, "percent_statements_covered": 100.0, "percent_statements_covered_display": "100"}, "missing_lines": [], "excluded_lines": [], "start_line": 36}, "": {"executed_lines": [12, 14, 15, 16, 17, 20, 21, 22, 24, 35, 36, 37, 38, 39, 40, 43, 44, 47, 48, 49, 50, 51, 52, 55, 56, 57, 58, 59, 60, 61, 62, 63, 64, 65, 68, 69, 70, 71, 72, 73, 74, 75, 76, 79, 82, 83, 84, 85, 86, 87, 88, 89, 93, 96, 100, 101, 103, 104, 105, 106, 107, 108, 109, 110, 112, 113, 114, 115, 116, 118, 121, 128, 129, 131, 132, 134, 136, 137, 139, 140, 142, 145, 179, 180, 181, 183, 184, 186, 187, 189, 190, 191, 193, 195, 196, 197, 200, 201, 202, 207, 210, 211, 215, 218, 219, 220, 221, 223, 224, 225, 226, 228, 229, 230, 233, 234, 237, 238, 239, 241, 242, 248, 249, 255, 257, 258, 263, 264, 272, 276, 279, 280, 281, 284, 285, 286, 287, 288, 290, 291, 293, 298, 300, 301, 302, 303, 304, 305, 306, 307, 308, 309, 311, 312, 313, 318, 323, 324, 325, 326, 327, 329, 330, 332], "summary": {"covered_lines": 164, "num_statements": 169, "percent_covered": 97.0414201183432, "percent_covered_display": "97", "missing_lines": 5, "excluded_lines": 2, "percent_statements_covered": 97.0414201183432, "percent_statements_covered_display": "97"}, "missing_lines": [90, 92, 231, 315, 321], "excluded_lines": [259, 260], "start_line": 1}}}, "src/converters/csv.py": {"executed_lines": [8, 10, 11, 12, 13, 16, 17, 18, 19, 21, 29, 30, 31, 32, 33, 34, 36, 37, 38, 40, 41, 42, 43, 46, 49, 53, 54, 55, 56, 58], "summary": {"covered_lines": 30, "num_statements": 37, "percent_covered": 81.08108108108108, "percent_covered_display": "81", "missing_lines": 7, "excluded_lines": 0, "percent_statements_covered": 81.08108108108108, "percent_statements_covered_display": "81"}, "missing_lines": [20, 23, 24, 25, 26, 39, 50], "excluded_lines": [], "functions": {"_ensure_package": {"executed_lines": [17, 18, 19, 21], "summary": {"covered_lines": 4, "num_statements": 9, "percent_covered": 44.44444444444444, "percent_covered_display": "44", "missing_lines": 5, "excluded_lines": 0, "percent_statements_covered": 44.44444444444444, "percent_statements_covered_display": "44"}, "missing_lines": [20, 23, 24, 25, 26], "excluded_lines": [], "start_line": 16}, "_load_impl_module": {"executed_lines": [30, 31, 32, 33, 34, 36, 37, 38, 40, 41, 42, 43], "summary": {"covered_lines": 12, "num_statements": 13, "percent_covered": 92.3076923076923, "percent_covered_display": "92", "missing_lines": 1, "excluded_lines": 0, "percent_statements_covered": 92.3076923076923, "percent_statements_covered_display": "92"}, "missing_lines": [39], "excluded_lines": [], "start_line": 29}, "process_dataframe": {"executed_lines": [], "summary": {"covered_lines": 0, "num_statements": 1, "percent_covered": 0.0, "percent_covered_display": "0", "missing_lines": 1, "excluded_lines": 0, "percent_statements_covered": 0.0, "percent_statements_covered_display": "0"}, "missing_lines": [50], "excluded_lines": [], "start_line": 49}, "": {"executed_lines": [8, 10, 11, 12, 13, 16, 29, 46, 49, 53, 54, 55, 56, 58], "summary": {"covered_lines": 14, "num_statements": 14, "percent_covered": 100.0, "percent_covered_display": "100", "missing_lines": 0, "excluded_lines": 0, "percent_statements_covered": 100.0, "percent_statements_covered_display": "100"}, "missing_lines": [], "excluded_lines": [], "start_line": 1}}, "classes": {"": {"executed_lines": [8, 10, 11, 12, 13, 16, 17, 18, 19, 21, 29, 30, 31, 32, 33, 34, 36, 37, 38, 40, 41, 42, 43, 46, 49, 53, 54, 55, 56, 58], "summary": {"covered_lines": 30, "num_statements": 37, "percent_covered": 81.08108108108108, "percent_covered_display": "81", "missing_lines": 7, "excluded_lines": 0, "percent_statements_covered": 81.08108108108108, "percent_statements_covered_display": "81"}, "missing_lines": [20, 23, 24, 25, 26, 39, 50], "excluded_lines": [], "start_line": 1}}}, "src/converters/file_reader.py": {"executed_lines": [23, 25, 26, 27, 28, 29, 30, 37, 38, 41, 42, 43, 44, 51, 58, 60, 61, 62, 63, 64, 65, 70, 72, 73, 74, 75, 76, 81, 83, 84, 85, 86, 87, 88, 93, 103, 105, 106, 107, 108, 109, 110, 113, 115, 123, 158, 159, 165, 168, 169, 170, 172, 177, 178, 179, 180, 182, 183, 189, 190, 192, 201, 203, 204, 206, 207, 208, 209, 210, 211, 215, 217, 219, 220, 222, 223, 225, 226, 227, 229, 230, 231, 232, 233, 237, 238, 244, 245, 246, 247, 248, 252, 253, 254, 255, 256, 261, 262, 263, 268, 280], "summary": {"covered_lines": 101, "num_statements": 116, "percent_covered": 87.06896551724138, "percent_covered_display": "87", "missing_lines": 15, "excluded_lines": 2, "percent_statements_covered": 87.06896551724138, "percent_statements_covered_display": "87"}, "missing_lines": [66, 67, 78, 184, 185, 186, 187, 228, 257, 258, 264, 269, 270, 274, 275], "excluded_lines": [160, 161], "functions": {"_try_read_bytes": {"executed_lines": [60, 61, 62, 63, 64, 65], "summary": {"covered_lines": 6, "num_statements": 8, "percent_covered": 75.0, "percent_covered_display": "75", "missing_lines": 2, "excluded_lines": 0, "percent_statements_covered": 75.0, "percent_statements_covered_display": "75"}, "missing_lines": [66, 67], "excluded_lines": [], "start_line": 58}, "_decode_bytes": {"executed_lines": [72, 73, 74, 75, 76], "summary": {"covered_lines": 5, "num_statements": 6, "percent_covered": 83.33333333333333, "percent_covered_display": "83", "missing_lines": 1, "excluded_lines": 0, "percent_statements_covered": 83.33333333333333, "percent_statements_covered_display": "83"}, "missing_lines": [78], "excluded_lines": [], "start_line": 70}, "_rewrite_tokenization_error": {"executed_lines": [83, 84, 85, 86, 87, 88, 93], "summary": {"covered_lines": 7, "num_statements": 7, "percent_covered": 100.0, "percent_covered_display": "100", "missing_lines": 0, "excluded_lines": 0, "percent_statements_covered": 100.0, "percent_statements_covered_display": "100"}, "missing_lines": [], "excluded_lines": [], "start_line": 81}, "_sniff_delimiter": {"executed_lines": [105, 106, 107, 108, 109, 110], "summary": {"covered_lines": 6, "num_statements": 6, "percent_covered": 100.0, "percent_covered_display": "100", "missing_lines": 0, "excluded_lines": 0, "percent_statements_covered": 100.0, "percent_statements_covered_display": "100"}, "missing_lines": [], "excluded_lines": [], "start_line": 103}, "_strip_columns": {"executed_lines": [115], "summary": {"covered_lines": 1, "num_statements": 1, "percent_covered": 100.0, "percent_covered_display": "100", "missing_lines": 0, "excluded_lines": 0, "percent_statements_covered": 100.0, "percent_statements_covered_display": "100"}, "missing_lines": [], "excluded_lines": [], "start_line": 113}, "read_tabular_file": {"executed_lines": [158, 159, 165, 168, 169, 170, 172, 177, 178, 179, 180, 182, 183, 189, 190, 192, 201, 203, 204, 206, 207, 208, 209, 210, 211, 215, 217, 219, 220, 222, 225, 226, 227, 229, 230, 231, 232, 233, 237, 238, 244, 245, 246, 247, 248, 252, 253, 254, 255, 256, 261, 262, 263, 268, 280], "summary": {"covered_lines": 55, "num_statements": 67, "percent_covered": 82.08955223880596, "percent_covered_display": "82", "missing_lines": 12, "excluded_lines": 2, "percent_statements_covered": 82.08955223880596, "percent_statements_covered_display": "82"}, "missing_lines": [184, 185, 186, 187, 228, 257, 258, 264, 269, 270, 274, 275], "excluded_lines": [160, 161], "start_line": 123}, "read_tabular_file._do_read": {"executed_lines": [223], "summary": {"covered_lines": 1, "num_statements": 1, "percent_covered": 100.0, "percent_covered_display": "100", "missing_lines": 0, "excluded_lines": 0, "percent_statements_covered": 100.0, "percent_statements_covered_display": "100"}, "missing_lines": [], "excluded_lines": [], "start_line": 222}, "": {"executed_lines": [23, 25, 26, 27, 28, 29, 30, 37, 38, 41, 42, 43, 44, 51, 58, 70, 81, 103, 113, 123], "summary": {"covered_lines": 20, "num_statements": 20, "percent_covered": 100.0, "percent_covered_display": "100", "missing_lines": 0, "excluded_lines": 0, "percent_statements_covered": 100.0, "percent_statements_covered_display": "100"}, "missing_lines": [], "excluded_lines": [], "start_line": 1}}, "classes": {"ReadResult": {"executed_lines": [], "summary": {"covered_lines": 0, "num_statements": 0, "percent_covered": 100.0, "percent_covered_display": "100", "missing_lines": 0, "excluded_lines": 0, "percent_statements_covered": 100.0, "percent_statements_covered_display": "100"}, "missing_lines": [], "excluded_lines": [], "start_line": 38}, "": {"executed_lines": [23, 25, 26, 27, 28, 29, 30, 37, 38, 41, 42, 43, 44, 51, 58, 60, 61, 62, 63, 64, 65, 70, 72, 73, 74, 75, 76, 81, 83, 84, 85, 86, 87, 88, 93, 103, 105, 106, 107, 108, 109, 110, 113, 115, 123, 158, 159, 165, 168, 169, 170, 172, 177, 178, 179, 180, 182, 183, 189, 190, 192, 201, 203, 204, 206, 207, 208, 209, 210, 211, 215, 217, 219, 220, 222, 223, 225, 226, 227, 229, 230, 231, 232, 233, 237, 238, 244, 245, 246, 247, 248, 252, 253, 254, 255, 256, 261, 262, 263, 268, 280], "summary": {"covered_lines": 101, "num_statements": 116, "percent_covered": 87.06896551724138, "percent_covered_display": "87", "missing_lines": 15, "excluded_lines": 2, "percent_statements_covered": 87.06896551724138, "percent_statements_covered_display": "87"}, "missing_lines": [66, 67, 78, 184, 185, 186, 187, 228, 257, 258, 264, 269, 270, 274, 275], "excluded_lines": [160, 161], "start_line": 1}}}, "src/converters/item_registry.py": {"executed_lines": [9, 11, 12, 13, 16, 18, 19, 22, 36, 39, 50, 51, 52, 53, 56, 65, 68, 70, 71, 83, 86, 87, 90, 91, 93, 95, 102, 104, 105, 107, 108, 109, 110, 112, 113, 118, 119, 120, 121, 122, 125, 126, 127, 134, 135, 141, 142, 143, 150, 170, 172, 173, 174, 175, 178, 181, 182, 187, 188, 189, 190, 197, 199, 205, 206, 207, 208, 214, 216, 222, 227, 240, 246, 256, 257, 258, 259, 261, 262, 264, 265, 272, 273, 274, 276, 281, 283, 285, 287, 296, 302, 317, 318, 319, 322, 324, 325, 328, 329, 331, 332, 335, 337, 341, 344, 345, 347, 349, 353, 355, 356, 359, 361, 377, 378, 380, 381, 385, 386, 390, 391, 394], "summary": {"covered_lines": 122, "num_statements": 128, "percent_covered": 95.3125, "percent_covered_display": "95", "missing_lines": 6, "excluded_lines": 1, "percent_statements_covered": 95.3125, "percent_statements_covered_display": "95"}, "missing_lines": [224, 225, 266, 321, 350, 392], "excluded_lines": [57], "functions": {"_read_json": {"executed_lines": [18, 19], "summary": {"covered_lines": 2, "num_statements": 2, "percent_covered": 100.0, "percent_covered_display": "100", "missing_lines": 0, "excluded_lines": 0, "percent_statements_covered": 100.0, "percent_statements_covered_display": "100"}, "missing_lines": [], "excluded_lines": [], "start_line": 16}, "ItemCollisionError.__init__": {"executed_lines": [50, 51, 52, 53], "summary": {"covered_lines": 4, "num_statements": 4, "percent_covered": 100.0, "percent_covered_display": "100", "missing_lines": 0, "excluded_lines": 0, "percent_statements_covered": 100.0, "percent_statements_covered_display": "100"}, "missing_lines": [], "excluded_lines": [], "start_line": 39}, "ItemRegistry.__init__": {"executed_lines": [68], "summary": {"covered_lines": 1, "num_statements": 1, "percent_covered": 100.0, "percent_covered_display": "100", "missing_lines": 0, "excluded_lines": 0, "percent_statements_covered": 100.0, "percent_statements_covered_display": "100"}, "missing_lines": [], "excluded_lines": [], "start_line": 65}, "ItemRegistry.from_libraries": {"executed_lines": [83, 86, 87, 90, 91, 93], "summary": {"covered_lines": 6, "num_statements": 6, "percent_covered": 100.0, "percent_covered_display": "100", "missing_lines": 0, "excluded_lines": 0, "percent_statements_covered": 100.0, "percent_statements_covered_display": "100"}, "missing_lines": [], "excluded_lines": [], "start_line": 71}, "ItemRegistry._load_library": {"executed_lines": [102, 104, 105, 107, 108, 109, 110, 112, 113, 118, 119, 120, 121, 122, 125, 126, 127, 134, 135, 141, 142, 143], "summary": {"covered_lines": 22, "num_statements": 22, "percent_covered": 100.0, "percent_covered_display": "100", "missing_lines": 0, "excluded_lines": 0, "percent_statements_covered": 100.0, "percent_statements_covered_display": "100"}, "missing_lines": [], "excluded_lines": [], "start_line": 95}, "ItemRegistry.register_item": {"executed_lines": [170, 172, 173, 174, 175, 178, 181, 182, 187, 188, 189, 190, 197, 199, 205, 206, 207, 208, 214, 216, 222, 227, 240], "summary": {"covered_lines": 23, "num_statements": 25, "percent_covered": 92.0, "percent_covered_display": "92", "missing_lines": 2, "excluded_lines": 0, "percent_statements_covered": 92.0, "percent_statements_covered_display": "92"}, "missing_lines": [224, 225], "excluded_lines": [], "start_line": 150}, "ItemRegistry.check_batch": {"executed_lines": [256, 257, 258, 259, 261, 262, 264, 265, 272, 273, 274, 276, 281], "summary": {"covered_lines": 13, "num_statements": 14, "percent_covered": 92.85714285714286, "percent_covered_display": "93", "missing_lines": 1, "excluded_lines": 0, "percent_statements_covered": 92.85714285714286, "percent_statements_covered_display": "93"}, "missing_lines": [266], "excluded_lines": [], "start_line": 246}, "ItemRegistry.get_item_count": {"executed_lines": [285], "summary": {"covered_lines": 1, "num_statements": 1, "percent_covered": 100.0, "percent_covered_display": "100", "missing_lines": 0, "excluded_lines": 0, "percent_statements_covered": 100.0, "percent_statements_covered_display": "100"}, "missing_lines": [], "excluded_lines": [], "start_line": 283}, "ItemRegistry.get_items_by_template": {"executed_lines": [296], "summary": {"covered_lines": 1, "num_statements": 1, "percent_covered": 100.0, "percent_covered_display": "100", "missing_lines": 0, "excluded_lines": 0, "percent_statements_covered": 100.0, "percent_statements_covered_display": "100"}, "missing_lines": [], "excluded_lines": [], "start_line": 287}, "ItemRegistry.check_version_compatibility": {"executed_lines": [317, 324, 325, 328, 329, 331, 332, 335, 337, 341, 344, 345, 347, 349, 353, 355, 356, 359], "summary": {"covered_lines": 18, "num_statements": 19, "percent_covered": 94.73684210526316, "percent_covered_display": "95", "missing_lines": 1, "excluded_lines": 0, "percent_statements_covered": 94.73684210526316, "percent_statements_covered_display": "95"}, "missing_lines": [350], "excluded_lines": [], "start_line": 302}, "ItemRegistry.check_version_compatibility.get_desc": {"executed_lines": [318, 319, 322], "summary": {"covered_lines": 3, "num_statements": 4, "percent_covered": 75.0, "percent_covered_display": "75", "missing_lines": 1, "excluded_lines": 0, "percent_statements_covered": 75.0, "percent_statements_covered_display": "75"}, "missing_lines": [321], "excluded_lines": [], "start_line": 317}, "ItemRegistry.is_version_candidate": {"executed_lines": [377, 380, 381, 385, 386, 390, 391, 394], "summary": {"covered_lines": 8, "num_statements": 9, "percent_covered": 88.88888888888889, "percent_covered_display": "89", "missing_lines": 1, "excluded_lines": 0, "percent_statements_covered": 88.88888888888889, "percent_statements_covered_display": "89"}, "missing_lines": [392], "excluded_lines": [], "start_line": 361}, "ItemRegistry.is_version_candidate.extract_task": {"executed_lines": [378], "summary": {"covered_lines": 1, "num_statements": 1, "percent_covered": 100.0, "percent_covered_display": "100", "missing_lines": 0, "excluded_lines": 0, "percent_statements_covered": 100.0, "percent_statements_covered_display": "100"}, "missing_lines": [], "excluded_lines": [], "start_line": 377}, "": {"executed_lines": [9, 11, 12, 13, 16, 22, 36, 39, 56, 65, 70, 71, 95, 150, 246, 283, 287, 302, 361], "summary": {"covered_lines": 19, "num_statements": 19, "percent_covered": 100.0, "percent_covered_display": "100", "missing_lines": 0, "excluded_lines": 1, "percent_statements_covered": 100.0, "percent_statements_covered_display": "100"}, "missing_lines": [], "excluded_lines": [57], "start_line": 1}}, "classes": {"ItemCollisionError": {"executed_lines": [50, 51, 52, 53], "summary": {"covered_lines": 4, "num_statements": 4, "percent_covered": 100.0, "percent_covered_display": "100", "missing_lines": 0, "excluded_lines": 0, "percent_statements_covered": 100.0, "percent_statements_covered_display": "100"}, "missing_lines": [], "excluded_lines": [], "start_line": 36}, "ItemRegistry": {"executed_lines": [68, 83, 86, 87, 90, 91, 93, 102, 104, 105, 107, 108, 109, 110, 112, 113, 118, 119, 120, 121, 122, 125, 126, 127, 134, 135, 141, 142, 143, 170, 172, 173, 174, 175, 178, 181, 182, 187, 188, 189, 190, 197, 199, 205, 206, 207, 208, 214, 216, 222, 227, 240, 256, 257, 258, 259, 261, 262, 264, 265, 272, 273, 274, 276, 281, 285, 296, 317, 318, 319, 322, 324, 325, 328, 329, 331, 332, 335, 337, 341, 344, 345, 347, 349, 353, 355, 356, 359, 377, 378, 380, 381, 385, 386, 390, 391, 394], "summary": {"covered_lines": 97, "num_statements": 103, "percent_covered": 94.1747572815534, "percent_covered_display": "94", "missing_lines": 6, "excluded_lines": 0, "percent_statements_covered": 94.1747572815534, "percent_statements_covered_display": "94"}, "missing_lines": [224, 225, 266, 321, 350, 392], "excluded_lines": [], "start_line": 56}, "": {"executed_lines": [9, 11, 12, 13, 16, 18, 19, 22, 36, 39, 56, 65, 70, 71, 95, 150, 246, 283, 287, 302, 361], "summary": {"covered_lines": 21, "num_statements": 21, "percent_covered": 100.0, "percent_covered_display": "100", "missing_lines": 0, "excluded_lines": 1, "percent_statements_covered": 100.0, "percent_statements_covered_display": "100"}, "missing_lines": [], "excluded_lines": [57], "start_line": 1}}}, "src/converters/limesurvey.py": {"executed_lines": [1, 2, 3, 4, 5, 6, 7, 8, 9, 10, 11, 14, 15, 18, 29, 30, 35, 36, 40, 46, 47, 48, 49, 50, 72, 73, 74, 80, 81, 87, 127, 129, 132, 133, 134, 135, 136, 137, 138, 139, 140, 143, 191, 230, 232, 233, 234, 236, 237, 238, 239, 242, 244, 245, 247, 250, 252, 254, 257, 259, 274, 275, 276, 277, 278, 279, 280, 281, 282, 283, 284, 285, 286, 289, 290, 291, 292, 293, 294, 295, 296, 297, 299, 300, 301, 302, 305, 306, 307, 308, 309, 311, 314, 324, 326, 328, 334, 335, 336, 337, 338, 339, 344, 345, 346, 347, 348, 353, 354, 355, 356, 357, 359, 362, 363, 364, 365, 366, 367, 368, 369, 370, 371, 372, 375, 376, 377, 378, 380, 381, 382, 383, 386, 388, 401, 402, 403, 404, 405, 406, 407, 408, 409, 410, 411, 414, 417, 418, 422, 423, 428, 430, 439, 440, 441, 444, 445, 448, 449, 450, 451, 452, 453, 454, 455, 456, 458, 459, 462, 463, 465, 468, 469, 470, 473, 476, 477, 478, 479, 480, 481, 482, 483, 484, 485, 486, 487, 488, 489, 490, 491, 492, 495, 496, 497, 498, 500, 501, 506, 507, 509, 528, 535, 538, 554, 555, 556, 557, 558, 561, 562, 563, 564, 567, 569, 572, 573, 575, 576, 577, 581, 582, 583, 585, 586, 590, 599, 600, 601, 602, 603, 604, 605, 606, 608, 609, 612, 613, 616, 617, 620, 628, 629, 630, 633, 635, 647, 648, 651, 652, 653, 654, 659, 660, 662, 664, 665, 668, 669, 672, 673, 676, 677, 680, 681, 684, 686, 689, 690, 693, 694, 695, 696, 712, 715, 804, 808, 834, 836, 838, 840, 843, 844, 847, 853, 854, 855, 856, 857, 859, 860, 861, 862, 865, 867, 870, 871, 872, 873, 874, 876, 877, 878, 879, 880, 881, 882, 883, 885, 886, 887, 888, 889, 890, 893, 894, 895, 896, 897, 898, 901, 907, 908, 909, 913, 916, 917, 918, 921, 924, 925, 926, 927, 939, 940, 943, 944, 945, 946, 950, 951, 952, 954, 955, 958, 959, 962, 963, 966, 967, 970, 971, 974, 975, 980, 981, 983, 985, 988, 994, 1022, 1023, 1024, 1026, 1029, 1030, 1032, 1035, 1044, 1045, 1046, 1047, 1048, 1050, 1051, 1052, 1053, 1056, 1058, 1061, 1062, 1063, 1064, 1065, 1066, 1067, 1068, 1069, 1072, 1075, 1077, 1079, 1080, 1081, 1082, 1084, 1085, 1088, 1090, 1092, 1095, 1096, 1099, 1100, 1101, 1104, 1117, 1119, 1120, 1121, 1124, 1125, 1126, 1127, 1131, 1132, 1133, 1135, 1136, 1139, 1140, 1142, 1143, 1145, 1146, 1148, 1149, 1151, 1152, 1155, 1156, 1159, 1189, 1191, 1195, 1196, 1199, 1212, 1215, 1217, 1218, 1219, 1221, 1223, 1224, 1225, 1235, 1236, 1237, 1238, 1239, 1240, 1242, 1243, 1245, 1246, 1248, 1249, 1254, 1257, 1530, 1535, 1536, 1538, 1539, 1540, 1541, 1543, 1544, 1545, 1548, 1556, 1565, 1566, 1567, 1568, 1570, 1571, 1574, 1580, 1586], "summary": {"covered_lines": 481, "num_statements": 811, "percent_covered": 59.3094944512947, "percent_covered_display": "59", "missing_lines": 330, "excluded_lines": 16, "percent_statements_covered": 59.3094944512947, "percent_statements_covered_display": "59"}, "missing_lines": [19, 20, 22, 23, 24, 25, 51, 52, 53, 54, 58, 64, 65, 66, 67, 68, 69, 70, 75, 76, 77, 78, 82, 83, 84, 145, 146, 147, 149, 152, 153, 154, 155, 157, 160, 164, 165, 166, 167, 169, 170, 173, 174, 175, 176, 177, 178, 179, 180, 181, 183, 185, 186, 188, 193, 194, 196, 197, 198, 199, 200, 202, 203, 205, 206, 207, 208, 210, 211, 212, 213, 215, 216, 217, 218, 220, 221, 222, 223, 224, 225, 226, 227, 415, 419, 420, 424, 425, 471, 502, 503, 529, 530, 531, 533, 593, 594, 595, 663, 702, 703, 704, 705, 707, 709, 710, 721, 722, 723, 724, 725, 729, 731, 732, 735, 736, 737, 742, 743, 744, 745, 747, 748, 753, 754, 755, 756, 758, 759, 763, 764, 765, 768, 769, 772, 773, 775, 778, 779, 782, 783, 785, 788, 795, 798, 799, 801, 835, 837, 839, 841, 910, 953, 1025, 1027, 1073, 1078, 1093, 1134, 1190, 1192, 1226, 1227, 1228, 1229, 1231, 1233, 1234, 1250, 1251, 1252, 1269, 1270, 1271, 1273, 1274, 1275, 1276, 1277, 1278, 1279, 1280, 1282, 1283, 1285, 1286, 1289, 1290, 1291, 1295, 1296, 1298, 1299, 1302, 1303, 1304, 1305, 1306, 1307, 1308, 1309, 1310, 1312, 1313, 1316, 1318, 1321, 1324, 1325, 1326, 1328, 1330, 1336, 1338, 1339, 1343, 1344, 1345, 1346, 1349, 1351, 1354, 1355, 1356, 1359, 1360, 1362, 1363, 1366, 1367, 1369, 1372, 1373, 1374, 1375, 1376, 1378, 1379, 1380, 1381, 1386, 1387, 1391, 1394, 1395, 1396, 1399, 1400, 1402, 1405, 1406, 1408, 1410, 1411, 1412, 1413, 1417, 1431, 1433, 1434, 1437, 1442, 1450, 1452, 1454, 1455, 1456, 1460, 1461, 1462, 1463, 1464, 1466, 1467, 1469, 1470, 1472, 1474, 1475, 1476, 1477, 1478, 1479, 1480, 1483, 1484, 1485, 1486, 1487, 1489, 1490, 1494, 1495, 1499, 1500, 1506, 1510, 1511, 1514, 1517, 1521, 1581, 1582, 1583, 1596, 1597, 1599, 1600, 1601, 1603, 1604, 1605, 1606, 1608, 1610, 1611, 1612, 1613, 1614, 1615, 1616, 1617, 1620, 1621, 1623, 1624, 1625, 1626, 1630, 1631], "excluded_lines": [31, 32, 33, 323, 598, 716, 848, 1036, 1232, 1329, 1642, 1643, 1646, 1647, 1649, 1651], "functions": {"_utc_creation_date": {"executed_lines": [15], "summary": {"covered_lines": 1, "num_statements": 1, "percent_covered": 100.0, "percent_covered_display": "100", "missing_lines": 0, "excluded_lines": 0, "percent_statements_covered": 100.0, "percent_statements_covered_display": "100"}, "missing_lines": [], "excluded_lines": [], "start_line": 14}, "_bootstrap_import_path": {"ex
[...]
_lines": [1594, 1596, 1597, 1598, 1600, 1601, 1602, 1603, 1605, 1606, 1608, 1610, 1612, 1613, 1616, 1622, 1625, 1628, 1629, 1630, 1631, 1632, 1633, 1634, 1635, 1637, 1640, 1642, 1643, 1648, 1650, 1651, 1652, 1655, 1656, 1657, 1658, 1666, 1668, 1695, 1709, 1710, 1717, 1719, 1720, 1721, 1723, 1724, 1725, 1726, 1733, 1739, 1745, 1798, 1799, 1800, 1801, 1803, 1806, 1807, 1808, 1809, 1810, 1811, 1812, 1815, 1816, 1817, 1818, 1820, 1821, 1833, 1839, 1853], "summary": {"covered_lines": 74, "num_statements": 141, "percent_covered": 52.4822695035461, "percent_covered_display": "52", "missing_lines": 67, "excluded_lines": 0, "percent_statements_covered": 52.4822695035461, "percent_statements_covered_display": "52"}, "missing_lines": [1604, 1607, 1609, 1614, 1626, 1638, 1663, 1664, 1669, 1670, 1671, 1672, 1673, 1674, 1675, 1678, 1683, 1685, 1686, 1693, 1701, 1702, 1705, 1706, 1746, 1747, 1748, 1749, 1751, 1752, 1753, 1754, 1764, 1765, 1766, 1767, 1768, 1769, 1770, 1771, 1772, 1773, 1774, 1777, 1778, 1786, 1789, 1790, 1793, 1796, 1797, 1822, 1823, 1824, 1825, 1826, 1827, 1828, 1829, 1830, 1831, 1846, 1848, 1849, 1850, 1851, 1852], "excluded_lines": [], "start_line": 1577}, "_export_recipe_legacy": {"executed_lines": [], "summary": {"covered_lines": 0, "num_statements": 49, "percent_covered": 0.0, "percent_covered_display": "0", "missing_lines": 49, "excluded_lines": 0, "percent_statements_covered": 0.0, "percent_statements_covered_display": "0"}, "missing_lines": [1869, 1870, 1873, 1874, 1875, 1879, 1880, 1881, 1882, 1883, 1884, 1885, 1886, 1887, 1888, 1889, 1891, 1892, 1893, 1895, 1905, 1908, 1909, 1911, 1912, 1913, 1914, 1915, 1916, 1918, 1923, 1924, 1925, 1926, 1928, 1931, 1932, 1933, 1935, 1936, 1937, 1940, 1941, 1942, 1943, 1944, 1945, 1946, 1948], "excluded_lines": [], "start_line": 1856}, "_finalize_flat_output": {"executed_lines": [], "summary": {"covered_lines": 0, "num_statements": 37, "percent_covered": 0.0, "percent_covered_display": "0", "missing_lines": 37, "excluded_lines": 0, "percent_statements_covered": 0.0, "percent_statements_covered_display": "0"}, "missing_lines": [1959, 1961, 1962, 1963, 1964, 1965, 1970, 1971, 1973, 1974, 1975, 1977, 1978, 1979, 1980, 1981, 1989, 1991, 1994, 1996, 1999, 2000, 2001, 2002, 2003, 2004, 2006, 2007, 2009, 2012, 2013, 2014, 2015, 2016, 2019, 2020, 2022], "excluded_lines": [], "start_line": 1951}, "_resolve_variant_for_path": {"executed_lines": [2033, 2034, 2037, 2038, 2039, 2040, 2041, 2042, 2043, 2045], "summary": {"covered_lines": 10, "num_statements": 12, "percent_covered": 83.33333333333333, "percent_covered_display": "83", "missing_lines": 2, "excluded_lines": 0, "percent_statements_covered": 83.33333333333333, "percent_statements_covered_display": "83"}, "missing_lines": [2035, 2044], "excluded_lines": [], "start_line": 2025}, "compute_survey_recipes": {"executed_lines": [2085, 2086, 2088, 2092, 2094, 2095, 2096, 2098, 2101, 2102, 2106, 2111, 2112, 2113, 2115, 2123, 2126, 2127, 2128, 2131, 2137, 2138, 2139, 2140, 2141, 2142, 2144, 2145, 2146, 2148, 2149, 2152, 2153, 2156, 2157, 2159, 2160, 2162, 2163, 2164, 2167, 2169, 2170, 2171, 2172, 2175, 2176, 2177, 2179, 2180, 2182, 2183, 2262, 2284, 2285, 2286, 2287, 2288, 2291, 2293, 2313, 2427, 2431, 2437, 2448, 2449, 2452, 2454, 2461], "summary": {"covered_lines": 69, "num_statements": 191, "percent_covered": 36.12565445026178, "percent_covered_display": "36", "missing_lines": 122, "excluded_lines": 0, "percent_statements_covered": 36.12565445026178, "percent_statements_covered_display": "36"}, "missing_lines": [2089, 2099, 2103, 2114, 2116, 2117, 2120, 2184, 2186, 2188, 2189, 2190, 2191, 2192, 2193, 2194, 2195, 2196, 2197, 2199, 2200, 2201, 2203, 2209, 2215, 2216, 2218, 2219, 2220, 2223, 2224, 2225, 2226, 2228, 2229, 2230, 2232, 2233, 2235, 2236, 2239, 2240, 2241, 2244, 2247, 2250, 2253, 2258, 2259, 2260, 2290, 2292, 2294, 2298, 2309, 2310, 2314, 2315, 2316, 2320, 2321, 2322, 2323, 2325, 2326, 2327, 2331, 2342, 2343, 2349, 2356, 2362, 2363, 2366, 2367, 2369, 2370, 2371, 2372, 2373, 2374, 2375, 2377, 2382, 2383, 2384, 2387, 2388, 2389, 2390, 2393, 2394, 2395, 2396, 2398, 2399, 2400, 2401, 2402, 2403, 2404, 2405, 2406, 2407, 2408, 2409, 2411, 2417, 2419, 2420, 2421, 2422, 2423, 2424, 2425, 2428, 2438, 2445, 2446, 2455, 2456, 2459], "excluded_lines": [], "start_line": 2048}, "_write_jamovi_r_helper": {"executed_lines": [2503, 2522, 2523, 2524, 2525, 2526, 2527, 2529, 2530, 2531, 2532, 2534, 2535, 2536], "summary": {"covered_lines": 14, "num_statements": 23, "percent_covered": 60.869565217391305, "percent_covered_display": "61", "missing_lines": 9, "excluded_lines": 1, "percent_statements_covered": 60.869565217391305, "percent_statements_covered_display": "61"}, "missing_lines": [2504, 2505, 2506, 2510, 2513, 2514, 2516, 2517, 2520], "excluded_lines": [2483], "start_line": 2476}, "": {"executed_lines": [16, 18, 19, 20, 21, 22, 23, 24, 25, 27, 30, 43, 46, 47, 48, 49, 50, 51, 52, 53, 54, 55, 56, 57, 58, 59, 60, 63, 68, 73, 79, 97, 141, 163, 171, 182, 190, 284, 327, 426, 467, 502, 561, 571, 595, 604, 610, 617, 630, 638, 655, 669, 694, 706, 733, 751, 843, 936, 998, 1047, 1180, 1242, 1259, 1415, 1437, 1470, 1511, 1536, 1552, 1563, 1577, 1856, 1951, 2025, 2048, 2476], "summary": {"covered_lines": 76, "num_statements": 76, "percent_covered": 100.0, "percent_covered_display": "100", "missing_lines": 0, "excluded_lines": 0, "percent_statements_covered": 100.0, "percent_statements_covered_display": "100"}, "missing_lines": [], "excluded_lines": [], "start_line": 1}}, "classes": {"SurveyRecipesResult": {"executed_lines": [], "summary": {"covered_lines": 0, "num_statements": 0, "percent_covered": 100.0, "percent_covered_display": "100", "missing_lines": 0, "excluded_lines": 0, "percent_statements_covered": 100.0, "percent_statements_covered_display": "100"}, "missing_lines": [], "excluded_lines": [], "start_line": 47}, "": {"executed_lines": [16, 18, 19, 20, 21, 22, 23, 24, 25, 27, 30, 43, 46, 47, 48, 49, 50, 51, 52, 53, 54, 55, 56, 57, 58, 59, 60, 63, 64, 65, 68, 69, 70, 73, 74, 75, 76, 79, 86, 87, 88, 89, 90, 91, 92, 93, 94, 97, 99, 100, 112, 113, 114, 116, 117, 118, 124, 125, 126, 128, 129, 135, 136, 137, 138, 141, 143, 154, 155, 156, 157, 158, 159, 160, 163, 164, 165, 166, 167, 168, 171, 172, 173, 174, 177, 178, 179, 182, 184, 186, 187, 190, 204, 205, 206, 209, 210, 213, 214, 216, 219, 220, 221, 222, 223, 224, 225, 226, 231, 232, 233, 234, 236, 237, 238, 240, 241, 243, 248, 249, 250, 251, 252, 253, 254, 256, 257, 258, 263, 264, 265, 266, 267, 268, 269, 270, 271, 272, 273, 274, 275, 276, 277, 278, 279, 281, 284, 286, 289, 290, 291, 292, 295, 296, 297, 298, 299, 300, 301, 302, 303, 304, 305, 306, 307, 308, 309, 310, 311, 314, 315, 316, 317, 318, 319, 320, 321, 322, 324, 327, 336, 340, 341, 344, 345, 346, 347, 348, 349, 350, 351, 352, 357, 358, 359, 379, 380, 381, 382, 386, 387, 388, 391, 392, 395, 396, 397, 399, 400, 401, 405, 406, 408, 410, 412, 414, 416, 418, 419, 420, 421, 423, 426, 430, 432, 433, 435, 436, 437, 438, 440, 441, 442, 443, 444, 445, 446, 447, 448, 449, 451, 454, 455, 456, 458, 459, 460, 462, 464, 467, 475, 480, 481, 483, 484, 489, 490, 491, 492, 493, 495, 496, 497, 498, 499, 502, 509, 510, 515, 516, 517, 518, 519, 523, 525, 526, 527, 528, 529, 530, 531, 532, 533, 534, 535, 536, 537, 538, 539, 548, 549, 550, 556, 557, 558, 561, 562, 563, 564, 565, 566, 567, 568, 571, 572, 578, 579, 580, 581, 582, 583, 584, 585, 586, 588, 589, 590, 591, 592, 595, 596, 597, 598, 599, 600, 601, 604, 605, 606, 607, 610, 611, 612, 613, 614, 617, 618, 619, 620, 623, 624, 625, 626, 627, 630, 632, 633, 634, 635, 638, 640, 641, 642, 643, 644, 645, 646, 647, 648, 649, 650, 651, 652, 655, 657, 658, 659, 660, 661, 662, 664, 665, 666, 669, 670, 671, 672, 673, 674, 677, 678, 679, 680, 681, 682, 683, 684, 685, 686, 687, 688, 689, 690, 691, 694, 695, 696, 697, 698, 699, 700, 701, 702, 703, 706, 714, 715, 716, 717, 718, 720, 724, 725, 726, 727, 730, 733, 734, 735, 736, 737, 738, 739, 740, 741, 743, 744, 745, 746, 747, 748, 751, 760, 761, 762, 763, 764, 765, 767, 768, 769, 770, 771, 779, 780, 782, 783, 784, 785, 786, 787, 788, 789, 790, 792, 793, 794, 795, 796, 797, 809, 810, 812, 813, 814, 815, 816, 817, 818, 826, 829, 830, 831, 832, 834, 840, 843, 852, 853, 854, 855, 856, 857, 858, 859, 860, 861, 862, 863, 864, 866, 867, 868, 869, 872, 873, 875, 877, 878, 879, 880, 881, 882, 883, 884, 885, 887, 888, 896, 897, 898, 900, 905, 906, 907, 908, 909, 917, 918, 919, 920, 921, 924, 925, 927, 929, 930, 932, 933, 936, 942, 943, 944, 945, 946, 947, 949, 952, 956, 957, 958, 960, 961, 965, 966, 970, 971, 973, 975, 978, 983, 987, 993, 995, 998, 1003, 1004, 1008, 1010, 1011, 1012, 1013, 1017, 1018, 1040, 1041, 1044, 1047, 1051, 1054, 1055, 1056, 1063, 1064, 1072, 1073, 1074, 1079, 1080, 1086, 1087, 1088, 1094, 1095, 1097, 1099, 1100, 1101, 1103, 1104, 1105, 1107, 1109, 1110, 1111, 1115, 1117, 1118, 1121, 1122, 1123, 1124, 1126, 1127, 1128, 1129, 1130, 1134, 1138, 1139, 1140, 1141, 1142, 1144, 1145, 1146, 1147, 1148, 1149, 1150, 1156, 1157, 1158, 1159, 1163, 1166, 1167, 1172, 1177, 1180, 1182, 1200, 1201, 1202, 1203, 1204, 1206, 1207, 1208, 1209, 1211, 1212, 1213, 1214, 1215, 1218, 1222, 1223, 1224, 1225, 1226, 1227, 1228, 1230, 1231, 1232, 1233, 1235, 1236, 1238, 1239, 1242, 1246, 1249, 1250, 1253, 1254, 1255, 1256, 1259, 1276, 1277, 1281, 1282, 1283, 1285, 1293, 1294, 1295, 1298, 1299, 1300, 1301, 1308, 1309, 1310, 1312, 1314, 1317, 1321, 1322, 1325, 1335, 1336, 1337, 1339, 1341, 1344, 1349, 1351, 1352, 1355, 1356, 1357, 1361, 1362, 1363, 1364, 1365, 1366, 1370, 1374, 1375, 1382, 1383, 1384, 1385, 1386, 1387, 1388, 1390, 1395, 1396, 1399, 1400, 1401, 1403, 1404, 1405, 1412, 1415, 1417, 1419, 1420, 1421, 1423, 1424, 1425, 1426, 1427, 1428, 1431, 1432, 1434, 1437, 1439, 1440, 1442, 1443, 1445, 1446, 1447, 1449, 1450, 1451, 1456, 1457, 1461, 1462, 1463, 1464, 1465, 1467, 1470, 1478, 1480, 1481, 1486, 1487, 1488, 1491, 1493, 1496, 1498, 1499, 1503, 1505, 1506, 1511, 1513, 1514, 1515, 1516, 1518, 1520, 1521, 1522, 1523, 1524, 1525, 1527, 1528, 1529, 1531, 1532, 1533, 1536, 1552, 1563, 1565, 1566, 1567, 1568, 1569, 1570, 1571, 1572, 1573, 1574, 1577, 1594, 1596, 1597, 1598, 1600, 1601, 1602, 1603, 1605, 1606, 1608, 1610, 1612, 1613, 1616, 1622, 1625, 1628, 1629, 1630, 1631, 1632, 1633, 1634, 1635, 1637, 1640, 1642, 1643, 1648, 1650, 1651, 1652, 1655, 1656, 1657, 1658, 1666, 1668, 1695, 1709, 1710, 1717, 1719, 1720, 1721, 1723, 1724, 1725, 1726, 1733, 1739, 1745, 1798, 1799, 1800, 1801, 1803, 1806, 1807, 1808, 1809, 1810, 1811, 1812, 1815, 1816, 1817, 1818, 1820, 1821, 1833, 1839, 1853, 1856, 1951, 2025, 2033, 2034, 2037, 2038, 2039, 2040, 2041, 2042, 2043, 2045, 2048, 2085, 2086, 2088, 2092, 2094, 2095, 2096, 2098, 2101, 2102, 2106, 2111, 2112, 2113, 2115, 2123, 2126, 2127, 2128, 2131, 2137, 2138, 2139, 2140, 2141, 2142, 2144, 2145, 2146, 2148, 2149, 2152, 2153, 2156, 2157, 2159, 2160, 2162, 2163, 2164, 2167, 2169, 2170, 2171, 2172, 2175, 2176, 2177, 2179, 2180, 2182, 2183, 2262, 2284, 2285, 2286, 2287, 2288, 2291, 2293, 2313, 2427, 2431, 2437, 2448, 2449, 2452, 2454, 2461, 2476, 2503, 2522, 2523, 2524, 2525, 2526, 2527, 2529, 2530, 2531, 2532, 2534, 2535, 2536], "summary": {"covered_lines": 982, "num_statements": 1366, "percent_covered": 71.8887262079063, "percent_covered_display": "72", "missing_lines": 384, "excluded_lines": 4, "percent_statements_covered": 71.8887262079063, "percent_statements_covered_display": "72"}, "missing_lines": [360, 361, 362, 363, 365, 366, 367, 368, 369, 372, 373, 374, 375, 376, 383, 389, 393, 407, 409, 411, 413, 415, 417, 494, 663, 721, 722, 728, 729, 827, 828, 837, 838, 903, 904, 922, 968, 989, 990, 991, 1005, 1014, 1015, 1042, 1168, 1176, 1219, 1220, 1284, 1286, 1287, 1288, 1289, 1290, 1291, 1303, 1304, 1305, 1311, 1313, 1315, 1326, 1327, 1328, 1330, 1331, 1332, 1338, 1340, 1342, 1353, 1367, 1368, 1371, 1376, 1377, 1378, 1379, 1380, 1391, 1458, 1459, 1501, 1507, 1508, 1526, 1539, 1540, 1541, 1542, 1543, 1544, 1545, 1546, 1547, 1548, 1549, 1556, 1604, 1607, 1609, 1614, 1626, 1638, 1663, 1664, 1669, 1670, 1671, 1672, 1673, 1674, 1675, 1678, 1683, 1685, 1686, 1693, 1701, 1702, 1705, 1706, 1746, 1747, 1748, 1749, 1751, 1752, 1753, 1754, 1764, 1765, 1766, 1767, 1768, 1769, 1770, 1771, 1772, 1773, 1774, 1777, 1778, 1786, 1789, 1790, 1793, 1796, 1797, 1822, 1823, 1824, 1825, 1826, 1827, 1828, 1829, 1830, 1831, 1846, 1848, 1849, 1850, 1851, 1852, 1869, 1870, 1873, 1874, 1875, 1879, 1880, 1881, 1882, 1883, 1884, 1885, 1886, 1887, 1888, 1889, 1891, 1892, 1893, 1895, 1905, 1908, 1909, 1911, 1912, 1913, 1914, 1915, 1916, 1918, 1923, 1924, 1925, 1926, 1928, 1931, 1932, 1933, 1935, 1936, 1937, 1940, 1941, 1942, 1943, 1944, 1945, 1946, 1948, 1959, 1961, 1962, 1963, 1964, 1965, 1970, 1971, 1973, 1974, 1975, 1977, 1978, 1979, 1980, 1981, 1989, 1991, 1994, 1996, 1999, 2000, 2001, 2002, 2003, 2004, 2006, 2007, 2009, 2012, 2013, 2014, 2015, 2016, 2019, 2020, 2022, 2035, 2044, 2089, 2099, 2103, 2114, 2116, 2117, 2120, 2184, 2186, 2188, 2189, 2190, 2191, 2192, 2193, 2194, 2195, 2196, 2197, 2199, 2200, 2201, 2203, 2209, 2215, 2216, 2218, 2219, 2220, 2223, 2224, 2225, 2226, 2228, 2229, 2230, 2232, 2233, 2235, 2236, 2239, 2240, 2241, 2244, 2247, 2250, 2253, 2258, 2259, 2260, 2290, 2292, 2294, 2298, 2309, 2310, 2314, 2315, 2316, 2320, 2321, 2322, 2323, 2325, 2326, 2327, 2331, 2342, 2343, 2349, 2356, 2362, 2363, 2366, 2367, 2369, 2370, 2371, 2372, 2373, 2374, 2375, 2377, 2382, 2383, 2384, 2387, 2388, 2389, 2390, 2393, 2394, 2395, 2396, 2398, 2399, 2400, 2401, 2402, 2403, 2404, 2405, 2406, 2407, 2408, 2409, 2411, 2417, 2419, 2420, 2421, 2422, 2423, 2424, 2425, 2428, 2438, 2445, 2446, 2455, 2456, 2459, 2504, 2505, 2506, 2510, 2513, 2514, 2516, 2517, 2520], "excluded_lines": [197, 356, 1512, 2483], "start_line": 1}}}, "src/runtime_dependencies.py": {"executed_lines": [3, 5, 6, 7, 10, 15, 16, 17, 18, 19, 23, 24, 48, 49, 52, 58, 59, 60, 61, 65, 77, 80, 81], "summary": {"covered_lines": 23, "num_statements": 27, "percent_covered": 85.18518518518519, "percent_covered_display": "85", "missing_lines": 4, "excluded_lines": 0, "percent_statements_covered": 85.18518518518519, "percent_statements_covered_display": "85"}, "missing_lines": [25, 26, 36, 37], "excluded_lines": [], "functions": {"inspect_pyreadstat_write_support": {"executed_lines": [15, 16, 17, 18, 19, 23, 24, 48, 49, 52, 58, 59, 60, 61, 65], "summary": {"covered_lines": 15, "num_statements": 19, "percent_covered": 78.94736842105263, "percent_covered_display": "79", "missing_lines": 4, "excluded_lines": 0, "percent_statements_covered": 78.94736842105263, "percent_statements_covered_display": "79"}, "missing_lines": [25, 26, 36, 37], "excluded_lines": [], "start_line": 10}, "has_pyreadstat_write_support": {"executed_lines": [80, 81], "summary": {"covered_lines": 2, "num_statements": 2, "percent_covered": 100.0, "percent_covered_display": "100", "missing_lines": 0, "excluded_lines": 0, "percent_statements_covered": 100.0, "percent_statements_covered_display": "100"}, "missing_lines": [], "excluded_lines": [], "start_line": 77}, "": {"executed_lines": [3, 5, 6, 7, 10, 77], "summary": {"covered_lines": 6, "num_statements": 6, "percent_covered": 100.0, "percent_covered_display": "100", "missing_lines": 0, "excluded_lines": 0, "percent_statements_covered": 100.0, "percent_statements_covered_display": "100"}, "missing_lines": [], "excluded_lines": [], "start_line": 1}}, "classes": {"": {"executed_lines": [3, 5, 6, 7, 10, 15, 16, 17, 18, 19, 23, 24, 48, 49, 52, 58, 59, 60, 61, 65, 77, 80, 81], "summary": {"covered_lines": 23, "num_statements": 27, "percent_covered": 85.18518518518519, "percent_covered_display": "85", "missing_lines": 4, "excluded_lines": 0, "percent_statements_covered": 85.18518518518519, "percent_statements_covered_display": "85"}, "missing_lines": [25, 26, 36, 37], "excluded_lines": [], "start_line": 1}}}, "src/text_sanitizer.py": {"executed_lines": [20, 21, 22, 24, 36, 64, 71, 95, 96, 98, 101, 104, 106, 107, 109, 110, 111, 112, 115, 119, 121, 124, 137, 140, 153, 156, 168, 169, 171, 174, 186, 189, 190, 191, 192, 193, 195, 203, 213, 214, 216, 217, 218, 220, 225, 227], "summary": {"covered_lines": 46, "num_statements": 48, "percent_covered": 95.83333333333333, "percent_covered_display": "96", "missing_lines": 2, "excluded_lines": 0, "percent_statements_covered": 95.83333333333333, "percent_statements_covered_display": "96"}, "missing_lines": [116, 187], "excluded_lines": [], "functions": {"sanitize_display_text": {"executed_lines": [95, 96, 98, 101, 104, 106, 107, 109, 110, 111, 112, 115, 119, 121], "summary": {"covered_lines": 14, "num_statements": 15, "percent_covered": 93.33333333333333, "percent_covered_display": "93", "missing_lines": 1, "excluded_lines": 0, "percent_statements_covered": 93.33333333333333, "percent_statements_covered_display": "93"}, "missing_lines": [116], "excluded_lines": [], "start_line": 71}, "sanitize_answer_text": {"executed_lines": [137], "summary": {"covered_lines": 1, "num_statements": 1, "percent_covered": 100.0, "percent_covered_display": "100", "missing_lines": 0, "excluded_lines": 0, "percent_statements_covered": 100.0, "percent_statements_covered_display": "100"}, "missing_lines": [], "excluded_lines": [], "start_line": 124}, "sanitize_question_text": {"executed_lines": [153], "summary": {"covered_lines": 1, "num_statements": 1, "percent_covered": 100.0, "percent_covered_display": "100", "missing_lines": 0, "excluded_lines": 0, "percent_statements_covered": 100.0, "percent_statements_covered_display": "100"}, "missing_lines": [], "excluded_lines": [], "start_line": 140}, "has_annotations": {"executed_lines": [168, 169, 171], "summary": {"covered_lines": 3, "num_statements": 3, "percent_covered": 100.0, "percent_covered_display": "100", "missing_lines": 0, "excluded_lines": 0, "percent_statements_covered": 100.0, "percent_statements_covered_display": "100"}, "missing_lines": [], "excluded_lines": [], "start_line": 156}, "list_annotations": {"executed_lines": [186, 189, 190, 191, 192, 193, 195], "summary": {"covered_lines": 7, "num_statements": 8, "percent_covered": 87.5, "percent_covered_display": "88", "missing_lines": 1, "excluded_lines": 0, "percent_statements_covered": 87.5, "percent_statements_covered_display": "88"}, "missing_lines": [187], "excluded_lines": [], "start_line": 174}, "clean_levels_dict": {"executed_lines": [213, 214, 216, 217, 218, 220, 225, 227], "summary": {"covered_lines": 8, "num_statements": 8, "percent_covered": 100.0, "percent_covered_display": "100", "missing_lines": 0, "excluded_lines": 0, "percent_statements_covered": 100.0, "percent_statements_covered_display": "100"}, "missing_lines": [], "excluded_lines": [], "start_line": 203}, "": {"executed_lines": [20, 21, 22, 24, 36, 64, 71, 124, 140, 156, 174, 203], "summary": {"covered_lines": 12, "num_statements": 12, "percent_covered": 100.0, "percent_covered_display": "100", "missing_lines": 0, "excluded_lines": 0, "percent_statements_covered": 100.0, "percent_statements_covered_display": "100"}, "missing_lines": [], "excluded_lines": [], "start_line": 1}}, "classes": {"": {"executed_lines": [20, 21, 22, 24, 36, 64, 71, 95, 96, 98, 101, 104, 106, 107, 109, 110, 111, 112, 115, 119, 121, 124, 137, 140, 153, 156, 168, 169, 171, 174, 186, 189, 190, 191, 192, 193, 195, 203, 213, 214, 216, 217, 218, 220, 225, 227], "summary": {"covered_lines": 46, "num_statements": 48, "percent_covered": 95.83333333333333, "percent_covered_display": "96", "missing_lines": 2, "excluded_lines": 0, "percent_statements_covered": 95.83333333333333, "percent_statements_covered_display": "96"}, "missing_lines": [116, 187], "excluded_lines": [], "start_line": 1}}}}, "totals": {"covered_lines": 4916, "num_statements": 6203, "percent_covered": 79.25197485087861, "percent_covered_display": "79", "missing_lines": 1287, "excluded_lines": 80, "percent_statements_covered": 79.25197485087861, "percent_statements_covered_display": "79"}}