============================= test session starts ==============================
platform darwin -- Python 3.14.4, pytest-9.0.3, pluggy-1.6.0 -- /Users/karl/work/github/prism-studio/.venv/bin/python3
cachedir: .pytest_cache
rootdir: /Users/karl/work/github/prism-studio
configfile: pytest.ini
plugins: cov-7.1.0, anyio-4.13.0
collecting ... collected 36 items

tests/test_converter_workflow_wiring.py::TestConverterWorkflowWiring::test_biometrics_handlers_use_run_lock_and_release_on_all_paths PASSED [  2%]
tests/test_converter_workflow_wiring.py::TestConverterWorkflowWiring::test_biometrics_module_resets_stale_state_and_uses_explicit_project_path PASSED [  5%]
tests/test_converter_workflow_wiring.py::TestConverterWorkflowWiring::test_converter_bootstrap_installs_page_wide_api_fallback PASSED [  8%]
tests/test_converter_workflow_wiring.py::TestConverterWorkflowWiring::test_converter_bootstrap_supports_tab_query_parameter PASSED [ 11%]
tests/test_converter_workflow_wiring.py::TestConverterWorkflowWiring::test_converter_job_run_controller_exports_single_run_guard PASSED [ 13%]
tests/test_converter_workflow_wiring.py::TestConverterWorkflowWiring::test_converter_module_aggregator_uses_single_bootstrap_entrypoint PASSED [ 16%]
tests/test_converter_workflow_wiring.py::TestConverterWorkflowWiring::test_converter_modules_surface_backend_save_paths PASSED [ 19%]
tests/test_converter_workflow_wiring.py::TestConverterWorkflowWiring::test_converter_polling_run_state_module_exports_abort_helpers PASSED [ 22%]
tests/test_converter_workflow_wiring.py::TestConverterWorkflowWiring::test_converter_tabs_sourcedata_quick_select_smoke PASSED [ 25%]
tests/test_converter_workflow_wiring.py::TestConverterWorkflowWiring::test_converter_template_uses_shared_header_and_help_panel_macros PASSED [ 27%]
tests/test_converter_workflow_wiring.py::TestConverterWorkflowWiring::test_environment_and_participants_modules_include_sourcedata_quick_select PASSED [ 30%]
tests/test_converter_workflow_wiring.py::TestConverterWorkflowWiring::test_environment_biometrics_and_survey_logs_use_safe_append_paths PASSED [ 33%]
tests/test_converter_workflow_wiring.py::TestConverterWorkflowWiring::test_environment_handler_block_uses_run_lock_and_single_job_lifecycle PASSED [ 36%]
tests/test_converter_workflow_wiring.py::TestConverterWorkflowWiring::test_environment_physio_eyetracking_polling_cadence_perf_smoke PASSED [ 38%]
tests/test_converter_workflow_wiring.py::TestConverterWorkflowWiring::test_eyetracking_handler_block_uses_run_lock_and_releases_on_replay_paths PASSED [ 41%]
tests/test_converter_workflow_wiring.py::TestConverterWorkflowWiring::test_eyetracking_template_references_bids_modality PASSED [ 44%]
tests/test_converter_workflow_wiring.py::TestConverterWorkflowWiring::test_legacy_quick_import_modules_are_retired PASSED [ 47%]
tests/test_converter_workflow_wiring.py::TestConverterWorkflowWiring::test_participants_preview_and_convert_handlers_use_run_lock PASSED [ 50%]
tests/test_converter_workflow_wiring.py::TestConverterWorkflowWiring::test_physio_and_eyetracking_modules_reset_stale_state_and_send_project_path PASSED [ 52%]
tests/test_converter_workflow_wiring.py::TestConverterWorkflowWiring::test_physio_handler_block_uses_run_lock_and_releases_on_replay_paths PASSED [ 55%]
tests/test_converter_workflow_wiring.py::TestConverterWorkflowWiring::test_session_registration_uses_visible_project_path PASSED [ 58%]
tests/test_converter_workflow_wiring.py::TestConverterWorkflowWiring::test_shared_api_exports_fetch_installer_using_native_fetch PASSED [ 61%]
tests/test_converter_workflow_wiring.py::TestConverterWorkflowWiring::test_shared_job_polling_helper_has_bounded_retry_timeout_contract PASSED [ 63%]
tests/test_converter_workflow_wiring.py::TestConverterWorkflowWiring::test_survey_converter_project_change_clears_project_bound_selection_state PASSED [ 66%]
tests/test_converter_workflow_wiring.py::TestConverterWorkflowWiring::test_survey_converter_prunes_stale_library_and_template_check_ui_branches PASSED [ 69%]
tests/test_converter_workflow_wiring.py::TestConverterWorkflowWiring::test_survey_converter_refreshes_project_bound_helpers PASSED [ 72%]
tests/test_converter_workflow_wiring.py::TestConverterWorkflowWiring::test_survey_converter_uses_structured_value_offset_editor FAILED [ 75%]
tests/test_converter_workflow_wiring.py::TestConverterWorkflowWiring::test_survey_participants_metadata_is_extracted_module FAILED [ 77%]
tests/test_converter_participants_workflow_wiring.py::TestConverterParticipantsWorkflowWiring::test_case_cards_define_distinct_icons_and_styles PASSED [ 80%]
tests/test_converter_participants_workflow_wiring.py::TestConverterParticipantsWorkflowWiring::test_case_guide_starts_hidden_and_uses_dynamic_placeholders PASSED [ 83%]
tests/test_converter_participants_workflow_wiring.py::TestConverterParticipantsWorkflowWiring::test_participants_module_applies_live_exclusions_to_preview_payload PASSED [ 86%]
tests/test_converter_participants_workflow_wiring.py::TestConverterParticipantsWorkflowWiring::test_participants_module_blocks_preview_and_save_until_case_selected PASSED [ 88%]
tests/test_converter_participants_workflow_wiring.py::TestConverterParticipantsWorkflowWiring::test_participants_module_clears_sourcedata_backed_file_selection PASSED [ 91%]
tests/test_converter_participants_workflow_wiring.py::TestConverterParticipantsWorkflowWiring::test_participants_module_keeps_manual_id_requirement_through_preview PASSED [ 94%]
tests/test_converter_participants_workflow_wiring.py::TestConverterParticipantsWorkflowWiring::test_participants_module_resets_project_bound_state_and_uses_explicit_project_path PASSED [ 97%]
tests/test_converter_participants_workflow_wiring.py::TestConverterParticipantsWorkflowWiring::test_template_no_longer_hardcodes_legacy_workflow_radios PASSED [100%]

=================================== FAILURES ===================================
_ TestConverterWorkflowWiring.test_survey_converter_uses_structured_value_offset_editor _

self = <test_converter_workflow_wiring.TestConverterWorkflowWiring testMethod=test_survey_converter_uses_structured_value_offset_editor>

    def test_survey_converter_uses_structured_value_offset_editor(self):
        module_content = SURVEY_CONVERT_MODULE.read_text(encoding="utf-8")
        workflow_prepare_content = SURVEY_WORKFLOW_PREPARE_MODULE.read_text(
            encoding="utf-8"
        )
        value_offset_editor_content = SURVEY_VALUE_OFFSET_EDITOR_MODULE.read_text(
            encoding="utf-8"
        )
        value_offset_editor_adapter_content = (
            SURVEY_VALUE_OFFSET_EDITOR_ADAPTER_MODULE.read_text(encoding="utf-8")
        )
        value_offset_editor_adapter_content = (
            SURVEY_VALUE_OFFSET_EDITOR_ADAPTER_MODULE.read_text(encoding="utf-8")
        )
        template_content = SURVEY_TEMPLATE.read_text(encoding="utf-8")
    
        self.assertIn('id="convertValueOffsetsEditor"', template_content)
        self.assertIn('id="convertAddValueOffsetRowBtn"', template_content)
        self.assertIn('id="convertValueOffsetRows"', template_content)
        self.assertIn('id="convertValueOffsetsKnownTasks"', template_content)
        self.assertIn('id="convertValueOffsetsEmptyState"', template_content)
        self.assertIn('id="convertApplyValueOffsetsBtn"', template_content)
        self.assertIn('id="convertValueOffsetsStatus"', template_content)
        self.assertIn('class="form-control d-none" id="convertValueOffsets"', template_content)
        self.assertIn('class="alert d-none mb-3 survey-version-card"', template_content)
        self.assertIn('class="badge survey-version-count-badge" id="surveyVersionWizardCount"', template_content)
    
        self.assertIn("let taskValueOffsetEditorState = [];", module_content)
        self.assertIn("let appliedTaskValueOffsetSelectionSignature = '';", module_content)
>       self.assertIn("syncTaskValueOffsetTextFromState();", module_content)
E       AssertionError: 'syncTaskValueOffsetTextFromState();' not found in '/**\n * Survey Convert Module (Landgig Integration)\n * Handles Excel/LimeSurvey data conversion to PRISM survey format\n * Includes: column detection, ID mapping, preview, participants mapping, validation\n */\n\nimport { fetchWithApiFallback } from \'../../shared/api.js\';\nimport { resolveCurrentProjectPath } from \'../../shared/project-state.js\';\nimport { createSessionRegistrar } from \'../../shared/session-register.js\';\nimport { createSurveyParticipantsMetadataController } from \'./survey-participants-metadata.js\';\nimport { createSurveyWorkflowPrepareController } from \'./survey-workflow-prepare.js\';\nimport { createSurveyWorkflowConvertController } from \'./survey-workflow-convert.js\';\nimport { createSurveyWorkflowConvertResultsController } from \'./survey-workflow-convert-results.js\';\nimport { createSurveyWorkflowProgressController } from \'./survey-workflow-progress.js\';\nimport { createSurveyActiveRunState } from \'./survey-active-run-state.js\';\nimport { createSurveyRunProgressAdapter } from \'./survey-run-progress-adapter.js\';\nimport { createSurveySourcedataQuickSelectController } from \'./survey-sourcedata-quick-select.js\';\nimport { createSurveyTemplateResultsController } from \'./survey-template-results.js\';\nimport { createSurveyTemplateGenerationController } from \'./survey-template-generation.js\';\nimport { createSurveyConversionSummaryController } from \'./survey-conversion-summary.js\';\nimport { createSurveyConversionLogController } from \'./survey-conversion-log.js\';\nimport { createSurveyConvertFeedbackAdapter } from \'./survey-convert-feedback-adapter.js\';\nimport { createSurveyConvertFeedbackController } from \'./survey-convert-feedback.js\';\nimport { createSurveyFileSeparatorController } from \'./survey-file-separator-controller.js\';\nimport { createSurveyUnmatchedTemplatesController } from \'./survey-unmatched-templates.js\';\nimport { createSurveyImportFormStateController } from \'./survey-import-form-state.js\';\nimport { createSurveyNearItemMatchAdapter } from \'./survey-near-item-match-adapter.js\';\nimport { createSurveyNearItemMatchReviewController } from \'./survey-near-item-match-review.js\';\nimport { pickServerFile, prefersServerPicker } from \'./server-picker.js\';\nimport { createSurveySelectedInputController } from \'./survey-selected-input-controller.js\';\nimport { createSurveySessionInputController } from \'./survey-session-input-controller.js\';\nimport { createSurveyValidationResultsController } from \'./survey-validation-results.js\';\nimport { createSurveyValueOffsetEditorController } from \'./survey-value-offset-editor.js\';\nimport { createSurveyValueOffsetEditorAdapter } from \'./survey-value-offset-editor-adapter.js\';\nimport { createSurveyWorkflowResponseController } from \'./survey-workflow-response-controller.js\';\nimport {\n    buildVersionSelectionKey as buildVersionSelectionKeyWithUtils,\n    compareTimelineContexts as compareTimelineContextsWithUtils,\n    compareTimelineSessions as compareTimelineSessionsWithUtils,\n    deriveDetectedContexts as deriveDetectedContextsWithUtils,\n    getTimelineRunSortMeta as getTimelineRunSortMetaWithUtils,\n    getTimelineSessionSortMeta as getTimelineSessionSortMetaWithUtils,\n    normalizeTimelineSessionToken as normalizeTimelineSessionTokenWithUtils,\n    normalizeVersionSelectionRun as normalizeVersionSelectionRunWithUtils,\n    normalizeVersionSelectionSession as normalizeVersionSelectionSessionWithUtils,\n} from \'./survey-version-context-utils.js\';\nimport {\n    collectSuggestedValueOffsets,\n    formatOffsetMagnitude,\n    formatSignedOffset,\n    normalizeTaskValueOffsets as normalizeTaskValueOffsetsMap,\n    parseNumericOffsetValue,\n    parseTaskValueOffsetsText as parseTaskValueOffsetsTextWithNormalizer,\n} from \'./survey-value-offset-utils.js\';\nimport { createSurveyWorkflowTemplateCheckController } from \'./survey-workflow-template-check.js\';\nimport { createSurveyWorkflowPreviewController } from \'./survey-workflow-preview.js\';\n\nexport function initSurveyConvert(elements) {\n    const {\n        // Survey Convert DOM elements\n        convertExcelFile,\n        convertSeparator,\n        surveySeparatorGroup,\n        clearConvertExcelFileBtn,\n        convertIdMapFile,\n        clearIdMapFileBtn,\n        convertBtn,\n        previewBtn,\n        convertDatasetName,\n        convertLanguage,\n        convertError,\n        convertInfo,\n        surveyRunProgressContainer,\n        surveyRunProgressBar,\n        surveyRunProgressLabel,\n        surveyRunProgressPercent,\n        surveyRunCancelBtn,\n        convertIdColumnGroup,\n        convertIdColumn,\n        convertTemplateExportGroup,\n        convertLanguageGroup,\n        convertAliasGroup,\n        convertSessionGroup,\n        templateResultsContainer,\n        convertSessionSelect,\n        convertSessionCustom,\n        biometricsSessionSelect,\n        biometricsSessionCustom,\n        sourcedataQuickSelect,\n        sourcedataFileSelect,\n        conversionLogContainer,\n        conversionLog,\n        conversionLogBody,\n        templateEditorErrorCta,\n        toggleLogBtn,\n        validationResultsContainer,\n        validationResultsCard,\n        validationResultsHeader,\n        validationBadge,\n        validationSummary,\n        validationDetails,\n        conversionSummaryContainer,\n        conversionSummaryBody,\n        toggleSummaryBtn,\n        // Shared functions\n        populateSessionPickers\n    } = elements;\n\n    const convertAdvancedToggle = document.getElementById(\'convertAdvancedToggle\');\n    const surveyAdvancedOptionsPanel = document.getElementById(\'surveyAdvancedOptions\');\n    const convertValueOffsets = document.getElementById(\'convertValueOffsets\');\n    const convertValueOffsetsEditor = document.getElementById(\'convertValueOffsetsEditor\');\n    const convertValueOffsetRows = document.getElementById(\'convertValueOffsetRows\');\n    const convertAddValueOffsetRowBtn = document.getElementById(\'convertAddValueOffsetRowBtn\');\n    const convertApplyValueOffsetsBtn = document.getElementById(\'convertApplyValueOffsetsBtn\');\n    const convertValueOffsetsKnownTasks = document.getElementById(\'convertValueOffsetsKnownTasks\');\n    const convertValueOffsetsEmptyState = document.getElementById(\'convertValueOffsetsEmptyState\');\n    const convertValueOffsetsStatus = document.getElementById(\'convertValueOffsetsStatus\');\n    const convertValueOffsetAdvice = document.getElementById(\'convertValueOffsetAdvice\');\n    const surveyWorkflowHint = document.getElementById(\'surveyWorkflowHint\');\n    const browseServerSurveyFileBtn = document.getElementById(\'browseServerSurveyFileBtn\');\n    const convertSessionColumnOverride = document.getElementById(\'convertSessionColumnOverride\');\n    const convertRunColumnOverride = document.getElementById(\'convertRunColumnOverride\');\n    let templateWorkflowGate = null;\n    const surveyVersionWizard = document.getElementById(\'surveyVersionWizard\');\n    const surveyVersionWizardBody = document.getElementById(\'surveyVersionWizardBody\');\n    const surveyVersionWizardCount = document.getElementById(\'surveyVersionWizardCount\');\n    const surveyVersionWizardStatus = document.getElementById(\'surveyVersionWizardStatus\');\n    const surveyVersionWizardApplyBtn = document.getElementById(\'surveyVersionWizardApplyBtn\');\n    let selectedTemplateVersions = {};\n    let appliedTemplateVersionSelectionSignature = \'\';\n    let versionWizardState = {\n        multivariantTasks: {},\n        taskRuns: {},\n        previewParticipants: [],\n        detectedSessions: []\n    };\n    let versionWizardSyncTimer = null;\n    let versionWizardSyncRequestId = 0;\n    let convertServerFilePath = \'\';\n    let lastDetectedSurveyFingerprint = \'\';\n    let confirmedNearMatchTasks = [];\n    let versionWizardRetryGateMode = null;\n    let isConvertRunning = false;\n    let isPreviewRunning = false;\n    const surveyActiveRunState = createSurveyActiveRunState();\n    const {\n        setActiveSurveyRun,\n        clearActiveSurveyRun,\n        cancelActiveSurveyRun,\n        getActiveRunAbortController,\n        getActiveRunMode,\n        getActiveRunCancelledByUser,\n    } = surveyActiveRunState;\n    let surveyConvertFeedbackController = null;\n    const surveyConvertFeedbackAdapter = createSurveyConvertFeedbackAdapter({\n        getSurveyConvertFeedbackController: () => surveyConvertFeedbackController,\n    });\n    const {\n        getProjectSaveSummary,\n        openConverterTab,\n        showConvertInfoMessage,\n        getParticipantRegistryWarning,\n        showParticipantRegistryWarning,\n    } = surveyConvertFeedbackAdapter;\n    let currentTemplateData = null;\n    let surveyNearItemMatchReviewController = null;\n    const surveyNearItemMatchAdapter = createSurveyNearItemMatchAdapter({\n        getSurveyNearItemMatchReviewController: () => surveyNearItemMatchReviewController,\n    });\n    const {\n        collectNearMatchCandidates,\n        buildNearMatchConfirmationMessage,\n        promptNearMatchSelection,\n    } = surveyNearItemMatchAdapter;\n    let taskValueOffsetRowSequence = 0;\n    let taskValueOffsetEditorState = [];\n    let appliedTaskValueOffsetSelectionSignature = \'\';\n    let surveyPreviewSelectionState = {\n        previewKey: \'\',\n        availableTasks: [],\n        selectedTasks: []\n    };\n\n    const surveyFileSeparatorController = createSurveyFileSeparatorController({\n        convertSeparator,\n        surveySeparatorGroup,\n    });\n    const {\n        isDelimitedSurveyFilename,\n        getSelectedSeparator,\n        updateSeparatorVisibility,\n    } = surveyFileSeparatorController;\n    const surveyWorkflowResponseController = createSurveyWorkflowResponseController();\n    const { parseJsonResponse } = surveyWorkflowResponseController;\n    const surveySelectedInputController = createSurveySelectedInputController({\n        convertExcelFile,\n        getConvertServerFilePath: () => convertServerFilePath,\n    });\n    const {\n        getSelectedSurveyFile,\n        getSelectedSurveyFilename,\n        hasSelectedSurveyInput,\n        appendSurveyInputToFormData,\n        getSelectedSurveyFingerprint,\n    } = surveySelectedInputController;\n    const surveySessionInputController = createSurveySessionInputController({\n        convertSessionSelect,\n        convertSessionCustom,\n        biometricsSessionSelect,\n        biometricsSessionCustom,\n    });\n    const {\n        populateSurveySessionPickerFromDetected,\n        getSurveySessionValue,\n        getBiometricsSessionValue,\n    } = surveySessionInputController;\n\n    const surveyWorkflowProgressController = createSurveyWorkflowProgressController({\n        surveyRunProgressContainer,\n        surveyRunProgressBar,\n        surveyRunProgressLabel,\n        surveyRunProgressPercent,\n        onProgressStateChanged: () => {\n            updateConvertBtn();\n        },\n    });\n    const surveyRunProgressAdapter = createSurveyRunProgressAdapter({\n        surveyWorkflowProgressController,\n    });\n    const {\n        setSurveyRunProgress,\n        hideSurveyRunProgress,\n        startSurveyRunProgress,\n        advanceSurveyRunProgress,\n        pauseSurveyRunProgress,\n        resumeSurveyRunProgress,\n        finishSurveyRunProgress,\n    } = surveyRunProgressAdapter;\n\n    const surveySourcedataQuickSelectController = createSurveySourcedataQuickSelectController({\n        sourcedataQuickSelect,\n        sourcedataFileSelect,\n        convertExcelFile,\n        convertError,\n        resolveCurrentProjectPath,\n        onProjectChanged: () => {\n            cancelActiveSurveyRun();\n            resetSurveyImportFormState({ clearSelectedInput: true });\n        },\n    });\n\n    const surveyWorkflowTemplateCheckController = createSurveyWorkflowTemplateCheckController({\n        surveyVersionWizardApplyBtn,\n        convertError,\n        conversionLogContainer,\n        conversionLogBody,\n        toggleLogBtn,\n        getSelectedSurveyFilename,\n        convertIdColumn,\n        appendLog,\n        resolveCurrentProjectPath,\n        appendSurveyInputToFormData,\n        getSelectedSeparator,\n        parseJsonResponse,\n        setTemplateWorkflowGate: (value) => {\n            templateWorkflowGate = (value && typeof value === \'object\') ? value : null;\n        },\n        setTemplateEditorErrorCtaVisible,\n        convertInfo,\n        buildVersionWizard,\n        hideVersionWizard,\n        updateConvertBtn,\n        hasMultiVersionWizardTasks,\n        hasCompleteVersionWizardSelections,\n        getCurrentTemplateVersionSelectionSignature,\n        setAppliedTemplateVersionSelectionSignature: (value) => {\n            appliedTemplateVersionSelectionSignature = String(value || \'\');\n        },\n        setVersionWizardRetryGateMode: (value) => {\n            versionWizardRetryGateMode = value;\n        },\n        getTemplateWorkflowGate: () => templateWorkflowGate,\n        updateVersionWizardActionState,\n    });\n\n    function resetSurveyRefreshFingerprint() {\n        lastDetectedSurveyFingerprint = \'\';\n        clearRetryResolutionState();\n        clearSurveyPreviewSelectionState();\n    }\n\n    function normalizeSurveyTaskName(value) {\n        return normalizeNearMatchTaskName(value).replace(/^survey-/, \'\');\n    }\n\n    function getSelectedIdMapFingerprint() {\n        const selectedFile = convertIdMapFile && convertIdMapFile.files && convertIdMapFile.files[0]\n            ? convertIdMapFile.files[0]\n            : null;\n        if (!selectedFile) {\n            return \'\';\n        }\n        const lastModified = Number.isFinite(Number(selectedFile.lastModified))\n            ? Number(selectedFile.lastModified)\n            : 0;\n        return `id-map:${selectedFile.name}:${selectedFile.size}:${lastModified}`;\n    }\n\n    function getSurveyPreviewContextKey({ includeValueOffsets = true } = {}) {\n        const templateSelections = getTemplateVersionSelections()\n            .map((entry) => ({\n                task: normalizeSurveyTaskName(entry && entry.task),\n                session: entry && entry.session ? String(entry.session) : \'\',\n                run: entry && entry.run ? String(entry.run) : \'\',\n                version: entry && entry.version ? String(entry.version) : \'\'\n            }))\n            .sort((left, right) => {\n                const leftKey = `${left.task}::${left.session}::${left.run}::${left.version}`;\n                const rightKey = `${right.task}::${right.session}::${right.run}::${right.version}`;\n                return leftKey.localeCompare(rightKey);\n            });\n\n        return JSON.stringify({\n            input: getSelectedSurveyFingerprint(),\n            idMap: getSelectedIdMapFingerprint(),\n            idColumn: String(convertIdColumn?.value || \'\').trim(),\n            session: String(getSurveySessionValue() || \'\').trim(),\n            sessionColumn: String(convertSessionColumnOverride?.value || \'\').trim(),\n            runColumn: String(convertRunColumnOverride?.value || \'\').trim(),\n            surveyFilter: isAdvancedOptionsEnabled() && convertDatasetName\n                ? String(convertDatasetName.value || \'\').trim().toLowerCase()\n                : \'\',\n            language: isAdvancedOptionsEnabled() && convertLanguage\n                ? String(convertLanguage.value || \'auto\').trim().toLowerCase()\n                : \'auto\',\n            separator: getSelectedSeparator(getSelectedSurveyFilename().toLowerCase()),\n            valueOffsetsText: includeValueOffsets && isAdvancedOptionsEnabled() && convertValueOffsets\n                ? String(convertValueOffsets.value || \'\').trim()\n                : \'\',\n            nearMatchTasks: getEffectiveNearMatchTasks().map(normalizeSurveyTaskName).sort(),\n            templateSelections,\n        });\n    }\n\n    function clearSurveyPreviewSelectionState() {\n        surveyPreviewSelectionState = {\n            previewKey: \'\',\n            availableTasks: [],\n            selectedTasks: []\n        };\n        renderTaskValueOffsetEditor();\n    }\n\n    function setSurveyPreviewSelectionState(taskSummaries, previewKey = getSurveyPreviewContextKey()) {\n        if (!Array.isArray(taskSummaries) || taskSummaries.length === 0) {\n            clearSurveyPreviewSelectionState();\n            return;\n        }\n\n        const availableTasks = taskSummaries\n            .map((entry) => normalizeSurveyTaskName(entry && entry.task))\n            .filter(Boolean);\n        const selectedTasks = taskSummaries\n            .filter((entry) => entry && entry.selected !== false)\n            .map((entry) => normalizeSurveyTaskName(entry && entry.task))\n            .filter(Boolean);\n\n        surveyPreviewSelectionState = {\n            previewKey,\n            availableTasks,\n            selectedTasks: selectedTasks.length > 0 ? selectedTasks : [...availableTasks]\n        };\n        renderTaskValueOffsetEditor();\n    }\n\n    function setSurveyPreviewSelectedTasks(selectedTasks) {\n        surveyPreviewSelectionState = {\n            ...surveyPreviewSelectionState,\n            selectedTasks: Array.isArray(selectedTasks) ? selectedTasks : []\n        };\n    }\n\n    function hasFreshSurveyPreviewSelectionState() {\n        return Boolean(\n            surveyPreviewSelectionState.previewKey\n            && surveyPreviewSelectionState.availableTasks.length > 0\n            && surveyPreviewSelectionState.previewKey === getSurveyPreviewContextKey()\n        );\n    }\n\n    function isPreviewStaleOnlyByOffsetChanges() {\n        if (!surveyPreviewSelectionState.previewKey || surveyPreviewSelectionState.availableTasks.length === 0) {\n            return false;\n        }\n\n        let previousPayload;\n        let currentPayload;\n        try {\n            previousPayload = JSON.parse(surveyPreviewSelectionState.previewKey);\n            currentPayload = JSON.parse(getSurveyPreviewContextKey());\n        } catch (_error) {\n            return false;\n        }\n\n        if (!previousPayload || !currentPayload || typeof previousPayload !== \'object\' || typeof currentPayload !== \'object\') {\n            return false;\n        }\n\n        const previousWithoutOffsets = { ...previousPayload, valueOffsetsText: \'\' };\n        const currentWithoutOffsets = { ...currentPayload, valueOffsetsText: \'\' };\n\n        return (\n            JSON.stringify(previousWithoutOffsets) === JSON.stringify(currentWithoutOffsets)\n            && String(previousPayload.valueOffsetsText || \'\') !== String(currentPayload.valueOffsetsText || \'\')\n        );\n    }\n\n    function updateSurveyWorkflowHint({\n        hasFile,\n        blockedByTemplateGate,\n        versionSelectionsPending,\n        valueOffsetSelectionsPending,\n        hasFreshPreviewReview,\n        hasSelectedPreviewTasks,\n        isConvertRunning,\n        isPreviewRunning,\n    }) {\n        if (!surveyWorkflowHint) {\n            return;\n        }\n\n        let message = \'\';\n        let className = \'form-text text-muted mb-2\';\n\n        if (isConvertRunning) {\n            message = \'Step 5 is running. Wait for conversion to finish before changing workflow inputs.\';\n            className = \'form-text text-warning mb-2\';\n        } else if (isPreviewRunning) {\n            message = \'Step 4 is running. Review output when preview completes.\';\n            className = \'form-text text-info mb-2\';\n        } else if (!hasFile) {\n            message = \'Step 1: Choose a survey source file to begin.\';\n        } else if (versionSelectionsPending) {\n            message = \'Apply questionnaire version selections, then continue with Step 4 (Preview).\';\n            className = \'form-text text-warning mb-2\';\n        } else if (valueOffsetSelectionsPending) {\n            message = \'Apply manual offsets, then continue with Step 4 (Preview).\';\n            className = \'form-text text-warning mb-2\';\n        } else if (blockedByTemplateGate) {\n            message = \'Project template metadata is incomplete. Finish template edits, then rerun Step 4 (Preview).\';\n            className = \'form-text text-warning mb-2\';\n        } else if (!hasFreshPreviewReview) {\n            if (isPreviewStaleOnlyByOffsetChanges()) {\n                message = \'Manual offsets changed. Run Step 4 (Preview) again to validate the new scale handling before Step 5 unlocks.\';\n            } else {\n                message = \'Run Step 4 (Preview) after your latest changes before converting.\';\n            }\n            className = \'form-text text-warning mb-2\';\n        } else if (!hasSelectedPreviewTasks) {\n            message = \'Select at least one survey in Preview Review, then continue to Step 5.\';\n            className = \'form-text text-warning mb-2\';\n        } else {\n            message = \'Ready for Step 5: Convert selected surveys.\';\n            className = \'form-text text-success mb-2\';\n        }\n\n        surveyWorkflowHint.className = className;\n        surveyWorkflowHint.textContent = message;\n    }\n\n    function getSelectedSurveyTasksForConversion() {\n        const selectedTasks = Array.isArray(surveyPreviewSelectionState.selectedTasks)\n            ? surveyPreviewSelectionState.selectedTasks.map(normalizeSurveyTaskName).filter(Boolean)\n            : [];\n        const availableTaskSet = new Set(\n            (surveyPreviewSelectionState.availableTasks || []).map(normalizeSurveyTaskName).filter(Boolean)\n        );\n        return selectedTasks.filter((task) => availableTaskSet.has(task));\n    }\n\n    async function refreshSurveyColumnsBeforeRun() {\n        const selectedFile = getSelectedSurveyFile();\n        const sourceFilePath = selectedFile ? \'\' : convertServerFilePath;\n        const currentFingerprint = getSelectedSurveyFingerprint();\n\n        if (!currentFingerprint) {\n            return;\n        }\n\n        // Server-picked files are refreshed every run so external saves are picked up.\n        const shouldRefresh = Boolean(sourceFilePath) || currentFingerprint !== lastDetectedSurveyFingerprint;\n        if (!shouldRefresh) {\n            return;\n        }\n\n        await detectFileColumns(selectedFile, sourceFilePath);\n    }\n\n    function enrichSurveyRunErrorMessage(message) {\n        const baseMessage = String(message || \'Conversion failed\');\n        const normalized = baseMessage.toLowerCase();\n        const isGenericPatternMessage = normalized === \'the string did not match the expected pattern.\';\n        if (isGenericPatternMessage) {\n            return \'Server response could not be parsed. Please retry once. If it persists, check backend logs for survey prepare/preview endpoint errors.\';\n        }\n        const isDuplicateNormalizationError = normalized.includes(\'duplicate entries after normalization\');\n        if (!isDuplicateNormalizationError) {\n            return baseMessage;\n        }\n\n        if (getSelectedSurveyFile()) {\n            return `${baseMessage} If you edited the spreadsheet in Excel, save it and select the file again before retrying.`;\n        }\n\n        return baseMessage;\n    }\n\n    function normalizeNearMatchTaskName(value) {\n        return String(value || \'\').trim().toLowerCase();\n    }\n\n    function normalizeTaskValueOffsets(offsetMap) {\n        return normalizeTaskValueOffsetsMap(offsetMap, normalizeNearMatchTaskName);\n    }\n\n    function ensureSurveyAdvancedOptionsVisible() {\n        if (convertAdvancedToggle && !convertAdvancedToggle.checked) {\n            convertAdvancedToggle.checked = true;\n        }\n        applyAdvancedOptionsState();\n        if (\n            surveyAdvancedOptionsPanel\n            && window.bootstrap\n            && window.bootstrap.Collapse\n        ) {\n            window.bootstrap.Collapse.getOrCreateInstance(\n                surveyAdvancedOptionsPanel,\n                { toggle: false },\n            ).show();\n        }\n    }\n\n    function openAdvancedOptionsValueOffsetEditor() {\n        ensureSurveyAdvancedOptionsVisible();\n        focusTaskValueOffsetEditor();\n    }\n\n    function parseTaskValueOffsetsText(rawText) {\n        return parseTaskValueOffsetsTextWithNormalizer(rawText, normalizeNearMatchTaskName);\n    }\n\n    function getManualValueOffsetReviewMessage(payload, mode) {\n        const modeLabel = mode === \'convert\' ? \'conversion\' : \'preview\';\n        const task = normalizeNearMatchTaskName(payload && payload.task) || \'unknown task\';\n        const itemId = String(payload && payload.item_id || \'\').trim();\n        const rawValue = payload && payload.raw_value;\n        const backendMessage = String(payload && payload.message || \'\').trim();\n        const expectedLevels = Array.isArray(payload && payload.expected_levels)\n            ? payload.expected_levels.map((entry) => String(entry)).filter(Boolean)\n            : [];\n        const suggestedOffsets = collectSuggestedValueOffsets(payload);\n        const configuredOffset = parseNumericOffsetValue(payload && payload.configured_offset);\n        const offsetEvidence = (\n            payload\n            && payload.offset_evidence\n            && typeof payload.offset_evidence === \'object\'\n        ) ? payload.offset_evidence : null;\n        const summary = offsetEvidence && typeof offsetEvidence.summary_message === \'string\'\n            ? offsetEvidence.summary_message.trim()\n            : \'\';\n        const evidenceClassification = offsetEvidence && typeof offsetEvidence.classification === \'string\'\n            ? offsetEvidence.classification.trim().toLowerCase()\n            : \'\';\n        const classificationHint = evidenceClassification === \'structural_offset_likely\'\n            ? \'Flag: this pattern looks like a possible task-wide scale offset.\'\n            : evidenceClassification === \'item_issues_likely\'\n                ? \'Flag: this pattern may not be a single task-wide scale offset.\'\n                : \'\';\n        const reviewSummary = summary || classificationHint || backendMessage;\n\n        const lines = [\n            `Survey ${modeLabel} stopped because task ${task} has values outside the template scale.`,\n            itemId ? `Item: ${itemId}` : null,\n            rawValue !== undefined ? `Observed value: ${String(rawValue)}` : null,\n            expectedLevels.length > 0 ? `Expected levels: ${expectedLevels.join(\', \')}` : null,\n            configuredOffset !== null\n                ? `Current manual offset: ${formatSignedOffset(configuredOffset)} (did not resolve this dataset)`\n                : null,\n            suggestedOffsets.length > 0\n                ? `Suggested offset${suggestedOffsets.length === 1 ? \'\' : \'s\'}: ${suggestedOffsets.map((entry) => formatSignedOffset(entry)).join(\', \')}`\n                : null,\n            reviewSummary || null,\n            \'Recommended first: fix out-of-range source values, then run Preview again.\',\n            \'Manual task offsets are applied to observed data values (value + offset), not to template scales.\',\n            \'Optional fallback: if you are certain this task is coded on a shifted numeric scale, enter a manual task offset and run Preview again.\',\n        ].filter(Boolean);\n\n        return lines.join(\'\\n\');\n    }\n\n    function showManualValueOffsetReview(payload, mode, selectedValueOffsets = {}) {\n        if (convertValueOffsetAdvice) {\n            convertValueOffsetAdvice.textContent = getManualValueOffsetReviewMessage(payload, mode);\n            convertValueOffsetAdvice.classList.remove(\'d-none\');\n        }\n\n        const task = normalizeNearMatchTaskName(payload && payload.task);\n        const configuredOffset = parseNumericOffsetValue(payload && payload.configured_offset);\n        if (\n            task\n            && configuredOffset !== null\n            && isConfiguredOffsetFailureForCurrentSelection(payload, selectedValueOffsets)\n        ) {\n            convertInfo.textContent = `Manual task offset ${formatSignedOffset(configuredOffset)} for ${task} did not resolve this dataset. Update Advanced options and run Preview again.`;\n            ensureSurveyAdvancedOptionsVisible();\n        } else {\n            convertInfo.textContent = \'Out-of-range values were found. Fix source values first, then run Preview again. Manual task offsets are optional in Advanced options.\';\n        }\n        convertInfo.classList.remove(\'d-none\');\n        appendLog(getManualValueOffsetReviewMessage(payload, mode), \'warning\');\n        if (\n            task\n            && configuredOffset !== null\n            && isConfiguredOffsetFailureForCurrentSelection(payload, selectedValueOffsets)\n        ) {\n            const rowId = ensureTaskValueOffsetEditorRow(task);\n            focusTaskValueOffsetEditor(rowId);\n        }\n    }\n\n    function clearRetryResolutionState() {\n        confirmedNearMatchTasks = [];\n    }\n\n    function isAbortError(error) {\n        if (!error) {\n            return false;\n        }\n        const errorName = String(error.name || \'\').toLowerCase();\n        if (errorName === \'aborterror\') {\n            return true;\n        }\n        const errorMessage = String(error.message || \'\').toLowerCase();\n        return errorMessage.includes(\'aborted\') || errorMessage.includes(\'aborterror\');\n    }\n\n    function mergeNearMatchTasks(existingTasks, nextTasks) {\n        return [...new Set(\n            ([])\n                .concat(Array.isArray(existingTasks) ? existingTasks : [])\n                .concat(Array.isArray(nextTasks) ? nextTasks : [])\n                .map((task) => normalizeNearMatchTaskName(task))\n                .filter(Boolean)\n        )];\n    }\n\n    function offsetsAreEqual(left, right, tolerance = 1e-9) {\n        const leftValue = Number(left);\n        const rightValue = Number(right);\n        if (!Number.isFinite(leftValue) || !Number.isFinite(rightValue)) {\n            return false;\n        }\n        return Math.abs(leftValue - rightValue) <= tolerance;\n    }\n\n    function getAppliedTaskOffset(offsetMap, taskName) {\n        const normalizedOffsets = normalizeTaskValueOffsets(offsetMap);\n        const normalizedTask = normalizeNearMatchTaskName(taskName);\n        if (normalizedTask && Object.prototype.hasOwnProperty.call(normalizedOffsets, normalizedTask)) {\n            return normalizedOffsets[normalizedTask];\n        }\n        if (Object.prototype.hasOwnProperty.call(normalizedOffsets, \'*\')) {\n            return normalizedOffsets[\'*\'];\n        }\n        return null;\n    }\n\n    function isConfiguredOffsetFailureForCurrentSelection(payload, selectedOffsets) {\n        const configuredOffset = parseNumericOffsetValue(payload && payload.configured_offset);\n        if (configuredOffset === null) {\n            return false;\n        }\n        const task = normalizeNearMatchTaskName(payload && payload.task);\n        const appliedOffset = getAppliedTaskOffset(selectedOffsets, task);\n        if (appliedOffset === null) {\n            return false;\n        }\n        return offsetsAreEqual(configuredOffset, appliedOffset);\n    }\n\n    function getEffectiveNearMatchTasks(nextTasks = null) {\n        return mergeNearMatchTasks(\n            confirmedNearMatchTasks,\n            Array.isArray(nextTasks) ? nextTasks : []\n        );\n    }\n\n    function getEffectiveTaskValueOffsets(retryOffsets = null) {\n        const appliedManualOffsets = hasAppliedTaskValueOffsetSelections()\n            ? getManualTaskValueOffsets()\n            : {};\n        return normalizeTaskValueOffsets({\n            ...appliedManualOffsets,\n            ...normalizeTaskValueOffsets(retryOffsets),\n        });\n    }\n\n    function hasCompleteVersionWizardSelections() {\n        const multivariantTasks = (\n            versionWizardState\n            && versionWizardState.multivariantTasks\n            && typeof versionWizardState.multivariantTasks === \'object\'\n        )\n            ? versionWizardState.multivariantTasks\n            : {};\n\n        const entries = Object.entries(multivariantTasks).filter(([, info]) => {\n            return Array.isArray(info?.versions) && info.versions.length > 1;\n        });\n        if (entries.length === 0) {\n            return true;\n        }\n\n        const contexts = deriveDetectedContexts(\n            versionWizardState?.taskRuns || {},\n            versionWizardState?.previewParticipants || [],\n            versionWizardState?.detectedSessions || []\n        );\n        const effectiveContexts = Array.isArray(contexts) && contexts.length > 0\n            ? contexts\n            : [{ session: null, run: null }];\n\n        return entries.every(([task, info]) => {\n            const allowedVersions = info.versions\n                .map((value) => String(value || \'\').trim())\n                .filter(Boolean);\n\n            if (allowedVersions.length <= 1) {\n                return true;\n            }\n\n            return effectiveContexts.every((context) => {\n                const selectionKey = buildVersionSelectionKey({\n                    task,\n                    session: context && Object.prototype.hasOwnProperty.call(context, \'session\')\n                        ? context.session\n                        : null,\n                    run: context && Object.prototype.hasOwnProperty.call(context, \'run\')\n                        ? context.run\n                        : null,\n                });\n                const selectedVersion = String(selectedTemplateVersions[selectionKey] || \'\').trim();\n                return Boolean(selectedVersion && allowedVersions.includes(selectedVersion));\n            });\n        });\n    }\n\n    function applyPreparedSurveyWorkflowContext(data) {\n        const multivariantTasks = (data && typeof data.multivariant_tasks === \'object\' && data.multivariant_tasks)\n            ? data.multivariant_tasks\n            : {};\n        if (Object.keys(multivariantTasks).length > 0) {\n            buildVersionWizard(\n                multivariantTasks,\n                (data && typeof data.task_runs === \'object\' && data.task_runs) || {},\n                Array.isArray(data?.preview_participants) ? data.preview_participants : [],\n                Array.isArray(data?.detected_sessions) ? data.detected_sessions : []\n            );\n        } else {\n            hideVersionWizard();\n        }\n\n        templateWorkflowGate = (\n            data\n            && data.workflow_gate\n            && typeof data.workflow_gate === \'object\'\n        ) ? data.workflow_gate : null;\n        setTemplateEditorErrorCtaVisible(Boolean(templateWorkflowGate && templateWorkflowGate.blocked));\n\n        return multivariantTasks;\n    }\n\n    function applySurveyPickerUiState() {\n        const connectedToServer = prefersServerPicker();\n\n        if (browseServerSurveyFileBtn) {\n            browseServerSurveyFileBtn.classList.toggle(\'d-none\', !connectedToServer);\n        }\n\n        if (convertExcelFile) {\n            convertExcelFile.disabled = connectedToServer;\n            convertExcelFile.title = connectedToServer ? \'Connected-to-server mode: use Browse Server File.\' : \'\';\n        }\n    }\n\n    async function pickServerSurveyFile() {\n        return pickServerFile({\n            title: \'Select Survey File on Server\',\n            confirmLabel: \'Use This File\',\n            extensions: \'.xlsx,.lsa,.csv,.tsv,.sav,.rds,.rdata,.rda\',\n            startPath: convertServerFilePath || \'\'\n        });\n    }\n\n    function normalizeVersionSelectionSession(session) {\n        return normalizeVersionSelectionSessionWithUtils(session);\n    }\n\n    function normalizeVersionSelectionRun(run) {\n        return normalizeVersionSelectionRunWithUtils(run);\n    }\n\n    function buildVersionSelectionKey({ task, session = null, run = null }) {\n        return buildVersionSelectionKeyWithUtils({ task, session, run });\n    }\n\n    function getTimelineRunSortMeta(value) {\n        return getTimelineRunSortMetaWithUtils(value);\n    }\n\n    function getTemplateVersionSelections() {\n        const contextualSelections = Object.entries(selectedTemplateVersions)\n            .map(([key, version]) => {\n                const [task, sessionToken, runToken] = String(key).split(\'::\');\n                const cleanTask = String(task || \'\').trim().toLowerCase();\n                const cleanVersion = String(version || \'\').trim();\n                const normalizedRun = normalizeVersionSelectionRun(runToken);\n                if (!cleanTask || !cleanVersion) return null;\n                return {\n                    task: cleanTask,\n                    session: sessionToken && sessionToken !== \'base\' ? sessionToken : null,\n                    run: normalizedRun,\n                    version: cleanVersion\n                };\n            })\n            .filter(Boolean);\n\n        const selectionsByTask = new Map();\n        contextualSelections.forEach((entry) => {\n            const task = String(entry?.task || \'\').trim().toLowerCase();\n            const version = String(entry?.version || \'\').trim();\n            if (!task || !version) return;\n            if (!selectionsByTask.has(task)) {\n                selectionsByTask.set(task, new Set());\n            }\n            selectionsByTask.get(task).add(version);\n        });\n\n        const fallbackSelections = [];\n        selectionsByTask.forEach((versionSet, task) => {\n            if (!(versionSet instanceof Set) || versionSet.size !== 1) {\n                return;\n            }\n            const onlyVersion = Array.from(versionSet)[0];\n            if (!onlyVersion) {\n                return;\n            }\n            fallbackSelections.push({\n                task,\n                session: null,\n                run: null,\n                version: onlyVersion,\n            });\n        });\n\n        const merged = [...contextualSelections, ...fallbackSelections];\n        const deduped = [];\n        const seen = new Set();\n        merged.forEach((entry) => {\n            if (!entry) return;\n            const key = [\n                String(entry.task || \'\').trim().toLowerCase(),\n                entry.session ? String(entry.session).trim() : \'\',\n                entry.run ? String(entry.run).trim() : \'\',\n                String(entry.version || \'\').trim(),\n            ].join(\'::\');\n            if (!key || seen.has(key)) return;\n            seen.add(key);\n            deduped.push(entry);\n        });\n\n        return deduped;\n    }\n\n    function hasMultiVersionWizardTasks() {\n        return Object.values(versionWizardState?.multivariantTasks || {}).some((info) => {\n            return Array.isArray(info?.versions) && info.versions.length > 1;\n        });\n    }\n\n    function getCurrentTemplateVersionSelectionSignature() {\n        if (!hasMultiVersionWizardTasks()) {\n            return \'\';\n        }\n\n        const multivariantTasks = Object.entries(versionWizardState?.multivariantTasks || {})\n            .map(([task, info]) => {\n                const versions = Array.isArray(info?.versions)\n                    ? info.versions.map((value) => String(value || \'\').trim()).filter(Boolean).sort()\n                    : [];\n\n                return {\n                    task: normalizeSurveyTaskName(task),\n                    versions,\n                };\n            })\n            .filter((entry) => entry.task && entry.versions.length > 1)\n            .sort((left, right) => left.task.localeCompare(right.task));\n\n        const selections = getTemplateVersionSelections()\n            .map((entry) => ({\n                task: normalizeSurveyTaskName(entry && entry.task),\n                session: entry && entry.session ? String(entry.session) : \'\',\n                run: entry && entry.run ? String(entry.run) : \'\',\n                version: entry && entry.version ? String(entry.version) : \'\',\n            }))\n            .sort((left, right) => {\n                const leftKey = `${left.task}::${left.session}::${left.run}::${left.version}`;\n                const rightKey = `${right.task}::${right.session}::${right.run}::${right.version}`;\n                return leftKey.localeCompare(rightKey);\n            });\n\n        return JSON.stringify({ multivariantTasks, selections });\n    }\n\n    function hasAppliedVersionWizardSelections() {\n        if (!hasMultiVersionWizardTasks()) {\n            return true;\n        }\n        if (!hasCompleteVersionWizardSelections()) {\n            return false;\n        }\n\n        const currentSignature = getCurrentTemplateVersionSelectionSignature();\n        return Boolean(\n            currentSignature\n            && appliedTemplateVersionSelectionSignature\n            && currentSignature === appliedTemplateVersionSelectionSignature\n        );\n    }\n\n    function updateVersionWizardActionState() {\n        const wizardVisible = Boolean(\n            surveyVersionWizard\n            && !surveyVersionWizard.classList.contains(\'d-none\')\n            && hasMultiVersionWizardTasks()\n        );\n        const hasCompleteSelections = hasCompleteVersionWizardSelections();\n        const hasAppliedSelections = wizardVisible && hasAppliedVersionWizardSelections();\n\n        if (surveyVersionWizardApplyBtn) {\n            surveyVersionWizardApplyBtn.classList.toggle(\'d-none\', !wizardVisible);\n            surveyVersionWizardApplyBtn.disabled = !wizardVisible || !hasCompleteSelections || isConvertRunning || isPreviewRunning;\n            surveyVersionWizardApplyBtn.innerHTML = hasAppliedSelections\n                ? \'<i class="fas fa-check me-2"></i>Questionnaire Versions Applied\'\n                : \'<i class="fas fa-list-check me-2"></i>Use These Versions\';\n            surveyVersionWizardApplyBtn.classList.remove(\'btn-outline-primary\', \'btn-success\');\n            surveyVersionWizardApplyBtn.classList.add(hasAppliedSelections ? \'btn-success\' : \'btn-outline-primary\');\n\n            if (!wizardVisible) {\n                surveyVersionWizardApplyBtn.removeAttribute(\'title\');\n            } else if (!hasCompleteSelections) {\n                surveyVersionWizardApplyBtn.title = \'Choose a version for each questionnaire context first.\';\n            } else if (isConvertRunning || isPreviewRunning) {\n                surveyVersionWizardApplyBtn.title = \'Wait for the current run to finish.\';\n            } else if (hasAppliedSelections) {\n                surveyVersionWizardApplyBtn.title = \'Preview is unlocked for the current questionnaire version selection.\';\n            } else {\n                surveyVersionWizardApplyBtn.title = \'Apply these questionnaire versions before Preview validation can run.\';\n            }\n        }\n\n        if (surveyVersionWizardStatus) {\n            surveyVersionWizardStatus.classList.toggle(\'d-none\', !wizardVisible);\n            surveyVersionWizardStatus.classList.remove(\'text-muted\', \'text-success\');\n\n            if (!wizardVisible) {\n                surveyVersionWizardStatus.textContent = \'\';\n            } else if (hasAppliedSelections) {\n                surveyVersionWizardStatus.classList.add(\'text-success\');\n                surveyVersionWizardStatus.textContent = \'Selections applied. Preview validation is available.\';\n            } else {\n                surveyVersionWizardStatus.classList.add(\'text-muted\');\n                surveyVersionWizardStatus.textContent = \'Review the selectors, then click Use These Versions before running Preview validation.\';\n            }\n        }\n    }\n\n    function hideVersionWizard() {\n        if (surveyVersionWizard) surveyVersionWizard.classList.add(\'d-none\');\n        if (surveyVersionWizardBody) surveyVersionWizardBody.innerHTML = \'\';\n        if (surveyVersionWizardCount) surveyVersionWizardCount.textContent = \'\';\n        selectedTemplateVersions = {};\n        appliedTemplateVersionSelectionSignature = \'\';\n        versionWizardState = { multivariantTasks: {}, taskRuns: {}, previewParticipants: [], detectedSessions: [] };\n        updateVersionWizardActionState();\n    }\n\n    function normalizeTimelineSessionToken(value) {\n        return normalizeTimelineSessionTokenWithUtils(value);\n    }\n\n    function getTimelineSessionSortMeta(value) {\n        return getTimelineSessionSortMetaWithUtils(value);\n    }\n\n    function compareTimelineSessions(left, right) {\n        return compareTimelineSessionsWithUtils(left, right);\n    }\n\n    function compareTimelineContexts(left, right) {\n        return compareTimelineContextsWithUtils(left, right);\n    }\n\n    function deriveDetectedContexts(taskRuns, previewParticipants, detectedSessions = []) {\n        return deriveDetectedContextsWithUtils(taskRuns, previewParticipants, detectedSessions);\n    }\n\n    function getCurrentSessionLabel() {\n        const currentSession = getSurveySessionValue();\n        if (!currentSession) return \'current session\';\n        return currentSession === \'all\' ? \'all detected sessions\' : `session ${currentSession}`;\n    }\n\n    function buildVariantDefinitionBadges(variantDefinitions, selectedVersion) {\n        if (!Array.isArray(variantDefinitions) || variantDefinitions.length === 0) {\n            return \'\';\n        }\n\n        return variantDefinitions\n            .map((entry) => {\n                if (!entry || typeof entry !== \'object\') return \'\';\n                const variantId = String(entry.VariantID || \'\').trim();\n                if (!variantId) return \'\';\n                const itemCount = entry.ItemCount ? `, ${entry.ItemCount} items` : \'\';\n                const scaleType = entry.ScaleType ? `, ${entry.ScaleType}` : \'\';\n                const badgeClass = variantId === selectedVersion\n                    ? \'survey-version-variant-badge survey-version-variant-badge-active\'\n                    : \'survey-version-variant-badge\';\n                return `<span class="badge ${badgeClass}">${variantId}${itemCount}${scaleType}</span>`;\n            })\n            .filter(Boolean)\n            .join(\' \');\n    }\n\n    function formatVersionWizardSessionLabel(session, fallbackLabel) {\n        const rawValue = String(session || fallbackLabel || \'\').trim();\n        if (!rawValue) return \'Session current\';\n        if (rawValue.toLowerCase() === \'all detected sessions\') return rawValue;\n        const normalizedValue = rawValue.replace(/^ses-/i, \'\').replace(/[-_]+/g, \' \').trim();\n        if (!normalizedValue) return \'Session current\';\n        return `Session ${normalizedValue}`;\n    }\n\n    function formatVersionWizardRunLabel(run) {\n        const normalizedRun = normalizeVersionSelectionRun(run);\n        if (!normalizedRun) return \'Single run\';\n        const token = normalizedRun.replace(/^run-/i, \'\');\n        return /^\\d+$/.test(token) ? `Run ${token.padStart(2, \'0\')}` : `Run ${token}`;\n    }\n\n    function buildVersionWizard(multivariantTasks, taskRuns = {}, previewParticipants = [], detectedSessions = []) {\n        if (!surveyVersionWizard || !surveyVersionWizardBody) return;\n\n        versionWizardState = { multivariantTasks, taskRuns, previewParticipants, detectedSessions };\n\n        const entries = Object.entries(multivariantTasks || {}).filter(([, info]) => Array.isArray(info?.versions) && info.versions.length > 1);\n        if (entries.length === 0) {\n            hideVersionWizard();\n            return;\n        }\n\n        const detectedContexts = deriveDetectedContexts(taskRuns, previewParticipants, detectedSessions);\n        const sessionLabel = getCurrentSessionLabel();\n        const nextSelections = {};\n        let timelineStep = 0;\n        surveyVersionWizardBody.innerHTML = \'\';\n\n        const updateVersionSelectionFromSelect = (selectEl, selectedVersion, variantDefinitions = []) => {\n            const task = String(selectEl.dataset.task || \'\').trim().toLowerCase();\n            const sessionValue = String(selectEl.dataset.session || \'\').trim();\n            const rawRun = String(selectEl.dataset.run || \'\').trim();\n            if (!task) return;\n            const normalizedSelection = String(selectedVersion || \'\').trim();\n            const selectionKey = buildVersionSelectionKey({\n                task,\n                session: sessionValue || null,\n                run: rawRun || null,\n            });\n            selectedTemplateVersions[selectionKey] = normalizedSelection;\n            selectEl.value = normalizedSelection;\n            const badgeContainer = selectEl.closest(\'.survey-version-row\')?.querySelector(\'.survey-version-variant-badges\');\n            if (badgeContainer) {\n                badgeContainer.innerHTML = buildVariantDefinitionBadges(variantDefinitions, normalizedSelection);\n            }\n        };\n\n        entries.sort(([a], [b]) => a.localeCompare(b)).forEach(([task, info]) => {\n            const versions = info.versions.map((value) => String(value).trim()).filter(Boolean);\n            if (versions.length <= 1) return;\n\n            const contexts = (detectedContexts.length > 0 ? detectedContexts : [{ session: null, run: null }]).slice().sort(compareTimelineContexts);\n            const requestedSelection = String(info.selected_version || info.default_version || versions[0]).trim() || versions[0];\n            const normalizedRequestedSelection = versions.includes(requestedSelection) ? requestedSelection : versions[0];\n\n            const contextSelections = contexts.map((context) => {\n                const selectionKey = buildVersionSelectionKey({ task, session: context.session, run: context.run });\n                const existingSelection = String(selectedTemplateVersions[selectionKey] || \'\').trim();\n                const normalizedExistingSelection = existingSelection && versions.includes(existingSelection)\n                    ? existingSelection\n                    : \'\';\n                return {\n                    context,\n                    selectionKey,\n                    preferredSelection: normalizedExistingSelection || normalizedRequestedSelection,\n                    existingSelection: normalizedExistingSelection,\n                };\n            });\n\n            const existingDistinctSelections = new Set(\n                contextSelections\n                    .map((entry) => entry.existingSelection)\n                    .filter(Boolean)\n            );\n            const useSharedSelectionByDefault = existingDistinctSelections.size <= 1;\n            const sharedSelection = existingDistinctSelections.size === 1\n                ? Array.from(existingDistinctSelections)[0]\n                : normalizedRequestedSelection;\n\n            if (useSharedSelectionByDefault) {\n                contextSelections.forEach((entry) => {\n                    entry.preferredSelection = sharedSelection;\n                });\n            }\n\n            const taskToken = String(task).replace(/[^a-zA-Z0-9_-]/g, \'_\');\n            const bulkToggleId = `surveyVersionBulkMode-${taskToken}`;\n            const bulkSelectId = `surveyVersionBulkSelect-${taskToken}`;\n            const group = document.createElement(\'div\');\n            group.className = \'col-12\';\n            group.innerHTML = `\n                <div class="survey-version-group survey-version-group-compact">\n                    <div class="survey-version-group-header">\n                        <div>\n                            <div class="survey-version-group-label">Questionnaire</div>\n                            <div class="survey-version-group-title">${task}</div>\n                        </div>\n                        <div class="survey-version-group-meta">\n                            <span class="badge survey-version-meta-badge">${contexts.length} context${contexts.length === 1 ? \'\' : \'s\'}</span>\n                            <span class="badge survey-version-meta-badge survey-version-meta-badge-strong">${versions.length} versions</span>\n                        </div>\n                    </div>\n                    <div class="survey-version-bulk-controls">\n                        <div class="form-check form-switch survey-version-bulk-toggle">\n                            <input class="form-check-input survey-version-bulk-mode" type="checkbox" id="${bulkToggleId}" ${useSharedSelectionByDefault ? \'checked\' : \'\'}>\n                            <label class="form-check-label small survey-version-bulk-label" for="${bulkToggleId}">Use one version for all sessions/runs (recommended)</label>\n                        </div>\n                        <div class="survey-version-bulk-row">\n                            <label class="form-label small" for="${bulkSelectId}">All sessions/runs</label>\n                            <select class="form-select form-select-sm survey-version-bulk-select" id="${bulkSelectId}">\n                                ${versions.map((version) => `<option value="${version}"${version === sharedSelection ? \' selected\' : \'\'}>${version}</option>`).join(\'\')}\n                            </select>\n                        </div>\n                    </div>\n                    <div class="survey-version-list"></div>\n                </div>\n            `;\n            const groupList = group.querySelector(\'.survey-version-list\');\n            if (!groupList) return;\n\n            contextSelections.forEach((entry) => {\n                timelineStep += 1;\n                const { context, selectionKey, preferredSelection } = entry;\n                nextSelections[selectionKey] = preferredSelection;\n\n                const contextSessionLabel = formatVersionWizardSessionLabel(context.session, sessionLabel);\n                const runLabel = formatVersionWizardRunLabel(context.run);\n                const selectorId = `surveyVersionSelect-${task}-${String(context.session || \'base\').replace(/[^a-zA-Z0-9_-]/g, \'_\')}-${String(context.run || \'base\').replace(/[^a-zA-Z0-9_-]/g, \'_\')}`;\n                const row = document.createElement(\'div\');\n                row.className = \'survey-version-row\';\n                row.innerHTML = `\n                    <div class="row g-2 align-items-center">\n                        <div class="col-12 col-lg-6">\n                            <div class="small text-uppercase text-muted fw-semibold mb-1">Step ${timelineStep}</div>\n                            <div class="survey-version-context-line" aria-label="${contextSessionLabel}, ${runLabel}">\n                                <span class="survey-version-context-chip survey-version-context-chip-session">${contextSessionLabel}</span>\n                                <span class="survey-version-context-chip survey-version-context-chip-run">${runLabel}</span>\n                            </div>\n                        </div>\n                        <div class="col-12 col-lg-6">\n                            <label class="form-label small mb-1" for="${selectorId}">Version</label>\n                            <select class="form-select form-select-sm survey-version-select" id="${selectorId}" data-task="${task}" data-session="${context.session || \'\'}" data-run="${context.run === null ? \'\' : context.run}">\n                                ${versions.map((version) => `<option value="${version}"${version === preferredSelection ? \' selected\' : \'\'}>${version}</option>`).join(\'\')}\n                            </select>\n                            <div class="small mt-2 survey-version-variant-badges">${buildVariantDefinitionBadges(info.variant_definitions, preferredSelection)}</div>\n                        </div>\n                    </div>\n                `;\n                groupList.appendChild(row);\n            });\n\n            const contextSelectors = Array.from(groupList.querySelectorAll(\'.survey-version-select\'));\n            const bulkModeToggle = group.querySelector(\'.survey-version-bulk-mode\');\n            const bulkSelect = group.querySelector(\'.survey-version-bulk-select\');\n\n            const setContextSelectorsLocked = (locked) => {\n                contextSelectors.forEach((selectEl) => {\n                    selectEl.disabled = locked;\n                    selectEl.classList.toggle(\'survey-version-select-locked\', locked);\n                });\n            };\n\n            const applySharedSelection = (value) => {\n                const normalizedValue = String(value || \'\').trim() || versions[0];\n                contextSelectors.forEach((selectEl) => {\n                    updateVersionSelectionFromSelect(selectEl, normalizedValue, info.variant_definitions);\n                });\n                if (bulkSelect) {\n                    bulkSelect.value = normalizedValue;\n                }\n            };\n\n            contextSelectors.forEach((selectEl) => {\n                selectEl.addEventListener(\'change\', () => {\n                    updateVersionSelectionFromSelect(selectEl, selectEl.value, info.variant_definitions);\n\n                    if (bulkModeToggle && bulkModeToggle.checked) {\n                        applySharedSelection(selectEl.value);\n                    } else if (bulkSelect) {\n                        const values = new Set(contextSelectors.map((entryEl) => String(entryEl.value || \'\').trim()));\n                        if (values.size === 1) {\n                            bulkSelect.value = Array.from(values)[0];\n                        }\n                    }\n\n                    updateVersionWizardActionState();\n                    updateConvertBtn();\n                });\n            });\n\n            bulkSelect?.addEventListener(\'change\', () => {\n                applySharedSelection(bulkSelect.value);\n                updateVersionWizardActionState();\n                updateConvertBtn();\n            });\n\n            bulkModeToggle?.addEventListener(\'change\', () => {\n                const useSharedSelection = Boolean(bulkModeToggle.checked);\n                setContextSelectorsLocked(useSharedSelection);\n                if (useSharedSelection) {\n                    applySharedSelection(bulkSelect ? bulkSelect.value : versions[0]);\n                }\n                updateVersionWizardActionState();\n                updateConvertBtn();\n            });\n\n            setContextSelectorsLocked(Boolean(bulkModeToggle && bulkModeToggle.checked));\n\n            surveyVersionWizardBody.appendChild(group);\n        });\n\n        selectedTemplateVersions = nextSelections;\n        if (surveyVersionWizardCount) {\n            surveyVersionWizardCount.textContent = `${Object.keys(selectedTemplateVersions).length} selector(s)`;\n        }\n        surveyVersionWizard.classList.remove(\'d-none\');\n        updateVersionWizardActionState();\n        updateConvertBtn();\n    }\n\n    function rebuildVersionWizardFromState() {\n        if (!versionWizardState || !versionWizardState.multivariantTasks || Object.keys(versionWizardState.multivariantTasks).length === 0) {\n            return;\n        }\n        buildVersionWizard(\n            versionWizardState.multivariantTasks,\n            versionWizardState.taskRuns,\n            versionWizardState.previewParticipants,\n            versionWizardState.detectedSessions\n        );\n    }\n\n    function appendTemplateVersionSelections(formData) {\n        const selections = getTemplateVersionSelections();\n        if (selections.length > 0) {\n            formData.append(\'template_versions\', JSON.stringify(selections));\n        }\n        return selections;\n    }\n\n    function buildSurveyWorkflowRequestFormData({\n        allowNearItemMatch = false,\n        nearMatchTasks = null,\n        taskValueOffsets = null,\n        selectedTasks = null,\n        includeValidation = false,\n        includeIdMap = true,\n    } = {}) {\n        const formData = new FormData();\n        const currentProjectPath = resolveCurrentProjectPath();\n        if (currentProjectPath) {\n            formData.append(\'project_path\', currentProjectPath);\n        }\n        const inputSelection = appendSurveyInputToFormData(formData);\n        const filename = inputSelection.filename || getSelectedSurveyFilename();\n        if (!inputSelection.filename) {\n            return {\n                formData,\n                inputSelection,\n                filename: \'\',\n                templateSelections: [],\n                selectedNearMatchTasks: [],\n                normalizedOffsets: {},\n                selectedSurveyTasks: [],\n            };\n        }\n\n        const idMap = isAdvancedOptionsEnabled() && convertIdMapFile && convertIdMapFile.files && convertIdMapFile.files[0];\n        if (includeIdMap && idMap) {\n            formData.append(\'id_map\', idMap);\n        }\n\n        const idValue = String(document.getElementById(\'convertIdColumn\')?.value || \'\').trim();\n        if (idValue && idValue !== \'auto\') {\n            formData.append(\'id_column\', idValue);\n        }\n\n        const sessionVal = getSurveySessionValue();\n        if (sessionVal) {\n            formData.append(\'session\', sessionVal);\n        }\n\n        const sessionColVal = (convertSessionColumnOverride && convertSessionColumnOverride.value.trim()) || \'\';\n        const runColVal = (convertRunColumnOverride && convertRunColumnOverride.value.trim()) || \'\';\n        if (sessionColVal) {\n            formData.append(\'session_column\', sessionColVal);\n        }\n        if (runColVal) {\n            formData.append(\'run_column\', runColVal);\n        }\n\n        if (isAdvancedOptionsEnabled() && convertDatasetName && convertDatasetName.value.trim()) {\n            formData.append(\'survey\', convertDatasetName.value.trim());\n        }\n\n        const selectedSurveyTasks = Array.isArray(selectedTasks)\n            ? [...new Set(\n                selectedTasks\n                    .map((task) => normalizeSurveyTaskName(task))\n                    .filter(Boolean)\n            )]\n            : [];\n        if (selectedSurveyTasks.length > 0) {\n            formData.append(\'selected_tasks\', JSON.stringify(selectedSurveyTasks));\n        }\n\n        formData.append(\'language\', (isAdvancedOptionsEnabled() && convertLanguage) ? convertLanguage.value : \'auto\');\n        formData.append(\'separator\', getSelectedSeparator(filename.toLowerCase()));\n\n        const templateSelections = getTemplateVersionSelections();\n        if (templateSelections.length > 0) {\n            formData.append(\'template_versions\', JSON.stringify(templateSelections));\n        }\n\n        const selectedNearMatchTasks = Array.isArray(nearMatchTasks)\n            ? [...new Set(\n                nearMatchTasks\n                    .map((task) => normalizeNearMatchTaskName(task))\n                    .filter(Boolean)\n            )]\n            : [];\n        if (allowNearItemMatch) {\n            formData.append(\'allow_near_item_match\', \'true\');\n            if (selectedNearMatchTasks.length > 0) {\n                formData.append(\'near_match_tasks\', JSON.stringify(selectedNearMatchTasks));\n            }\n        }\n\n        const normalizedOffsets = normalizeTaskValueOffsets(taskValueOffsets);\n        if (Object.keys(normalizedOffsets).length > 0) {\n            formData.append(\'value_offsets\', JSON.stringify(normalizedOffsets));\n        }\n\n        if (!includeValidation) {\n            formData.append(\'validate\', \'false\');\n        }\n\n        return {\n            formData,\n            inputSelection,\n            filename,\n            templateSelections,\n            selectedNearMatchTasks,\n            normalizedOffsets,\n            selectedSurveyTasks,\n        };\n    }\n\n    function cancelVersionWizardSync() {\n        versionWizardSyncRequestId += 1;\n        if (versionWizardSyncTimer) {\n            clearTimeout(versionWizardSyncTimer);\n            versionWizardSyncTimer = null;\n        }\n    }\n\n    function shouldSyncVersionWizardContext() {\n        const filename = getSelectedSurveyFilename();\n        if (!filename || filename.toLowerCase().endsWith(\'.lss\')) {\n            return false;\n        }\n        const idValue = String(document.getElementById(\'convertIdColumn\')?.value || \'\').trim();\n        return Boolean(idValue && idValue !== \'auto\');\n    }\n\n    async function syncVersionWizardContext({\n        showErrors = false,\n        allowNearItemMatch = false,\n        nearMatchTasks = null,\n        taskValueOffsets = null,\n    } = {}) {\n        if (!shouldSyncVersionWizardContext()) {\n            hideVersionWizard();\n            return { hasMultivariant: false, skipped: true };\n        }\n\n        const requestId = ++versionWizardSyncRequestId;\n        const workflowRequest = buildSurveyWorkflowRequestFormData({\n            allowNearItemMatch,\n            nearMatchTasks,\n            taskValueOffsets,\n            includeValidation: false,\n            includeIdMap: false,\n        });\n        if (!workflowRequest.filename) {\n            hideVersionWizard();\n            return { hasMultivariant: false, skipped: true };\n        }\n\n        try {\n            const response = await fetchWithApiFallback(\'/api/survey-detect-version-contexts\', {\n                method: \'POST\',\n                body: workflowRequest.formData,\n            });\n            const data = await parseJsonResponse(response, \'Version context sync\');\n            if (requestId !== versionWizardSyncRequestId) {\n                return;\n            }\n            if (!response.ok) {\n                hideVersionWizard();\n                if (showErrors && data?.error && data.error !== \'id_column_required\') {\n                    convertError.textContent = data.error;\n                    convertError.classList.remove(\'d-none\');\n                }\n                return { hasMultivariant: false, error: true };\n            }\n\n            const mvTasks = (data && typeof data.multivariant_tasks === \'object\' && data.multivariant_tasks)\n                ? data.multivariant_tasks\n                : {};\n            const hasMultivariant = Object.keys(mvTasks).length > 0;\n            if (Object.keys(mvTasks).length > 0) {\n                buildVersionWizard(\n                    mvTasks,\n                    (data && typeof data.task_runs === \'object\' && data.task_runs) || {},\n                    Array.isArray(data?.preview_participants) ? data.preview_participants : [],\n                    Array.isArray(data.detected_sessions) ? data.detected_sessions : []\n                );\n            } else {\n                hideVersionWizard();\n            }\n            return { hasMultivariant };\n        } catch (error) {\n            if (requestId !== versionWizardSyncRequestId) {\n                return { hasMultivariant: false, skipped: true };\n            }\n            hideVersionWizard();\n            if (showErrors) {\n                convertError.textContent = error.message;\n                convertError.classList.remove(\'d-none\');\n            }\n            return { hasMultivariant: false, error: true };\n        }\n    }\n\n    function scheduleVersionWizardContextSync(options = {}) {\n        cancelVersionWizardSync();\n        versionWizardSyncTimer = setTimeout(() => {\n            versionWizardSyncTimer = null;\n            syncVersionWizardContext(options);\n        }, 150);\n    }\n\n    function setTemplateEditorErrorCtaVisible(visible) {\n        if (!templateEditorErrorCta) return;\n        templateEditorErrorCta.classList.toggle(\'d-none\', !visible);\n    }\n\n    function isAdvancedOptionsEnabled() {\n        return Boolean(convertAdvancedToggle && convertAdvancedToggle.checked);\n    }\n\n    const surveyValueOffsetEditorController = createSurveyValueOffsetEditorController({\n        convertAdvancedToggle,\n        convertDatasetName,\n        convertLanguage,\n        convertIdMapFile,\n        clearIdMapFileBtn,\n        convertValueOffsets,\n        convertValueOffsetsEditor,\n        convertValueOffsetRows,\n        convertAddValueOffsetRowBtn,\n        convertApplyValueOffsetsBtn,\n        convertValueOffsetsKnownTasks,\n        convertValueOffsetsEmptyState,\n        convertValueOffsetsStatus,\n        convertValueOffsetAdvice,\n        convertError,\n        convertInfo,\n        isAdvancedOptionsEnabled,\n        getTemplateWorkflowGate: () => templateWorkflowGate,\n        getIsConvertRunning: () => isConvertRunning,\n        getIsPreviewRunning: () => isPreviewRunning,\n        getAppliedTaskValueOffsetSelectionSignature: () => appliedTaskValueOffsetSelectionSignature,\n        setAppliedTaskValueOffsetSelectionSignature: (value) => {\n            appliedTaskValueOffsetSelectionSignature = value;\n        },\n        updateConvertBtn,\n        getNextTaskValueOffsetRowId: () => ++taskValueOffsetRowSequence,\n        getSurveyPreviewSelectionState: () => surveyPreviewSelectionState,\n        getTemplateVersionSelections,\n        getLastPreviewSurveyTasks: () => {\n            return Array.isArray(window.lastPreviewData && window.lastPreviewData.survey_tasks)\n                ? window.lastPreviewData.survey_tasks\n                : [];\n        },\n        getTaskValueOffsetEditorState: () => taskValueOffsetEditorState,\n        setTaskValueOffsetEditorState: (nextState) => {\n            taskValueOffsetEditorState = Array.isArray(nextState) ? nextState : [];\n        },\n        normalizeSurveyTaskName,\n        parseTaskValueOffsetsText,\n        normalizeTaskValueOffsets,\n        parseNumericOffsetValue,\n        formatOffsetMagnitude,\n        formatSignedOffset,\n        escapeHtml,\n    });\n    const surveyValueOffsetEditorAdapter = createSurveyValueOffsetEditorAdapter({\n        surveyValueOffsetEditorController,\n    });\n    const {\n        applyAdvancedOptionsState,\n        createTaskValueOffsetRow,\n        getAvailableSurveyTasksForValueOffsets,\n        getTaskValueOffsetMapFromEditorState,\n        getCurrentTaskValueOffsetSelectionSignature,\n        hasManualTaskValueOffsets,\n        hasIncompleteTaskValueOffsetRows,\n        hasAppliedTaskValueOffsetSelections,\n        updateTaskValueOffsetApplyState,\n        getPreferredTaskValueOffsetTask,\n        syncTaskValueOffsetTextFromState,\n        setTaskValueOffsetEditorStateFromText,\n        clearTaskValueOffsetEditorState,\n        ensureTaskValueOffsetEditorRow,\n        focusTaskValueOffsetEditor,\n        renderTaskValueOffsetEditor,\n        handleTaskValueOffsetEditorChanged,\n        clearManualValueOffsetAdvice,\n        handleApplyTaskValueOffsetsClick,\n        getManualTaskValueOffsets,\n    } = surveyValueOffsetEditorAdapter;\n\n    if (convertDatasetName) {\n        convertDatasetName.addEventListener(\'input\', () => {\n            updateConvertBtn();\n        });\n    }\n\n    if (convertLanguage) {\n        convertLanguage.addEventListener(\'change\', () => {\n            updateConvertBtn();\n        });\n    }\n\n    surveyValueOffsetEditorController.initialize();\n\n    // ID Map file handlers\n    if (convertIdMapFile) {\n        const updateIdMapClearButtonState = () => {\n            const hasFile = Boolean(convertIdMapFile.files && convertIdMapFile.files[0]);\n      
[...]
\n\n        clearConvertExcelFileBtn?.classList.toggle(\'d-none\', !hasFile);\n    }\n\n    if (surveyRunCancelBtn) {\n        surveyRunCancelBtn.addEventListener(\'click\', function() {\n            const mode = getActiveRunMode() || surveyWorkflowProgressController.getRunProgressMode();\n            const modeLabel = mode === \'convert\' ? \'conversion\' : \'preview\';\n            const canceled = cancelActiveSurveyRun();\n            if (!canceled) {\n                return;\n            }\n            appendLog(`Cancel requested: stopping current ${modeLabel} run...`, \'warning\');\n            setSurveyRunProgress({\n                mode: mode || \'preview\',\n                percent: Math.max(15, surveyWorkflowProgressController.getRunProgressPercent()),\n                label: `Canceling ${modeLabel}...`,\n                variant: \'warning\',\n                animated: true,\n            });\n            surveyRunCancelBtn.disabled = true;\n        });\n    }\n\n    convertExcelFile.addEventListener(\'change\', async function() {\n        convertServerFilePath = \'\';\n        resetSurveyRefreshFingerprint();\n        const file = this.files?.[0];\n        templateWorkflowGate = null;\n        cancelVersionWizardSync();\n        hideVersionWizard();\n        setTemplateEditorErrorCtaVisible(false);\n        updateConvertBtn();\n\n        if (file) {\n            const filename = file.name.toLowerCase();\n            updateSeparatorVisibility(filename);\n\n            if (filename.endsWith(\'.lss\')) {\n                convertInfo.innerHTML = \'<i class="fas fa-info-circle me-1"></i>.lss files contain structure only (no response data). Use <a href="/template-editor" class="alert-link">Template Editor</a> to generate templates.\';\n                convertInfo.classList.remove(\'d-none\');\n            } else {\n                convertInfo.classList.add(\'d-none\');\n            }\n\n            await detectFileColumns(file);\n        } else {\n            convertInfo.classList.add(\'d-none\');\n            resetDetectedColumnsState();\n            populateSessionPickers();\n            updateSeparatorVisibility(\'\');\n        }\n        updateConvertBtn();\n    });\n\n    function resetSurveyImportFormState({ clearSelectedInput = false } = {}) {\n        surveyImportFormStateController.resetSurveyImportFormState({ clearSelectedInput });\n    }\n\n    clearConvertExcelFileBtn?.addEventListener(\'click\', function() {\n        convertServerFilePath = \'\';\n        resetSurveyRefreshFingerprint();\n        convertExcelFile.value = \'\';\n        convertExcelFile.dispatchEvent(new Event(\'change\', { bubbles: true }));\n        resetSurveyImportFormState();\n    });\n\n    const idColSelect = document.getElementById(\'convertIdColumn\');\n    if (idColSelect) {\n        idColSelect.addEventListener(\'change\', function() {\n            this.classList.remove(\'border-danger\');\n            convertError.classList.add(\'d-none\');\n            scheduleVersionWizardContextSync();\n            updateConvertBtn();\n        });\n    }\n\n    if (convertSessionColumnOverride) {\n        convertSessionColumnOverride.addEventListener(\'change\', function() {\n            scheduleVersionWizardContextSync();\n            updateConvertBtn();\n        });\n    }\n\n    if (convertRunColumnOverride) {\n        convertRunColumnOverride.addEventListener(\'change\', function() {\n            scheduleVersionWizardContextSync();\n            updateConvertBtn();\n        });\n    }\n\n    if (convertSeparator) {\n        convertSeparator.addEventListener(\'change\', async function() {\n            const currentFile = getSelectedSurveyFile();\n            const currentFilename = getSelectedSurveyFilename();\n            if (currentFilename && isDelimitedSurveyFilename(currentFilename.toLowerCase())) {\n                await detectFileColumns(currentFile, currentFile ? \'\' : convertServerFilePath);\n            }\n            updateConvertBtn();\n        });\n    }\n\n    handleModeSwitch();\n    updateConvertBtn();\n    applySurveyPickerUiState();\n\n    if (browseServerSurveyFileBtn) {\n        if (window.PrismFileSystemMode && typeof window.PrismFileSystemMode.init === \'function\') {\n            window.PrismFileSystemMode.init().then(() => {\n                applySurveyPickerUiState();\n            }).catch(() => {\n                // Keep default host picker behavior on init failures.\n            });\n        }\n\n        window.addEventListener(\'prism-library-settings-changed\', () => {\n            applySurveyPickerUiState();\n        });\n\n        browseServerSurveyFileBtn.addEventListener(\'click\', async () => {\n            const pickedPath = await pickServerSurveyFile();\n            if (!pickedPath) return;\n\n            convertServerFilePath = pickedPath;\n            resetSurveyRefreshFingerprint();\n            if (convertExcelFile) {\n                convertExcelFile.value = \'\';\n            }\n\n            templateWorkflowGate = null;\n            cancelVersionWizardSync();\n            hideVersionWizard();\n            setTemplateEditorErrorCtaVisible(false);\n\n            const filename = getSelectedSurveyFilename().toLowerCase();\n            updateSeparatorVisibility(filename);\n            if (filename.endsWith(\'.lss\')) {\n                convertInfo.innerHTML = \'<i class="fas fa-info-circle me-1"></i>.lss files contain structure only (no response data). Use <a href="/template-editor" class="alert-link">Template Editor</a> to generate templates.\';\n                convertInfo.classList.remove(\'d-none\');\n            } else {\n                convertInfo.classList.add(\'d-none\');\n            }\n\n            await detectFileColumns(null, pickedPath);\n            updateConvertBtn();\n        });\n    }\n\n    surveyWorkflowTemplateCheckController.initialize();\n\n    convertApplyValueOffsetsBtn?.addEventListener(\'click\', function() {\n        handleApplyTaskValueOffsetsClick();\n    });\n\n    surveySourcedataQuickSelectController.initialize();\n\n    function appendLog(message, type = \'info\', logElement = null) {\n        surveyConversionLogController.appendLog(message, type, logElement);\n    }\n\n    function resetConversionUI() {\n        surveyConversionLogController.resetConversionUI();\n    }\n\n    function displayConversionSummary(summary) {\n        surveyConversionSummaryController.displayConversionSummary(summary);\n    }\n\n    function displayUnmatchedGroupsError(data) {\n        surveyUnmatchedTemplatesController.displayUnmatchedGroupsError(data);\n    }\n\n    function displayValidationResults(validation, prefix = \'\') {\n        surveyValidationResultsController.displayValidationResults(validation, prefix);\n    }\n\n    surveyConvertFeedbackController = createSurveyConvertFeedbackController({\n        convertInfo,\n        appendLog,\n    });\n\n    function escapeHtml(text) {\n        if (text === null || text === undefined) return \'\';\n        return String(text)\n            .replace(/&/g, \'&amp;\')\n            .replace(/</g, \'&lt;\')\n            .replace(/>/g, \'&gt;\')\n            .replace(/"/g, \'&quot;\')\n            .replace(/\'/g, \'&#39;\');\n    }\n\n    const participantsMetadataController = createSurveyParticipantsMetadataController({\n        escapeHtml,\n    });\n\n    const surveyWorkflowPrepareController = createSurveyWorkflowPrepareController({\n        parseJsonResponse,\n        buildSurveyWorkflowRequestFormData,\n        getEffectiveNearMatchTasks,\n        normalizeTaskValueOffsets,\n        advanceSurveyRunProgress,\n        pauseSurveyRunProgress,\n        resumeSurveyRunProgress,\n        isAbortError,\n        enrichSurveyRunErrorMessage,\n        showManualValueOffsetReview,\n        promptNearMatchSelection,\n        mergeNearMatchTasks,\n        applyPreparedSurveyWorkflowContext,\n        hasAppliedVersionWizardSelections,\n        convertError,\n        convertInfo,\n        appendLog,\n        setTemplateEditorErrorCtaVisible,\n        clearActiveSurveyRun,\n        finishSurveyRunProgress,\n        updateConvertBtn,\n        setIsConvertRunning: (value) => {\n            isConvertRunning = Boolean(value);\n        },\n        setIsPreviewRunning: (value) => {\n            isPreviewRunning = Boolean(value);\n        },\n        getTemplateWorkflowGate: () => templateWorkflowGate,\n        setTemplateWorkflowGate: (value) => {\n            templateWorkflowGate = (value && typeof value === \'object\') ? value : null;\n        },\n        setVersionWizardRetryGateMode: (value) => {\n            versionWizardRetryGateMode = value;\n        },\n        getConfirmedNearMatchTasks: () => confirmedNearMatchTasks,\n        setConfirmedNearMatchTasks: (value) => {\n            confirmedNearMatchTasks = Array.isArray(value) ? value : [];\n        },\n        isConfiguredOffsetFailureForCurrentSelection,\n        normalizeNearMatchTaskName,\n        parseNumericOffsetValue,\n        formatSignedOffset,\n    });\n\n    const surveyWorkflowPreviewController = createSurveyWorkflowPreviewController({\n        convertError,\n        convertInfo,\n        surveyVersionWizardApplyBtn,\n        convertApplyValueOffsetsBtn,\n        convertIdMapFile,\n        convertSessionColumnOverride,\n        convertRunColumnOverride,\n        convertLanguage,\n        convertDatasetName,\n        conversionLogContainer,\n        conversionLogBody,\n        toggleLogBtn,\n        surveyWorkflowPrepareController,\n        clearManualValueOffsetAdvice,\n        setTemplateEditorErrorCtaVisible,\n        hasMultiVersionWizardTasks,\n        hasAppliedVersionWizardSelections,\n        updateVersionWizardActionState,\n        updateConvertBtn,\n        hasManualTaskValueOffsets,\n        hasAppliedTaskValueOffsetSelections,\n        updateTaskValueOffsetApplyState,\n        clearSurveyPreviewSelectionState,\n        resetConversionUI,\n        getEffectiveNearMatchTasks,\n        getEffectiveTaskValueOffsets,\n        ensureSurveyAdvancedOptionsVisible,\n        focusTaskValueOffsetEditor,\n        getSurveyPreviewContextKey,\n        getSelectedSurveyFilename,\n        getSelectedSurveyFile,\n        resolveCurrentProjectPath,\n        isAdvancedOptionsEnabled,\n        refreshSurveyColumnsBeforeRun,\n        setActiveSurveyRun,\n        startSurveyRunProgress,\n        setIsPreviewRunning: (value) => {\n            isPreviewRunning = Boolean(value);\n        },\n        appendSurveyInputToFormData,\n        getSurveySessionValue,\n        getSelectedSeparator,\n        appendTemplateVersionSelections,\n        appendLog,\n        formatSignedOffset,\n        setTemplateWorkflowGate: (value) => {\n            templateWorkflowGate = (value && typeof value === \'object\') ? value : null;\n        },\n        getTemplateWorkflowGate: () => templateWorkflowGate,\n        getConvertServerFilePath: () => convertServerFilePath,\n        advanceSurveyRunProgress,\n        parseJsonResponse,\n        displayUnmatchedGroupsError,\n        populateSurveySessionPickerFromDetected,\n        getParticipantRegistryWarning,\n        setSurveyPreviewSelectionState,\n        displayConversionSummary,\n        normalizeSurveyTaskName,\n        displayValidationResults,\n        formatVersionWizardRunLabel,\n        showParticipantRegistryWarning,\n        buildVersionWizard,\n        hideVersionWizard,\n        enrichSurveyRunErrorMessage,\n        isAbortError,\n        clearActiveSurveyRun,\n        finishSurveyRunProgress,\n        getActiveRunMode,\n        getActiveRunCancelledByUser,\n        getVersionWizardRetryGateMode: () => versionWizardRetryGateMode,\n        setVersionWizardRetryGateMode: (value) => {\n            versionWizardRetryGateMode = value;\n        },\n    });\n\n    const surveyWorkflowConvertController = createSurveyWorkflowConvertController({\n        convertError,\n        convertInfo,\n        surveyVersionWizardApplyBtn,\n        convertApplyValueOffsetsBtn,\n        convertSessionCustom,\n        convertSessionSelect,\n        convertIdMapFile,\n        convertDatasetName,\n        convertLanguage,\n        convertIdColumn,\n        convertSessionColumnOverride,\n        convertRunColumnOverride,\n        conversionLogContainer,\n        conversionLogBody,\n        toggleLogBtn,\n        templateResultsContainer,\n        surveyWorkflowPrepareController,\n        clearManualValueOffsetAdvice,\n        setTemplateEditorErrorCtaVisible,\n        hasMultiVersionWizardTasks,\n        hasAppliedVersionWizardSelections,\n        updateVersionWizardActionState,\n        updateConvertBtn,\n        hasManualTaskValueOffsets,\n        hasAppliedTaskValueOffsetSelections,\n        updateTaskValueOffsetApplyState,\n        hasFreshSurveyPreviewSelectionState,\n        getSelectedSurveyTasksForConversion,\n        resetConversionUI,\n        getEffectiveNearMatchTasks,\n        getEffectiveTaskValueOffsets,\n        ensureSurveyAdvancedOptionsVisible,\n        focusTaskValueOffsetEditor,\n        getSelectedSurveyFilename,\n        getSelectedSurveyFile,\n        getSurveySessionValue,\n        resolveCurrentProjectPath,\n        isAdvancedOptionsEnabled,\n        refreshSurveyColumnsBeforeRun,\n        setActiveSurveyRun,\n        startSurveyRunProgress,\n        setIsConvertRunning: (value) => {\n            isConvertRunning = Boolean(value);\n        },\n        appendSurveyInputToFormData,\n        getConvertServerFilePath: () => convertServerFilePath,\n        appendLog,\n        handleConvertSuccess: (data, options) => {\n            surveyWorkflowConvertResultsController.handleConvertSuccess(data, options);\n        },\n        getSelectedSeparator,\n        appendTemplateVersionSelections,\n        formatSignedOffset,\n        advanceSurveyRunProgress,\n        displayUnmatchedGroupsError,\n        isAbortError,\n        enrichSurveyRunErrorMessage,\n        clearActiveSurveyRun,\n        finishSurveyRunProgress,\n        getActiveRunMode,\n        getActiveRunCancelledByUser,\n        getVersionWizardRetryGateMode: () => versionWizardRetryGateMode,\n        setVersionWizardRetryGateMode: (value) => {\n            versionWizardRetryGateMode = value;\n        },\n        getTemplateWorkflowGate: () => templateWorkflowGate,\n        setTemplateWorkflowGate: (value) => {\n            templateWorkflowGate = (value && typeof value === \'object\') ? value : null;\n        },\n    });\n\n    const surveyTemplateResultsController = createSurveyTemplateResultsController({\n        escapeHtml,\n    });\n\n    const surveyTemplateGenerationController = createSurveyTemplateGenerationController({\n        convertBtn,\n        convertDatasetName,\n        convertError,\n        convertInfo,\n        conversionLog,\n        conversionLogContainer,\n        appendLog,\n        setCurrentTemplateData: (value) => {\n            currentTemplateData = value;\n        },\n        showTemplateResultsContainer: () => {\n            if (templateResultsContainer) {\n                templateResultsContainer.classList.remove(\'d-none\');\n            }\n        },\n        displayTemplateSingle: (data) => {\n            surveyTemplateResultsController.displayTemplateSingle(data);\n        },\n        displayTemplateGroups: (data) => {\n            surveyTemplateResultsController.displayTemplateGroups(data);\n        },\n        displayTemplateQuestions: (data) => {\n            surveyTemplateResultsController.displayTemplateQuestions(data);\n        },\n        displayParticipantMetadataSection: (data) => {\n            participantsMetadataController.displayParticipantMetadataSection(data);\n        },\n        updateConvertBtn,\n    });\n\n    const surveyConversionSummaryController = createSurveyConversionSummaryController({\n        conversionSummaryContainer,\n        conversionSummaryBody,\n        toggleSummaryBtn,\n        convertDatasetName,\n        getSurveyPreviewSelectionState: () => surveyPreviewSelectionState,\n        setSurveyPreviewSelectedTasks,\n        normalizeSurveyTaskName,\n        formatSignedOffset,\n        escapeHtml,\n        openAdvancedOptionsValueOffsetEditor,\n        updateConvertBtn,\n    });\n\n    const surveyConversionLogController = createSurveyConversionLogController({\n        toggleLogBtn,\n        conversionLogBody,\n        conversionLogContainer,\n        validationResultsContainer,\n        conversionSummaryContainer,\n        conversionSummaryBody,\n        conversionLog,\n        validationSummary,\n        validationDetails,\n        hideSurveyRunProgress,\n    });\n\n    const surveyUnmatchedTemplatesController = createSurveyUnmatchedTemplatesController({\n        conversionSummaryBody,\n        conversionSummaryContainer,\n        appendLog,\n    });\n\n    const surveyImportFormStateController = createSurveyImportFormStateController({\n        convertSeparator,\n        convertIdMapFile,\n        clearIdMapFileBtn,\n        convertSessionSelect,\n        convertSessionCustom,\n        convertAdvancedToggle,\n        convertExcelFile,\n        templateResultsContainer,\n        convertInfo,\n        convertError,\n        surveySourcedataQuickSelectController,\n        cancelVersionWizardSync,\n        hideVersionWizard,\n        clearManualValueOffsetAdvice,\n        setTemplateEditorErrorCtaVisible,\n        resetConversionUI,\n        resetSurveyRefreshFingerprint,\n        setCurrentTemplateData: (value) => {\n            currentTemplateData = value;\n        },\n        resetDetectedColumnsState,\n        applyAdvancedOptionsState,\n        populateSessionPickers,\n        updateSeparatorVisibility,\n        updateConvertBtn,\n        setTemplateWorkflowGate: (value) => {\n            templateWorkflowGate = (value && typeof value === \'object\') ? value : null;\n        },\n        setVersionWizardRetryGateMode: (value) => {\n            versionWizardRetryGateMode = value;\n        },\n        setAppliedTaskValueOffsetSelectionSignature: (value) => {\n            appliedTaskValueOffsetSelectionSignature = String(value || \'\');\n        },\n        setConvertServerFilePath: (value) => {\n            convertServerFilePath = String(value || \'\');\n        },\n    });\n\n    const surveyValidationResultsController = createSurveyValidationResultsController({\n        escapeHtml,\n    });\n\n    surveyNearItemMatchReviewController = createSurveyNearItemMatchReviewController({\n        normalizeNearMatchTaskName,\n        escapeHtml,\n    });\n\n    const surveyWorkflowConvertResultsController = createSurveyWorkflowConvertResultsController({\n        convertInfo,\n        setTemplateEditorErrorCtaVisible,\n        appendLog,\n        displayConversionSummary,\n        getSurveySessionValue,\n        registerSessionInProject,\n        getProjectSaveSummary,\n        getParticipantRegistryWarning,\n        showParticipantRegistryWarning,\n        displayValidationResults,\n    });\n\n    surveyConversionLogController.initialize();\n    surveyUnmatchedTemplatesController.initialize();\n\n    // ===== TEMPLATE GENERATION =====\n\n    async function handleTemplateGeneration(file) {\n        await surveyTemplateGenerationController.handleTemplateGeneration(file);\n    }\n\n    // ===== PARTICIPANT METADATA MARKING =====\n\n    // ===== MAIN CONVERT HANDLER =====\n\n    convertBtn.addEventListener(\'click\', () => {\n        surveyWorkflowConvertController.handleConvertClick();\n    });\n\n    // ===== PREVIEW HANDLER (DRY-RUN) =====\n\n    previewBtn.addEventListener(\'click\', () => {\n        surveyWorkflowPreviewController.handlePreviewClick();\n    });\n}\n'
FAILED tests/test_converter_workflow_wiring.py::TestConverterWorkflowWiring::test_survey_participants_metadata_is_extracted_module - NameError: name 'value_offset_editor_adapter_content' is not defined
========================= 2 failed, 34 passed in 0.07s =========================
