============================= test session starts ==============================
platform linux -- Python 3.10.12, pytest-9.0.3, pluggy-1.6.0
rootdir: /data/local/software/prism-validator
configfile: pytest.ini
plugins: anyio-4.13.0, cov-7.1.0
collected 21 items

tests/test_subject_code_rewriter.py .....                                [ 23%]
tests/test_file_management_workflow_wiring.py ....F.                     [ 52%]
tests/test_file_management_save_paths.py ..........                      [100%]

=================================== FAILURES ===================================
_ TestFileManagementWorkflowWiring.test_file_management_subject_rewrite_supports_preview_and_example_rule _

self = <test_file_management_workflow_wiring.TestFileManagementWorkflowWiring testMethod=test_file_management_subject_rewrite_supports_preview_and_example_rule>

    def test_file_management_subject_rewrite_supports_preview_and_example_rule(self):
        template = FILE_MANAGEMENT_TEMPLATE.read_text(encoding="utf-8")
        script = FILE_MANAGEMENT_SCRIPT.read_text(encoding="utf-8")
    
        renamer_panel_start = template.find('id="fm-renamer-panel"')
        organizer_panel_start = template.find('id="fm-organizer-panel"')
        rewrite_btn_position = template.find('id="repoSubjectRewriteBtn"')
    
        self.assertNotEqual(renamer_panel_start, -1)
        self.assertNotEqual(organizer_panel_start, -1)
        self.assertNotEqual(rewrite_btn_position, -1)
        self.assertGreater(rewrite_btn_position, renamer_panel_start)
        self.assertLess(rewrite_btn_position, organizer_panel_start)
        self.assertIn('id="repoSubjectRewriteBtn"', template)
        self.assertIn('id="repoSubjectRewritePreviewBtn"', template)
        self.assertIn('id="repoSubjectRewriteExample"', template)
        self.assertIn('id="repoSubjectRewriteKeep"', template)
        self.assertIn('id="repoSubjectRewriteAnotherExampleBtn"', template)
        self.assertNotIn('id="repoSubjectRewriteMode"', template)
        self.assertIn("action: 'preview'", script)
>       self.assertIn("action: 'apply'", script)
E       AssertionError: "action: 'apply'" not found in 'document.addEventListener(\'DOMContentLoaded\', () => {\n    if (window.bootstrap && typeof window.bootstrap.Tooltip === \'function\') {\n        const tooltipTriggers = Array.from(document.querySelectorAll(\'[data-bs-toggle="tooltip"]\'));\n        tooltipTriggers.forEach((el) => {\n            new window.bootstrap.Tooltip(el);\n        });\n    }\n\n    function getFallbackApiOrigin() {\n        const configuredOrigin = (window.PRISM_API_ORIGIN || \'\').trim();\n        if (configuredOrigin) {\n            return configuredOrigin.replace(/\\/$/, \'\');\n        }\n        return \'http://127.0.0.1:5001\';\n    }\n\n    function canRetryApiWithFallback(url) {\n        const protocol = (window.location && window.location.protocol) ? window.location.protocol : \'\';\n        const isRelativeApiRequest = typeof url === \'string\' && url.startsWith(\'/api/\');\n        return isRelativeApiRequest && protocol !== \'http:\' && protocol !== \'https:\';\n    }\n\n    async function fetchWithApiFallback(\n        url,\n        options = {},\n        fallbackMessage = \'Cannot reach PRISM backend API. Please restart PRISM Studio and try again.\'\n    ) {\n        try {\n            return await fetch(url, options);\n        } catch (primaryError) {\n            if (!canRetryApiWithFallback(url)) {\n                throw primaryError;\n            }\n\n            const fallbackUrl = `${getFallbackApiOrigin()}${url}`;\n            try {\n                return await fetch(fallbackUrl, options);\n            } catch (_fallbackError) {\n                throw new Error(fallbackMessage);\n            }\n        }\n    }\n\n    function getCurrentProjectPath() {\n        if (typeof window.resolveCurrentProjectPath === \'function\') {\n            return String(window.resolveCurrentProjectPath() || \'\').trim();\n        }\n        return String(window.currentProjectPath || \'\').trim();\n    }\n\n    // Shared helpers\n    function downloadBase64Zip(base64Data, filename) {\n        const binaryString = window.atob(base64Data);\n        const bytes = new Uint8Array(binaryString.length);\n        for (let i = 0; i < binaryString.length; i++) {\n            bytes[i] = binaryString.charCodeAt(i);\n        }\n        const blob = new Blob([bytes], { type: \'application/zip\' });\n        const url = window.URL.createObjectURL(blob);\n        const a = document.createElement(\'a\');\n        a.href = url;\n        a.download = filename;\n        document.body.appendChild(a);\n        a.click();\n        a.remove();\n        window.URL.revokeObjectURL(url);\n    }\n\n    // --------------------\n    // Wide to Long\n    // --------------------\n    const wideLongFile = document.getElementById(\'wideLongFile\');\n    const wideLongPickFileBtn = document.getElementById(\'wideLongPickFileBtn\');\n    const wideLongBrowseServerFileBtn = document.getElementById(\'wideLongBrowseServerFileBtn\');\n    const wideLongFileName = document.getElementById(\'wideLongFileName\');\n    const wideLongClearBtn = document.getElementById(\'wideLongClearBtn\');\n    const wideLongSessionColumn = null; // fixed to \'session\'\n    const wideLongIndicators = document.getElementById(\'wideLongIndicators\');\n    const wideLongRunColumn = null; // fixed to \'run\'\n    const wideLongRunIndicators = document.getElementById(\'wideLongRunIndicators\');\n    const wideLongDataPreviewBtn = document.getElementById(\'wideLongDataPreviewBtn\');\n    const wideLongConvertBtn = document.getElementById(\'wideLongConvertBtn\');\n    const wideLongError = document.getElementById(\'wideLongError\');\n    const wideLongInfo = document.getElementById(\'wideLongInfo\');\n    const wideLongProgress = document.getElementById(\'wideLongProgress\');\n    const wideLongPreview = document.getElementById(\'wideLongPreview\');\n    const wideLongTablePreview = document.getElementById(\'wideLongTablePreview\');\n    const wideLongTableMeta = document.getElementById(\'wideLongTableMeta\');\n    const wideLongColumnPreviewSection = document.getElementById(\'wideLongColumnPreviewSection\');\n    const wideLongColumnPreviewList = document.getElementById(\'wideLongColumnPreviewList\');\n    const wideLongAmbiguityWarning = document.getElementById(\'wideLongAmbiguityWarning\');\n    const wideLongTableHead = document.getElementById(\'wideLongTableHead\');\n    const wideLongTableBody = document.getElementById(\'wideLongTableBody\');\n    const wideLongRawPeek = document.getElementById(\'wideLongRawPeek\');\n    const wideLongRawMeta = document.getElementById(\'wideLongRawMeta\');\n    const wideLongRawPeekBody = document.getElementById(\'wideLongRawPeekBody\');\n    const wideLongRawPeekToggle = document.getElementById(\'wideLongRawPeekToggle\');\n    const wideLongRawColumns = document.getElementById(\'wideLongRawColumns\');\n    const wideLongRawTableHead = document.getElementById(\'wideLongRawTableHead\');\n    const wideLongRawTableBody = document.getElementById(\'wideLongRawTableBody\');\n    let wideLongServerFilePath = \'\';\n    let organizeServerFolderPath = \'\';\n    let renamerServerFolderPath = \'\';\n    let renamerServerEntries = [];\n\n    function prefersServerPicker() {\n        return Boolean(\n            window.PrismFileSystemMode\n            && typeof window.PrismFileSystemMode.prefersServerPicker === \'function\'\n            && window.PrismFileSystemMode.prefersServerPicker()\n        );\n    }\n\n    function applyRemotePickerUiState() {\n        const connectedToServer = prefersServerPicker();\n\n        const renamerInput = document.getElementById(\'renamerFiles\');\n        const renamerLocalUploadGroup = document.getElementById(\'renamerLocalUploadGroup\');\n        const organizeFilesInput = document.getElementById(\'organizeFiles\');\n        const organizeFilesPickerCol = document.getElementById(\'organizeFilesPickerCol\');\n        const organizeFolderInput = document.getElementById(\'organizeFolder\');\n        const organizeFolderPickerCol = document.getElementById(\'organizeFolderPickerCol\');\n        const organizeFolderLocalUploadGroup = document.getElementById(\'organizeFolderLocalUploadGroup\');\n        const organizeFolderLabel = document.getElementById(\'organizeFolderLabel\');\n        const wideLongInput = document.getElementById(\'wideLongFile\');\n        const wideLongServerBtn = document.getElementById(\'wideLongBrowseServerFileBtn\');\n        const renamerServerBtn = document.getElementById(\'renamerBrowseServerFolderBtn\');\n        const renamerServerHint = document.getElementById(\'renamerServerFolderHint\');\n        const organizeServerBtn = document.getElementById(\'organizeFolderServerBrowseBtn\');\n        const organizeServerHint = document.getElementById(\'organizeFolderServerPathHint\');\n\n        if (renamerLocalUploadGroup) {\n            renamerLocalUploadGroup.classList.remove(\'d-none\');\n        }\n        if (organizeFilesPickerCol) {\n            organizeFilesPickerCol.classList.remove(\'d-none\');\n        }\n        if (organizeFolderPickerCol) {\n            organizeFolderPickerCol.classList.remove(\'col-md-12\');\n            organizeFolderPickerCol.classList.add(\'col-md-6\');\n        }\n        if (organizeFolderLocalUploadGroup) {\n            organizeFolderLocalUploadGroup.classList.remove(\'d-none\');\n        }\n        if (organizeFolderLabel) {\n            organizeFolderLabel.textContent = \'Or Select a Folder\';\n        }\n\n        if (renamerInput) {\n            renamerInput.disabled = false;\n            renamerInput.title = \'\';\n        }\n        if (organizeFilesInput) {\n            organizeFilesInput.disabled = false;\n            organizeFilesInput.title = \'\';\n        }\n        if (organizeFolderInput) {\n            organizeFolderInput.disabled = false;\n            organizeFolderInput.title = \'\';\n        }\n        if (wideLongInput) {\n            wideLongInput.disabled = false;\n            wideLongInput.title = \'\';\n        }\n        if (wideLongServerBtn) {\n            wideLongServerBtn.classList.toggle(\'d-none\', !connectedToServer);\n        }\n        if (renamerServerBtn) {\n            renamerServerBtn.classList.toggle(\'d-none\', !connectedToServer);\n        }\n        if (organizeServerBtn) {\n            organizeServerBtn.classList.toggle(\'d-none\', !connectedToServer);\n        }\n\n        if (!connectedToServer) {\n            renamerServerFolderPath = \'\';\n            renamerServerEntries = [];\n            organizeServerFolderPath = \'\';\n\n            if (renamerServerHint) {\n                renamerServerHint.textContent = \'\';\n                renamerServerHint.classList.add(\'d-none\');\n            }\n            if (organizeServerHint) {\n                organizeServerHint.textContent = \'\';\n                organizeServerHint.classList.add(\'d-none\');\n            }\n        }\n\n        updateOrganizeBtn();\n        updateRenamerBtn();\n    }\n\n    function hideRawPeek() {\n        if (wideLongRawPeek) wideLongRawPeek.classList.add(\'d-none\');\n        if (wideLongRawColumns) wideLongRawColumns.innerHTML = \'\';\n        if (wideLongRawTableHead) wideLongRawTableHead.innerHTML = \'\';\n        if (wideLongRawTableBody) wideLongRawTableBody.innerHTML = \'\';\n        if (wideLongRawMeta) wideLongRawMeta.textContent = \'\';\n    }\n\n    async function fetchRawPeek(file, sourcePath = \'\') {\n        hideRawPeek();\n        const formData = new FormData();\n        if (file) {\n            formData.append(\'data\', file);\n        } else if (sourcePath) {\n            formData.append(\'source_file_path\', sourcePath);\n        }\n        try {\n            const response = await fetchWithApiFallback(\'/api/file-management/raw-peek\', { method: \'POST\', body: formData });\n            if (!response.ok) return;\n            const data = await response.json();\n            if (!data.columns || !data.columns.length) return;\n\n            // Column chips\n            if (wideLongRawColumns) {\n                wideLongRawColumns.innerHTML = data.columns.map(col =>\n                    `<span class="badge bg-light text-dark border font-monospace" style="font-size:0.75rem;">${escapeHtml(col)}</span>`\n                ).join(\'\');\n            }\n\n            // Raw data table\n            if (wideLongRawTableHead && wideLongRawTableBody) {\n                wideLongRawTableHead.innerHTML = `<tr>${data.columns.map(c => `<th>${escapeHtml(c)}</th>`).join(\'\')}</tr>`;\n                wideLongRawTableBody.innerHTML = (data.rows || []).map(row =>\n                    `<tr>${data.columns.map(c => `<td>${escapeHtml(row[c] ?? \'\')}</td>`).join(\'\')}</tr>`\n                ).join(\'\');\n            }\n\n            if (wideLongRawMeta) {\n                wideLongRawMeta.textContent = `(${data.total_columns} columns, ${data.total_rows} rows — showing first ${(data.rows || []).length})`;\n            }\n\n            if (wideLongRawPeek) wideLongRawPeek.classList.remove(\'d-none\');\n        } catch (_) {\n            // Non-fatal — peek is optional\n        }\n    }\n\n    function parseCombined(raw) {\n        return (raw || \'\').replace(/;/g, \',\').split(\',\')\n            .map((e) => e.trim()).filter(Boolean)\n            .map((e) => e.includes(\':\') ? e.split(\':\', 2).map((s) => s.trim()) : [e, e]);\n    }\n\n    function escapeHtml(value) {\n        return String(value)\n            .replaceAll(\'&\', \'&amp;\')\n            .replaceAll(\'<\', \'&lt;\')\n            .replaceAll(\'>\', \'&gt;\')\n            .replaceAll(\'"\', \'&quot;\')\n            .replaceAll("\'", \'&#39;\');\n    }\n\n    function updateWideLongPreview() {\n        if (!wideLongPreview) return;\n\n        const file = (wideLongFile && wideLongFile.files && wideLongFile.files[0]) ? wideLongFile.files[0].name : \'<file>\';\n        const indicatorsRaw = ((wideLongIndicators && wideLongIndicators.value) || \'\').trim();\n        const runIndicatorsRaw = ((wideLongRunIndicators && wideLongRunIndicators.value) || \'\').trim();\n\n        const sessionPairs = parseCombined(indicatorsRaw);\n        const runPairs = parseCombined(runIndicatorsRaw);\n\n        const lines = [];\n        lines.push(`$ prism wide-to-long --input ${file}`);\n        if (indicatorsRaw) {\n            lines.push(`  --session-indicators ${indicatorsRaw}`);\n        } else {\n            lines.push(\'  --session-indicators <auto-detect-prefixes>\');\n        }\n        if (runIndicatorsRaw) {\n            lines.push(`  --run-column run`);\n            lines.push(`  --run-indicators ${runIndicatorsRaw}`);\n        }\n\n        if (sessionPairs.length) {\n            lines.push(\'\');\n            lines.push(\'Session mapping preview:\');\n            sessionPairs.forEach(([src, tgt]) => lines.push(`  ${src} -> ${tgt}`));\n        } else {\n            lines.push(\'\');\n            lines.push(\'Session mapping preview:\');\n            lines.push(\'  Waiting for indicators...\');\n        }\n\n        if (runPairs.length) {\n            lines.push(\'\');\n            lines.push(\'Run mapping preview:\');\n            runPairs.forEach(([src, tgt]) => lines.push(`  ${src} -> ${tgt}`));\n        }\n\n        wideLongPreview.textContent = lines.join(\'\\n\');\n    }\n\n    function setWideLongIdleState() {\n        if (wideLongProgress) wideLongProgress.classList.add(\'d-none\');\n        const hasFile = !!(\n            (wideLongFile && wideLongFile.files && wideLongFile.files.length > 0)\n            || wideLongServerFilePath\n        );\n        const hasCurrentProject = Boolean(getCurrentProjectPath());\n        if (wideLongConvertBtn) wideLongConvertBtn.disabled = !hasFile || !hasCurrentProject;\n        if (wideLongDataPreviewBtn) wideLongDataPreviewBtn.disabled = !hasFile;\n    }\n\n    function hideWideLongTablePreview() {\n        if (wideLongTablePreview) wideLongTablePreview.classList.add(\'d-none\');\n        if (wideLongTableMeta) wideLongTableMeta.textContent = \'\';\n        if (wideLongColumnPreviewSection) wideLongColumnPreviewSection.classList.add(\'d-none\');\n        if (wideLongColumnPreviewList) wideLongColumnPreviewList.innerHTML = \'\';\n        if (wideLongAmbiguityWarning) {\n            wideLongAmbiguityWarning.classList.add(\'d-none\');\n            wideLongAmbiguityWarning.innerHTML = \'\';\n        }\n        if (wideLongTableHead) wideLongTableHead.innerHTML = \'\';\n        if (wideLongTableBody) wideLongTableBody.innerHTML = \'\';\n    }\n\n    function formatWideLongAmbiguity(item) {\n        const column = escapeHtml(item.column || \'\');\n        const details = Array.isArray(item.details) ? item.details : [];\n\n        if (item.reason === \'indicator-occurs-multiple-times\') {\n            const detailText = details\n                .map((detail) => `${escapeHtml(detail.indicator || \'\')} × ${escapeHtml(detail.match_count || \'\')}`)\n                .join(\', \');\n            return `<li><strong>${column}</strong>: indicator appears multiple times (${detailText}). Use a more specific token.</li>`;\n        }\n\n        const detailText = details\n            .map((detail) => escapeHtml(detail.indicator || \'\'))\n            .join(\', \');\n        return `<li><strong>${column}</strong>: multiple indicators match (${detailText}). Use a more specific token.</li>`;\n    }\n\n    function renderWideLongTablePreview(payload) {\n        if (!wideLongTablePreview || !wideLongTableHead || !wideLongTableBody) return;\n\n        const columns = Array.isArray(payload.columns) ? payload.columns : [];\n        const rows = Array.isArray(payload.rows) ? payload.rows : [];\n        const shown = Number(payload.rows_shown || rows.length || 0);\n        const total = Number(payload.rows_total || shown);\n        const indicators = Array.isArray(payload.detected_indicators)\n            ? payload.detected_indicators\n            : (Array.isArray(payload.detected_prefixes) ? payload.detected_prefixes : []);\n        const renamePreview = Array.isArray(payload.column_rename_preview) ? payload.column_rename_preview : [];\n        const ambiguousColumns = Array.isArray(payload.ambiguous_columns) ? payload.ambiguous_columns : [];\n        const canConvert = payload.can_convert !== false;\n\n        if (wideLongColumnPreviewSection && wideLongColumnPreviewList) {\n            if (renamePreview.length) {\n                wideLongColumnPreviewList.innerHTML = renamePreview.map((item) => {\n                    const column = escapeHtml(item.column || \'\');\n                    const outputColumn = escapeHtml(item.output_column || \'\');\n                    const indicator = escapeHtml(item.indicator || \'\');\n                    return `<div class="mb-1"><code>${column}</code> -> <code>${outputColumn}</code> <span class="text-muted">(${indicator})</span></div>`;\n                }).join(\'\');\n                wideLongColumnPreviewSection.classList.remove(\'d-none\');\n            } else {\n                wideLongColumnPreviewSection.classList.add(\'d-none\');\n                wideLongColumnPreviewList.innerHTML = \'\';\n            }\n        }\n\n        if (wideLongAmbiguityWarning) {\n            if (ambiguousColumns.length) {\n                wideLongAmbiguityWarning.innerHTML = [\n                    \'<div class="fw-bold mb-1">Conversion blocked until the indicator is specific enough.</div>\',\n                    \'<ul class="mb-0 ps-3">\',\n                    ambiguousColumns.map((item) => formatWideLongAmbiguity(item)).join(\'\'),\n                    \'</ul>\'\n                ].join(\'\');\n                wideLongAmbiguityWarning.classList.remove(\'d-none\');\n            } else {\n                wideLongAmbiguityWarning.classList.add(\'d-none\');\n                wideLongAmbiguityWarning.innerHTML = \'\';\n            }\n        }\n\n        const headCells = columns.map((col) => `<th>${escapeHtml(col)}</th>`).join(\'\');\n        wideLongTableHead.innerHTML = columns.length ? `<tr>${headCells}</tr>` : \'\';\n\n        wideLongTableBody.innerHTML = rows.map((row) => {\n            const cells = columns.map((col) => `<td>${escapeHtml(row[col] ?? \'\')}</td>`).join(\'\');\n            return `<tr>${cells}</tr>`;\n        }).join(\'\');\n\n        if (wideLongTableMeta) {\n            const indicatorText = indicators.length ? indicators.join(\', \') : \'auto-detect\';\n            if (canConvert) {\n                wideLongTableMeta.textContent = `Showing ${shown} of ${total} converted rows. Matched session indicators: ${indicatorText}`;\n            } else {\n                wideLongTableMeta.textContent = `Matched session indicators: ${indicatorText}. Row preview is hidden until ambiguous columns are resolved.`;\n            }\n        }\n\n        wideLongTablePreview.classList.remove(\'d-none\');\n    }\n\n    function clearWideLongForm() {\n        if (wideLongFile) {\n            wideLongFile.value = \'\';\n        }\n        wideLongServerFilePath = \'\';\n        if (wideLongFileName) {\n            wideLongFileName.value = \'No file selected\';\n        }\n        // session column is fixed to \'session\'\n        if (wideLongIndicators) {\n            wideLongIndicators.value = \'\';\n        }\n        // run column is fixed to \'run\'\n        if (wideLongRunIndicators) {\n            wideLongRunIndicators.value = \'\';\n        }\n        hideRawPeek();\n        if (wideLongError) {\n            wideLongError.classList.add(\'d-none\');\n            wideLongError.textContent = \'\';\n        }\n        if (wideLongInfo) {\n            wideLongInfo.classList.add(\'d-none\');\n            wideLongInfo.textContent = \'\';\n        }\n        hideWideLongTablePreview();\n\n        setWideLongIdleState();\n        updateWideLongPreview();\n    }\n\n    if (wideLongPickFileBtn && wideLongFile) {\n        wideLongPickFileBtn.addEventListener(\'click\', async () => {\n            wideLongFile.click();\n        });\n    }\n\n    if (wideLongBrowseServerFileBtn) {\n        wideLongBrowseServerFileBtn.addEventListener(\'click\', async () => {\n            if (!(window.PrismFileSystemMode && typeof window.PrismFileSystemMode.pickFile === \'function\')) {\n                return;\n            }\n\n            const pickedPath = await window.PrismFileSystemMode.pickFile({\n                title: \'Select Wide Table on Server\',\n                confirmLabel: \'Use This File\',\n                extensions: \'.csv,.tsv,.xlsx\',\n            });\n            if (!pickedPath) {\n                return;\n            }\n\n            wideLongServerFilePath = pickedPath;\n            if (wideLongFile) {\n                wideLongFile.value = \'\';\n            }\n            if (wideLongFileName) {\n                wideLongFileName.value = pickedPath.split(\'/\').pop() || pickedPath;\n            }\n            hideWideLongTablePreview();\n            setWideLongIdleState();\n            updateWideLongPreview();\n            fetchRawPeek(null, pickedPath);\n        });\n    }\n\n    if (wideLongClearBtn) {\n        wideLongClearBtn.addEventListener(\'click\', clearWideLongForm);\n    }\n\n    if (wideLongFile) {\n        wideLongFile.addEventListener(\'change\', () => {\n            wideLongServerFilePath = \'\';\n            if (wideLongError) wideLongError.classList.add(\'d-none\');\n            if (wideLongInfo) wideLongInfo.classList.add(\'d-none\');\n            if (wideLongFileName) {\n                const selected = wideLongFile.files && wideLongFile.files[0] ? wideLongFile.files[0].name : \'No file selected\';\n                wideLongFileName.value = selected;\n            }\n            hideWideLongTablePreview();\n            setWideLongIdleState();\n            updateWideLongPreview();\n            if (wideLongFile.files && wideLongFile.files[0]) {\n                fetchRawPeek(wideLongFile.files[0], \'\');\n            }\n        });\n        if (wideLongFileName) {\n            wideLongFileName.value = \'No file selected\';\n        }\n        setWideLongIdleState();\n    }\n\n    if (wideLongRawPeekToggle && wideLongRawPeekBody) {\n        wideLongRawPeekToggle.addEventListener(\'click\', () => {\n            const hidden = wideLongRawPeekBody.classList.toggle(\'d-none\');\n            const icon = wideLongRawPeekToggle.querySelector(\'i\');\n            if (hidden) {\n                if (icon) { icon.className = \'fas fa-chevron-down\'; }\n                wideLongRawPeekToggle.childNodes[wideLongRawPeekToggle.childNodes.length - 1].textContent = \' show\';\n            } else {\n                if (icon) { icon.className = \'fas fa-chevron-up\'; }\n                wideLongRawPeekToggle.childNodes[wideLongRawPeekToggle.childNodes.length - 1].textContent = \' hide\';\n            }\n        });\n    }\n\n\n    if (wideLongIndicators) {\n        wideLongIndicators.addEventListener(\'input\', () => {\n            hideWideLongTablePreview();\n            updateWideLongPreview();\n        });\n    }\n\n    if (wideLongRunIndicators) {\n        wideLongRunIndicators.addEventListener(\'input\', () => {\n            hideWideLongTablePreview();\n            updateWideLongPreview();\n        });\n    }\n    updateWideLongPreview();\n\n    if (wideLongDataPreviewBtn) {\n        wideLongDataPreviewBtn.addEventListener(\'click\', async () => {\n            const selectedWideLongFile = (wideLongFile && wideLongFile.files && wideLongFile.files[0])\n                ? wideLongFile.files[0]\n                : null;\n            if (!selectedWideLongFile && !wideLongServerFilePath) {\n                return;\n            }\n\n            if (wideLongError) wideLongError.classList.add(\'d-none\');\n            if (wideLongInfo) wideLongInfo.classList.add(\'d-none\');\n            if (wideLongProgress) wideLongProgress.classList.remove(\'d-none\');\n            wideLongDataPreviewBtn.disabled = true;\n            if (wideLongConvertBtn) wideLongConvertBtn.disabled = true;\n\n            const formData = new FormData();\n            if (selectedWideLongFile) {\n                formData.append(\'data\', selectedWideLongFile);\n            } else if (wideLongServerFilePath) {\n                formData.append(\'source_file_path\', wideLongServerFilePath);\n            }\n            formData.append(\'session_column\', \'session\');\n            formData.append(\'session_indicators\', (wideLongIndicators && wideLongIndicators.value || \'\').trim());\n            formData.append(\'run_column\', (wideLongRunIndicators && wideLongRunIndicators.value || \'\').trim() ? \'run\' : \'\');\n            formData.append(\'run_indicators\', (wideLongRunIndicators && wideLongRunIndicators.value || \'\').trim());\n            formData.append(\'preview_limit\', \'8\');\n\n            try {\n                const response = await fetchWithApiFallback(\'/api/file-management/wide-to-long-preview\', {\n                    method: \'POST\',\n                    body: formData,\n                });\n\n                if (!response.ok) {\n                    let message = \'Output preview failed.\';\n                    try {\n                        const payload = await response.json();\n                        if (payload && payload.error) {\n                            message = payload.error;\n                        }\n                    } catch (_) {\n                        // Keep fallback message when response is not JSON.\n                    }\n                    throw new Error(message);\n                }\n\n                const payload = await response.json();\n                renderWideLongTablePreview(payload);\n            } catch (err) {\n                hideWideLongTablePreview();\n                if (wideLongError) {\n                    wideLongError.textContent = err.message || \'Output preview failed.\';\n                    wideLongError.classList.remove(\'d-none\');\n                }\n            } finally {\n                setWideLongIdleState();\n            }\n        });\n    }\n\n    if (wideLongConvertBtn) {\n        wideLongConvertBtn.addEventListener(\'click\', async () => {\n            const selectedWideLongFile = (wideLongFile && wideLongFile.files && wideLongFile.files[0])\n                ? wideLongFile.files[0]\n                : null;\n            if (!selectedWideLongFile && !wideLongServerFilePath) {\n                return;\n            }\n            const currentProjectPath = getCurrentProjectPath();\n            if (!currentProjectPath) {\n                if (wideLongError) {\n                    wideLongError.textContent = \'No active project selected. Open a project before saving converted files.\';\n                    wideLongError.classList.remove(\'d-none\');\n                }\n                return;\n            }\n\n            if (wideLongError) wideLongError.classList.add(\'d-none\');\n            if (wideLongInfo) wideLongInfo.classList.add(\'d-none\');\n            if (wideLongProgress) wideLongProgress.classList.remove(\'d-none\');\n            wideLongConvertBtn.disabled = true;\n\n            const formData = new FormData();\n            if (selectedWideLongFile) {\n                formData.append(\'data\', selectedWideLongFile);\n            } else if (wideLongServerFilePath) {\n                formData.append(\'source_file_path\', wideLongServerFilePath);\n            }\n            formData.append(\'session_column\', \'session\');\n            formData.append(\'session_indicators\', (wideLongIndicators && wideLongIndicators.value || \'\').trim());\n            formData.append(\'run_column\', (wideLongRunIndicators && wideLongRunIndicators.value || \'\').trim() ? \'run\' : \'\');\n            formData.append(\'run_indicators\', (wideLongRunIndicators && wideLongRunIndicators.value || \'\').trim());\n            formData.append(\'project_path\', currentProjectPath);\n\n            try {\n                const response = await fetchWithApiFallback(\'/api/file-management/wide-to-long\', {\n                    method: \'POST\',\n                    body: formData,\n                });\n\n                if (!response.ok) {\n                    let message = \'Wide-to-long conversion failed.\';\n                    try {\n                        const payload = await response.json();\n                        if (payload && payload.error) {\n                            message = payload.error;\n                        }\n                    } catch (_) {\n                        // Keep fallback message when response is not JSON.\n                    }\n                    throw new Error(message);\n                }\n\n                const result = await response.json();\n\n                if (wideLongInfo) {\n                    wideLongInfo.innerHTML = `<i class="fas fa-check-circle me-1"></i>Saved to <code>${result.saved_to}</code>`;\n                    wideLongInfo.classList.remove(\'d-none\');\n                }\n            } catch (err) {\n                if (wideLongError) {\n                    wideLongError.textContent = err.message || \'Wide-to-long conversion failed.\';\n                    wideLongError.classList.remove(\'d-none\');\n                }\n            } finally {\n                setWideLongIdleState();\n            }\n        });\n    }\n\n    // --------------------\n    // Batch Organizer\n    // --------------------\n    const organizeFiles = document.getElementById(\'organizeFiles\');\n    const organizeModality = document.getElementById(\'organizeModality\');\n    const organizeDryRunBtn = document.getElementById(\'organizeDryRunBtn\');\n    const organizeCopyBtn = document.getElementById(\'organizeCopyBtn\');\n    const organizeError = document.getElementById(\'organizeError\');\n    const organizeInfo = document.getElementById(\'organizeInfo\');\n    const organizeProgress = document.getElementById(\'organizeProgress\');\n    const organizeLogContainer = document.getElementById(\'organizeLogContainer\');\n    const organizeLog = document.getElementById(\'organizeLog\');\n    const organizeLogClearBtn = document.getElementById(\'organizeLogClearBtn\');\n    const organizeFolder = document.getElementById(\'organizeFolder\');\n    const organizeFlatStructure = document.getElementById(\'organizeFlatStructure\');\n    const organizeTargetPrism = document.getElementById(\'organizeTargetPrism\');\n    const organizeTargetRaw = document.getElementById(\'organizeTargetRaw\');\n    const organizeTargetSource = document.getElementById(\'organizeTargetSource\');\n    const flatStructureHint = document.getElementById(\'flatStructureHint\');\n    const repoSubjectRewriteBtn = document.getElementById(\'repoSubjectRewriteBtn\');\n    const repoSubjectRewritePreviewBtn = document.getElementById(\'repoSubjectRewritePreviewBtn\');\n    const repoSubjectRewriteExample = document.getElementById(\'repoSubjectRewriteExample\');\n    const repoSubjectRewriteKeep = document.getElementById(\'repoSubjectRewriteKeep\');\n    const repoSubjectRewriteAnotherExampleBtn = document.getElementById(\'repoSubjectRewriteAnotherExampleBtn\');\n    const repoSubjectRewriteResult = document.getElementById(\'repoSubjectRewriteResult\');\n    let repoSubjectExamples = [];\n    let repoSubjectExampleIndex = 0;\n    let repoSubjectPreviewReady = false;\n    \n    const organizeTargetRoot = () => {\n        const checked = document.querySelector(\'input[name="organizeTargetRoot"]:checked\');\n        return checked ? checked.value : \'prism\';\n    };\n\n    // Update flat structure hint and auto-suggest based on destination\n    function updateFlatStructureHint() {\n        const targetRoot = organizeTargetRoot();\n        const isSourcedata = targetRoot === \'sourcedata\';\n        const isRawdata = targetRoot === \'rawdata\';\n        const isPrismRoot = targetRoot === \'prism\';\n\n        if (organizeFlatStructure) {\n            if (isPrismRoot) {\n                organizeFlatStructure.checked = false;\n                organizeFlatStructure.disabled = true;\n            } else {\n                organizeFlatStructure.disabled = false;\n            }\n        }\n\n        if (flatStructureHint) {\n            if (isPrismRoot) {\n                flatStructureHint.textContent = \'Project root keeps PRISM folders; use rawdata or sourcedata for flat copies.\';\n                flatStructureHint.className = \'text-muted\';\n            } else if (isSourcedata) {\n                flatStructureHint.textContent = \'Recommended for sourcedata\';\n                flatStructureHint.className = \'text-success\';\n            } else if (isRawdata) {\n                flatStructureHint.textContent = \'Optional for rawdata; flat copies go to rawdata/<modality>/\';\n                flatStructureHint.className = \'text-muted\';\n            }\n        }\n        // Auto-enable flat for sourcedata (but allow user to override)\n        if (organizeFlatStructure && isSourcedata && !organizeFlatStructure.checked) {\n            organizeFlatStructure.checked = true;\n        }\n    }\n\n    if (organizeTargetPrism) {\n        organizeTargetPrism.addEventListener(\'change\', updateFlatStructureHint);\n    }\n    if (organizeTargetRaw) {\n        organizeTargetRaw.addEventListener(\'change\', updateFlatStructureHint);\n    }\n    if (organizeTargetSource) {\n        organizeTargetSource.addEventListener(\'change\', updateFlatStructureHint);\n    }\n    updateFlatStructureHint();\n\n    function getOrganizeFiles() {\n        const fileList = [];\n        if (organizeFiles && organizeFiles.files) {\n            fileList.push(...Array.from(organizeFiles.files));\n        }\n        if (organizeFolder && organizeFolder.files) {\n            fileList.push(...Array.from(organizeFolder.files));\n        }\n        return fileList;\n    }\n\n    function hasOrganizerInput() {\n        return getOrganizeFiles().length > 0 || Boolean(organizeServerFolderPath);\n    }\n\n    function updateOrganizeBtn() {\n        const hasFiles = hasOrganizerInput();\n        const hasCurrentProject = Boolean(getCurrentProjectPath());\n        if (organizeDryRunBtn) organizeDryRunBtn.disabled = !hasFiles;\n        if (organizeCopyBtn) organizeCopyBtn.disabled = !hasFiles || !hasCurrentProject;\n    }\n\n    if (organizeFiles) {\n        organizeFiles.addEventListener(\'change\', updateOrganizeBtn);\n        updateOrganizeBtn();\n    }\n\n    if (organizeFolder) {\n        organizeFolder.addEventListener(\'change\', updateOrganizeBtn);\n        updateOrganizeBtn();\n    }\n\n    if (organizeLogClearBtn) {\n        organizeLogClearBtn.addEventListener(\'click\', () => {\n            if (organizeLog) organizeLog.textContent = \'\';\n        });\n    }\n\n    function appendOrganizerLog(message, level = \'info\') {\n        if (!organizeLog) return;\n        const levelClasses = {\n            info: \'ansi-blue\',\n            success: \'ansi-green\',\n            warning: \'ansi-yellow\',\n            error: \'ansi-red\',\n            progress: \'ansi-cyan\',\n            preview: \'ansi-cyan\'\n        };\n        const line = document.createElement(\'div\');\n        line.className = levelClasses[level] || \'ansi-reset\';\n        line.textContent = message;\n        organizeLog.appendChild(line);\n        organizeLog.scrollTop = organizeLog.scrollHeight;\n    }\n\n    function getProjectSaveSummary(result) {\n        const outputPaths = Array.isArray(result && result.project_output_paths)\n            ? result.project_output_paths.filter((value) => typeof value === \'string\' && value.trim())\n            : [];\n        const target = (result && (result.project_output_path || outputPaths[0] || result.project_output_root)) || \'the active project\';\n        const outputCount = Number.isFinite(result && result.project_output_count)\n            ? result.project_output_count\n            : outputPaths.length;\n        const countNote = outputCount > 1 ? ` (${outputCount} files)` : \'\';\n\n        return { target, countNote };\n    }\n\n    async function runOrganizer(opts = {}) {\n        const saveToProject = opts.saveToProject === true;\n        const skipDownload = opts.skipDownload === true;\n        const dryRun = opts.dryRun === true;\n        if (!organizeFiles) return;\n        const currentProjectPath = getCurrentProjectPath();\n        if (saveToProject && !currentProjectPath) {\n            if (organizeError) {\n                organizeError.textContent = \'No active project selected. Open a project before copying files.\';\n                organizeError.classList.remove(\'d-none\');\n            }\n            return;\n        }\n        if (organizeError) organizeError.classList.add(\'d-none\');\n        if (organizeInfo) organizeInfo.classList.add(\'d-none\');\n        if (organizeProgress) organizeProgress.classList.remove(\'d-none\');\n        if (organizeLogContainer) organizeLogContainer.classList.remove(\'d-none\');\n        if (organizeLog) organizeLog.textContent = \'\';\n        if (organizeDryRunBtn) organizeDryRunBtn.disabled = true;\n        if (organizeCopyBtn) organizeCopyBtn.disabled = true;\n\n        const files = getOrganizeFiles();\n        const usingServerFolderPath = files.length === 0 && Boolean(organizeServerFolderPath);\n        const modality = organizeModality ? organizeModality.value : \'anat\';\n        const destRoot = organizeTargetRoot();\n        const flatStructure = document.getElementById(\'organizeFlatStructure\')?.checked || false;\n        const datasetName = \'Organized Dataset\';\n\n        appendOrganizerLog(`Starting ${dryRun ? \'dry run\' : \'copy\'} for ${usingServerFolderPath ? `folder ${organizeServerFolderPath}` : `${files.length} files`}...`, \'progress\');\n        appendOrganizerLog(`Mode: ${dryRun ? \'preview\' : \'execute\'} | Modality: ${modality} | Destination: ${destRoot}${flatStructure ? \' (flat)\' : \'\'}`, \'info\');\n\n        const formData = new FormData();\n        if (usingServerFolderPath) {\n            formData.append(\'folder_path\', organizeServerFolderPath);\n        } else {\n            files.forEach(f => formData.append(\'files\', f));\n        }\n        formData.append(\'dataset_name\', datasetName);\n        formData.append(\'modality\', modality);\n        formData.append(\'save_to_project\', saveToProject);\n        formData.append(\'dest_root\', destRoot);\n        formData.append(\'flat_structure\', flatStructure);\n        formData.append(\'dry_run\', dryRun);\n        if (saveToProject && currentProjectPath) {\n            formData.append(\'project_path\', currentProjectPath);\n        }\n\n        try {\n            const response = await fetchWithApiFallback(\'/api/batch-convert\', {\n                method: \'POST\',\n                body: formData\n            });\n\n            if (!response.ok) {\n                const data = await response.json().catch(() => null);\n                throw new Error(data && data.error ? data.error : \'Organization failed\');\n            }\n\n            const result = await response.json();\n\n            // Display logs with colors based on level\n            if (result.logs && organizeLog) {\n                result.logs.forEach((entry) => {\n                    const level = entry && entry.level ? entry.level : \'info\';\n                    const message = entry && entry.message ? entry.message : \'\';\n                    if (message) {\n                        appendOrganizerLog(message, level);\n                    }\n                });\n            }\n\n            if (result.dry_run) {\n                if (organizeInfo) {\n                    const newCount = result.new_files || 0;\n                    const existingCount = result.existing_files || 0;\n                    organizeInfo.innerHTML = `<i class="fas fa-check-circle me-2 text-success"></i>Dry run complete: ${result.converted || 0} files would be organized.<br>📄 <strong>New:</strong> ${newCount} · 📋 <strong>Existing (will overwrite):</strong> ${existingCount}<br>Review the log above, then click "Copy to Project" to execute.`;\n                    organizeInfo.classList.remove(\'d-none\');\n                }\n                appendOrganizerLog(`Dry run complete: ${result.converted || 0} files would be organized.`, \'success\');\n            } else {\n                const warnings = result.warnings || [];\n                if (warnings.length && organizeError) {\n                    organizeError.innerHTML = warnings.map(w => `<div><i class="fas fa-exclamation-triangle me-2"></i>${escapeHtml(w)}</div>`).join(\'\');\n                    organizeError.classList.remove(\'d-none\');\n                }\n\n                warnings.forEach((warningMsg) => {\n                    appendOrganizerLog(`⚠ ${warningMsg}`, \'warning\');\n                });\n\n                if (organizeInfo) {\n                    const saveSummary = result.project_saved ? getProjectSaveSummary(result) : null;\n                    const savedText = saveSummary ? ` Saved to project: ${saveSummary.target}${saveSummary.countNote}.` : \'\';\n                    const zipText = skipDownload ? \'\' : \' ZIP download started.\';\n                    organizeInfo.textContent = `Organized ${result.converted || 0} files. ${result.errors || 0} errors.${savedText}${zipText}`.trim();\n                    organizeInfo.classList.remove(\'d-none\');\n                }\n                if (result.project_saved) {\n                    const saveSummary = getProjectSaveSummary(result);\n                    appendOrganizerLog(`Saved to project: ${saveSummary.target}${saveSummary.countNote}`, \'success\');\n                }\n                appendOrganizerLog(`Finished: ${result.converted || 0} organized, ${result.errors || 0} errors.`, result.errors ? \'warning\' : \'success\');\n            }\n        } catch (err) {\n            if (organizeError) {\n                organizeError.textContent = err.message;\n                organizeError.classList.remove(\'d-none\');\n            }\n            appendOrganizerLog(`✗ ${err.message}`, \'error\');\n        } finally {\n            if (organizeProgress) organizeProgress.classList.add(\'d-none\');\n            updateOrganizeBtn();\n        }\n    }\n\n    if (organizeDryRunBtn) {\n        organizeDryRunBtn.addEventListener(\'click\', () => runOrganizer({ dryRun: true }));\n    }\n\n    if (organizeCopyBtn) {\n        organizeCopyBtn.addEventListener(\'click\', () => runOrganizer({ saveToProject: true, skipDownload: true }));\n    }\n\n    function resetRepoSubjectPreviewState() {\n        repoSubjectPreviewReady = false;\n        if (repoSubjectRewriteBtn) {\n            repoSubjectRewriteBtn.disabled = true;\n        }\n    }\n\n    function setRepoSubjectRewriteBusy(isBusy) {\n        if (repoSubjectRewritePreviewBtn) {\n            repoSubjectRewritePreviewBtn.disabled = isBusy;\n        }\n        if (repoSubjectRewriteBtn) {\n            repoSubjectRewriteBtn.disabled = isBusy || !repoSubjectPreviewReady;\n        }\n        if (repoSubjectRewriteAnotherExampleBtn) {\n            repoSubjectRewriteAnotherExampleBtn.disabled = isBusy || repoSubjectExamples.length < 2;\n        }\n        if (repoSubjectRewriteExample) {\n            repoSubjectRewriteExample.disabled = isBusy || repoSubjectExamples.length === 0;\n        }\n        if (repoSubjectRewriteKeep) {\n            repoSubjectRewriteKeep.disabled = isBusy || repoSubjectExamples.length === 0;\n        }\n    }\n\n    function suggestKeepFragment(exampleSubject) {\n        const rawLabel = String(exampleSubject || \'\').replace(/^sub-/, \'\');\n        if (!rawLabel) {\n            return \'\';\n        }\n        const digits = rawLabel.replace(/\\D/g, \'\');\n        if (digits.length >= 3) {\n            return digits.slice(-3);\n        }\n        if (rawLabel.length <= 3) {\n            return rawLabel;\n        }\n        return rawLabel.slice(-3);\n    }\n\n    function applyRepoSubjectExampleSelection(index, { suggestKeep = false } = {}) {\n        if (!repoSubjectRewriteExample || repoSubjectExamples.length === 0) {\n            return;\n        }\n        const normalizedIndex = ((index % repoSubjectExamples.length) + repoSubjectExamples.length) % repoSubjectExamples.length;\n        repoSubjectExampleIndex = normalizedIndex;\n        repoSubjectRewriteExample.value = repoSubjectExamples[repoSubjectExampleIndex];\n        if (suggestKeep && repoSubjectRewriteKeep) {\n            repoSubjectRewriteKeep.value = suggestKeepFragment(repoSubjectRewriteExample.value);\n        }\n    }\n\n    async function loadRepoSubjectExamples() {\n        const currentProjectPath = getCurrentProjectPath();\n        if (!currentProjectPath) {\n            repoSubjectExamples = [];\n            if (repoSubjectRewriteExample) {\n                repoSubjectRewriteExample.innerHTML = \'<option value="">No active project</option>\';\n            }\n            if (repoSubjectRewriteResult) {\n                repoSubjectRewriteResult.innerHTML = \'<div class="alert alert-warning py-2 mb-0">No active project selected. Open a project first.</div>\';\n            }\n            resetRepoSubjectPreviewState();\n            setRepoSubjectRewriteBusy(false);\n            return;\n        }\n\n        setRepoSubjectRewriteBusy(true);\n        if (repoSubjectRewriteResult) {\n            repoSubjectRewriteResult.innerHTML = \'<div class="alert alert-info py-2 mb-0">Loading subject ID examples...</div>\';\n        }\n\n        try {\n            const response = await fetchWithApiFallback(\'/api/file-management/subject-rewrite\', {\n                method: \'POST\',\n                headers: { \'Content-Type\': \'application/json\' },\n                body: JSON.stringify({\n                    action: \'preview\',\n                    mode: \'last3\',\n                    project_path: currentProjectPath,\n                }),\n            });\n\n            const payload = await response.json().catch(() => ({}));\n            if (!response.ok) {\n                throw new Error(payload.error || \'Failed to load subject ID examples.\');\n            }\n\n            repoSubjectExamples = Array.isArray(payload.subject_examples)\n                ? payload.subject_examples.filter((value) => typeof value === \'string\' && value.startsWith(\'sub-\'))\n                : [];\n            repoSubjectExampleIndex = 0;\n\n            if (repoSubjectRewriteExample) {\n                if (repoSubjectExamples.length === 0) {\n                    repoSubjectRewriteExample.innerHTML = \'<option value="">No subject IDs found</option>\';\n                } else {\n                    repoSubjectRewriteExample.innerHTML = repoSubjectExamples\n                        .map((value) => `<option value="${escapeHtml(value)}">${escapeHtml(value)}</option>`)\n                        .join(\'\');\n                }\n            }\n\n            if (repoSubjectExamples.length > 0) {\n                applyRepoSubjectExampleSelection(0, { suggestKeep: true });\n                if (repoSubjectRewriteResult) {\n                    repoSubjectRewriteResult.innerHTML = \'<div class="alert alert-secondary py-2 mb-0">Choose an example and click Preview to see the full mapping before applying.</div>\';\n                }\n            } else if (repoSubjectRewriteResult) {\n                repoSubjectRewriteResult.innerHTML = \'<div class="alert alert-secondary py-2 mb-0">No subject IDs found in the current project.</div>\';\n            }\n            resetRepoSubjectPreviewState();\n        } catch (error) {\n            repoSubjectExamples = [];\n            if (repoSubjectRewriteExample) {\n                repoSubjectRewriteExample.innerHTML = \'<option value="">Failed to load examples</option>\';\n            }\n            if (repoSubjectRewriteResult) {\n                repoSubjectRewriteResult.innerHTML = `<div class="alert alert-danger py-2 mb-0">${escapeHtml(error.message || \'Failed to load subject ID examples.\')}</div>`;\n            }\n            resetRepoSubjectPreviewState();\n        } finally {\n            setRepoSubjectRewriteBusy(false);\n        }\n    }\n\n    function renderRepoSubjectRewriteResult(payload, actionLabel) {\n        if (!repoSubjectRewriteResult) return;\n\n        const hasConflicts = Array.isArray(payload.conflicts) && payload.conflicts.length > 0;\n        const mappingEntries = Object.entries(payload.mapping || {});\n        const mappingHtml = mappingEntries.length\n            ? `<div class="small"><strong>Mapping:</strong> ${mappingEntries.slice(0, 20).map(([oldCode, newCode]) => `${escapeHtml(oldCode)} -> ${escapeHtml(newCode)}`).join(\' | \')}</div>`\n            : \'<div class="small text-muted">No subject IDs require rewriting.</div>\';\n\n        const rule = payload.rule || {};\n        const strategy = rule.strategy ? String(rule.strategy) : \'\';\n        const keepFragment = rule.keep_fragment ? String(rule.keep_fragment) : \'\';\n        const exampleSubject = rule.example_subject ? String(rule.example_subject) : \'\';\n\n        let ruleText = \'\';\n        if (strategy && keepFragment && exampleSubject) {\n            if (strategy === \'suffix\') {\n                ruleText = `Keep suffix \'${escapeHtml(keepFragment)}\' from each subject ID (based on ${escapeHtml(exampleSubject)}).`;\n            } else if (strategy === \'prefix\') {\n                ruleText = `Keep prefix \'${escapeHtml(keepFragment)}\' from each subject ID (based on ${escapeHtml(exampleSubject)}).`;\n            } else if (strategy === \'slice\') {\n                ruleText = `Keep the selected internal segment \'${escapeHtml(keepFragment)}\' from each subject ID (based on ${escapeHtml(exampleSubject)}).`;\n            } else if (strategy === \'full\') {\n                ruleText = `Rule keeps the full ID from ${escapeHtml(exampleSubject)} (no shortening for this example).`;\n            }\n        }\n\n        const ruleHtml = ruleText\n            ? `<div class="small mb-1"><strong>Rule:</strong> ${ruleText}</div>`\n            : \'\';\n\n        const conflictHtml = hasConflicts\n            ? `<div class="alert alert-danger py-2 mb-2">${payload.conflicts.map((msg) => `<div>${escapeHtml(msg)}</div>`).join(\'\')}</div>`\n            : \'\';\n\n        const infoClass = hasConflicts ? \'alert-warning\' : (actionLabel === \'Preview\' ? \'alert-info\' : \'alert-success\');\n        repoSubjectRewriteResult.innerHTML = `\n            ${conflictHtml}\n            <div class="alert ${infoClass} py-2 mb-0">\n                <div><strong>${actionLabel}</strong>: ${payload.mapping_count || 0} subject mapping(s), ${payload.directory_rename_count || 0} folder rename(s), ${payload.file_rename_count || 0} filename rename(s), ${payload.text_update_count || 0} metadata text update(s).</div>\n                ${ruleHtml}\n                ${mappingHtml}\n            </div>\n        `;\n    }\n\n    async function runRepoSubjectRewrite(action) {\n        const currentProjectPath = getCurrentProjectPath();\n        if (!currentProjectPath) {\n            if (repoSubjectRewriteResult) {\n                repoSubjectRewriteResult.innerHTML = \'<div class="alert alert-danger py-2 mb-0">No active project selected. Open a project first.</div>\';\n            }\n            return;\n        }\n\n        if (!repoSubjectRewriteExample || !repoSubjectRewriteKeep) {\n            return;\n        }\n\n        const selectedExample = String(repoSubjectRewriteExample.value || \'\').trim();\n        const keepFragment = String(repoSubjectRewriteKeep.value || \'\').trim();\n        if (!selectedExample) {\n            if (repoSubjectRewriteResult) {\n                repoSubjectRewriteResult.innerHTML = \'<div class="alert alert-danger py-2 mb-0">Select an example subject ID first.</div>\';\n            }\n            return;\n        }\n        if (!keepFragment) {\n            if (repoSubjectRewriteResult) {\n                repoSubjectRewriteResult.innerHTML = \'<div class="alert alert-danger py-2 mb-0">Enter the part that should stay from the example subject ID.</div>\';\n            }\n            return;\n        }\n\n        if (action === \'apply\') {\n            if (!repoSubjectPreviewReady) {\n                if (repoSubjectRewriteResult) {\n                    repoSubjectRewriteResult.innerHTML = \'<div class="alert alert-warning py-2 mb-0">Run Preview first, then apply.</div>\';\n                }\n                return;\n            }\n\n            const confirmed = window.confirm(\'Apply this subject ID rewrite mapping to the current project and update internal metadata links?\');\n            if (!confirmed) {\n                return;\n            }\n        }\n\n        setRepoSubjectRewriteBusy(true);\n\n        if (repoSubjectRewriteResult) {\n            repoSubjectRewriteResult.innerHTML = `<div class="alert alert-info py-2 mb-0">${action === \'apply\' ? \'Applying rewrite...\' : \'Previewing rewrite mapping...\'}</div>`;\n        }\n\n        try {\n            const response = await fetchWithApiFallback(\'/api/file-management/subject-rewrite\', {\n                method: \'POST\',\n                headers: { \'Content-Type\': \'application/json\' },\n                body: JSON.stringify({\n                    action,\n                    mode: \'example_keep\',\n                    example_subject: selectedExample,\n                    keep_fragment: keepFragment,\n                    project_path: currentProjectPath,\n                }),\n            });\n\n            const payload = await response.json().catch(() => ({}));\n            if (!response.ok) {\n                throw new Error(payload.error || \'Subject rewrite request failed.\');\n            }\n\n            renderRepoSubjectRewriteResult(payload, action === \'apply\' ? \'Applied\' : \'Preview\');\n            if (action === \'preview\') {\n                repoSubjectPreviewReady = !Array.isArray(payload.conflicts) || payload.conflicts.length === 0;\n            } else {\n                repoSubjectPreviewReady = false;\n                window.dispatchEvent(new Event(\'prism-project-changed\'));\n                await loadRepoSubjectExamples();\n            }\n        } catch (error) {\n            if (repoSubjectRewriteResult) {\n                repoSubjectRewriteResult.innerHTML = `<div class="alert alert-danger py-2 mb-0">${escapeHtml(error.message || \'Subject rewrite request failed.\')}</div>`;\n            }\n            repoSubjectPreviewReady = false;\n        } finally {\n            setRepoSubjectRewriteBusy(false);\n        }\n    }\n\n    if (repoSubjectRewritePreviewBtn) {\n        repoSubjectRewritePreviewBtn.addEventListener(\'click\', () => runRepoSubjectRewrite(\'preview\'));\n    }\n\n    if (repoSubjectRewriteBtn) {\n        repoSubjectRewriteBtn.addEventListener(\'click\', () => runRepoSubjectRewrite(\'apply\'));\n    }\n\n    if (repoSubjectRewriteExample) {\n        repoSubjectRewriteExample.addEventListener(\'change\', () => {\n            resetRepoSubjectPreviewState();\n            applyRepoSubjectExampleSelection(repoSubjectRewriteExample.selectedIndex, { suggestKeep: true });\n            if (repoSubjectRewriteResult) {\n                repoSubjectRewriteResult.innerHTML = \'<div class="alert alert-secondary py-2 mb-0">Example changed. Click Preview to regenerate mapping.</div>\';\n            }\n            setRepoSubjectRewriteBusy(false);\n        });\n    }\n\n    if (repoSubjectRewriteKeep) {\n        repoSubjectRewriteKeep.addEventListener(\'input\', () => {\n            resetRepoSubjectPreviewState();\n            if (repoSubjectRewriteResult) {\n                repoSubjectRewriteResult.innerHTML = \'<div class="alert alert-secondary py-2 mb-0">Rule changed. Click Preview to regenerate mapping.</div>\';\n            }\n            setRepoSubjectRewriteBusy(false);\n        });\n    }\n\n    if (repoSubjectRewriteAnotherExampleBtn) {\n        repoSubjectRewriteAnotherExampleBtn.addEventListener(\'click\', () => {\n            if (repoSubjectExamples.length <= 1) {\n                return;\n            }\n            applyRepoSubjectExampleSelection(repoSubjectExampleIndex + 1, { suggestKeep: true });\n            resetRepoSubjectPreviewState();\n            if (repoSubjectRewriteResult) {\n                repoSubjectRewriteResult.innerHTML = \'<div class="alert alert-secondary py-2 mb-0">Another example selected. Click Preview to regenerate mapping.</div>\';\n            }\n            setRepoSubjectRewriteBusy(false);\n        });\n    }\n\n    if (organizeFolder && organizeFolder.parentElement) {\n        let serverFolderButton = document.getElementById(\'organizeFolderServerBrowseBtn\');\n        if (!serverFolderButton) {\n            serverFolderButton = document.createElement(\'button\');\n            serverFolderButton.type = \'button\';\n            serverFolderButton.className = \'btn btn-outline-secondary btn-sm mt-2 d-none\';\n            serverFolderButton.id = \'organizeFolderServerBrowseBtn\';\n            serverFolderButton.innerHTML = \'<i class="fas fa-server me-1"></i>Browse Server Folder\';\n            organizeFolder.parentElement.appendChild(serverFolderButton);\n        }\n\n        let serverFolderHint = document.getElementById(\'organizeFolderServerPathHint\');\n        if (!serverFolderHint) {\n            serverFolderHint = document.createElement(\'div\');\n            serverFolderHint.className = \'form-text d-none\';\n            serverFolderHint.id = \'organizeFolderServerPathHint\';\n            organizeFolder.parentElement.appendChild(serverFolderHint);\n        }\n\n        serverFolderButton.addEventListener(\'click\', async () => {\n            if (!(window.PrismFileSystemMode && typeof window.PrismFileSystemMode.pickFolder === \'function\')) {\n                return;\n            }\n            const picked = await window.PrismFileSystemMode.pickFolder({\n                title: \'Select Folder to Organize (Server)\',\n                confirmLabel: \'Use This Folder\',\n                startPath: organizeServerFolderPath || \'\'\n            });\n            if (!picked) return;\n\n            organizeServerFolderPath = picked;\n            if (organizeFolder) {\n                organizeFolder.value = \'\';\n            }\n            if (serverFolderHint) {\n                serverFolderHint.textContent = `Server folder: ${picked}`;\n                serverFolderHint.classList.remove(\'d-none\');\n            }\n            updateOrganizeBtn();\n        });\n\n        if (organizeFolder) {\n            organizeFolder.addEventListener(\'change\', () => {\n                if (organizeFolder.files && organizeFolder.files.length > 0) {\n                    organizeServerFolderPath = \'\';\n                    if (serverFolderHint) {\n                        serverFolderHint.textContent = \'\';\n                        serverFolderHint.classList.add(\'d-none\');\n                    }\n                }\n            });\n        }\n\n        if (window.PrismFileSystemMode && typeof window.PrismFileSystemMode.init === \'function\') {\n            window.PrismFileSystemMode.init().then(() => {\n                applyRemotePickerUiState();\n            }).catch(() => {\n                // Keep default host picker behavior on init failures.\n            });\n        }\n\n    }\n\n    // --------------------\n    // Renamer Helper\n    // --------------------\n    const renamerFiles = document.getElementById(\'renamerFiles\');\n    const renamerPattern = document.getElementById(\'renamerPattern\');\n    const renamerReplacement = document.getElementById(\'renamerReplacement\');\n    const renamerNewExample = document.getElementById(\'renamerNewExample\');\n    const renamerTask = document.getElementById(\'renamerTask\');\n    const renamerExtension = document.getElementById(\'renamerExtension\');\n    const renamerModality = document.getElementById(\'renamerModality\');\n    const renamerRecording = document.getElementById(\'renamerRecording\');\n    const renamerRecordingContainer = document.getElementById(\'renamerRecordingContainer\');\n    const renamerExampleContainer = document.getElementById(\'renamerExampleContainer\');\n    const renamerOriginalExample = document.getElementById(\'renamerOriginalExample\');\n    const renamerOriginalPathHint = document.getElementById(\'renamerOriginalPathHint\');\n    const renamerPreview = document.getElementById(\'renamerPreview\');\n    const renamerPreviewBody = document.getElementById(\'renamerPreviewBody\');\n    const renamerFilterAll = document.getElementById(\'renamerFilterAll\');\n    const renamerFilterUnmatched = document.getElementById(\'renamerFilterUnmatched\');\n    const renamerError = document.getElementById(\'renamerError\');\n    const renamerInfo = document.getElementById(\'renamerInfo\');\n    const renamerProgress = document.getElementById(\'renamerProgress\');\n    const renamerProgressBar = document.getElementById(\'renamerProgressBar\');\n    const renamerLogContainer = document.getElementById(\'renamerLogContainer\');\n    const renamerLog = document.getElementById(\'renamerLog\');\n    const renamerLogClearBtn = document.getElementById(\'renamerLogClearBtn\');\n    const renamerOrganize = document.getElementById(\'renamerOrganize\');\n    const renamerResetBtn = document.getElementById(\'renamerResetBtn\');\n    const renamerDryRunBtn = document.getElementById(\'renamerDryRunBtn\');\n    const renamerDownloadBtn = document.getElementById(\'renamerDownloadBtn\');\n    const renamerCopyBtn = document.getElementById(\'renamerCopyBtn\');\n    const renamerUseMapping = document.getElementById(\'renamerUseMapping\');\n    const renamerMappingFields = document.getElementById(\'renamerMappingFields\');\n    const renamerSubjectValue = document.getElementById(\'renamerSubjectValue\');\n    const renamerSessionValue = document.getElementById(\'renamerSessionValue\');\n    const renamerMappingPreview = document.getElementById(\'renamerMappingPreview\');\n    const renamerFolderMappingFields = document.getElementById(\'renamerFolderMappingFields\');\n    const renamerFolderSubjectLevel = document.getElementById(\'renamerFolderSubjectLevel\');\n    const renamerFolderSessionLevel = document.getElementById(\'renamerFolderSessionLevel\');\n    const renamerTargetRaw = document.getElementById(\'renamerTargetRaw\');\n    const renamerTargetPrism = document.getElementById(\'renamerTargetPrism\');\n    const renamerTargetSource = document.getElementById(\'renamerTargetSource\');\n    const renamerStructureHint = document.getElementById(\'renamerStructureHint\');\n    const renamerIdFromFilename = document.getElementById(\'renamerIdFromFilename\');\n    const renamerIdFromFolder = document.getElementById(\'renamerIdFromFolder\');\n\n    const renamerTargetRoot = () => {\n        const checked = document.querySelector(\'input[name="renamerTargetRoot"]:checked\');\n        return checked ? checked.value : \'prism\';\n    };\n\n    const renamerIdSource = () => {\n        const checked = document.querySelector(\'input[name="renamerIdSource"]:checked\');\n        return checked ? checked.value : \'filename\';\n    };\n\n    function renamerCanCopyToProject() {\n        return !(renamerTargetRoot() === \'prism\' && renamerOrganize && !renamerOrganize.checked);\n    }\n\n    // Update structure hint based on destination\n    function updateRenamerStructureHint() {\n        const targetRoot = renamerTargetRoot();\n        const isSourcedata = targetRoot === \'sourcedata\';\n        const isRawdata = targetRoot === \'rawdata\';\n        if (renamerStructureHint) {\n            if (renamerOrganize && !renamerOrganize.checked && targetRoot === \'prism\') {\n                renamerStructureHint.textContent = \'Flat output can be downloaded or copied to rawdata/sourcedata. Enable folders to copy into the PRISM root.\';\n                renamerStructureHint.className = \'text-danger\';\n            } else if (renamerOrganize && !renamerOrganize.checked) {\n                renamerStructureHint.textContent = isSourcedata\n                    ? \'Flat structure (recommended for sourcedata)\'\n                    : (isRawdata ? \'Flat structure (copied to rawdata/<modality>/)\' : \'Flat structure\');\n                renamerStructureHint.className = isSourcedata ? \'text-success\' : \'text-muted\';\n            } else {\n                renamerStructureHint.textContent = \'Creates sub-XX/ses-YY/modality/ folders\';\n                renamerStructureHint.className = \'text-muted\';\n            }\n        }\n    }\n\n    let currentExampleFile = null;\n    let renamerTemplateManuallyEdited = false;\n\n    function updateRecordingVisibility() {\n        if (!renamerModality || !renamerRecordingContainer) return;\n        const showRecording = renamerModality.value === \'physio\';\n        renamerRecordingContainer.style.display = showRecording ? \'block\' : \'none\';\n    }\n\n    function updateRenamerBtn() {\n        const hasFiles = (renamerFiles && renamerFiles.files && renamerFiles.files.length > 0) || renamerServerEntries.length > 0;\n        const hasNewName = renamerNewExample && renamerNewExample.value.trim().length > 0;\n        const hasTask = !!getValidatedTaskLabel();\n        const hasCurrentProject = Boolean(getCurrentProjectPath());\n        const disabled = !hasFiles || !hasNewName || !hasTask;\n        if (renamerDownloadBtn) renamerDownloadBtn.disabled = disabled;\n        if (renamerCopyBtn) renamerCopyBtn.disabled = disabled || !renamerCanCopyToProject() || !hasCurrentProject;\n        if (renamerDryRunBtn) renamerDryRunBtn.disabled = disabled;\n    }\n\n    function updateMappingVisibility() {\n        if (!renamerMappingFields || !renamerUseMapping) return;\n        const isFolderMode = renamerIdSource() === \'folder\';\n        renamerMappingFields.classList.toggle(\'d-none\', !renamerUseMapping.checked);\n        if (renamerFolderMappingFields) {\n            renamerFolderMappingFields.classList.toggle(\'d-none\', !(renamerUseMapping.checked && isFolderMode));\n        }\n        if (renamerMappingPreview && !renamerUseMapping.checked) {\n            renamerMappingPreview.textContent = \'\';\n            renamerMappingPreview.classList.remove(\'text-danger\');\n            renamerMappingPreview.classList.add(\'text-muted\');\n        }\n        if (isFolderMode && renamerMappingPreview) {\n            const subjectLevel = getFolderLevelValue(renamerFolderSubjectLevel, 2);\n            const sessionLevel = getFolderLevelValue(renamerFolderSessionLevel, 1);\n            const subjectValue = sanitizeLiteral(renamerSubjectValue && renamerSubjectValue.value || \'\');\n            const sessionValue = sanitizeLiteral(renamerSessionValue && renamerSessionValue.value || \'\');\n            const suffix = sessionValue\n                ? `, using example subject \'${subjectValue}\' and session \'${sessionValue}\'`\n                : `, using example subject \'${subjectValue}\' (session optional)`;\n            renamerMappingPreview.textContent = `Folder mode: subject from level ${subjectLevel} and session from level ${sessionLevel} (counted from end)${suffix}.`;\n            renamerMappingPreview.classList.remove(\'text-danger\');\n            renamerMappingPreview.classList.add(\'text-muted\');\n        }\n    }\n\n    function getFolderLevelValue(inputEl, fallback) {\n        if (!inputEl || !inputEl.value) return fallback;\n        const parsed = Number.parseInt(inputEl.value, 10);\n        if (!Number.isFinite(parsed) || parsed < 1) return fallback;\n        return parsed;\n    }\n\n    function getClientRelativePath(file) {\n        if (!file) return \'\';\n        if (file.webkitRelativePath && file.webkitRelativePath.length > 0) {\n            return file.webkitRelativePath;\n        }\n        return file.name || \'\';\n    }\n\n    function getRenamerEntries() {\n        if (renamerFiles && renamerFiles.files && renamerFiles.files.length > 0) {\n            return Array.from(renamerFiles.files).map((file) => ({\n                file,\n                name: file.name,\n                sourcePath: getClientRelativePath(file),\n                isServer: false,\n            }));\n        }\n\n        if (renamerServerEntries.length > 0) {\n            return renamerServerEntries.map((entry) => ({\n                file: null,\n                name: entry.name,\n                sourcePath: entry.relative_path,\n                isServer: true,\n            }));\n        }\n\n        return [];\n    }\n\n    function updateOriginalExampleDisplay() {\n        if (!currentExampleFile || !renamerOriginalExample) return;\n        const sourcePath = getClientRelativePath(currentExampleFile);\n        const isFolderMode = renamerIdSource() === \'folder\';\n\n        renamerOriginalExample.textContent = isFolderMode ? sourcePath : currentExampleFile.name;\n\n        if (renamerOriginalPathHint) {\n            const span = renamerOriginalPathHint.querySelector(\'span\');\n            if (span) span.textContent = sourcePath;\n            renamerOriginalPathHint.classList.toggle(\'d-none\', !isFolderMode);\n        }\n    }\n\n    function sanitizeLiteral(value) {\n        if (!value) return \'\';\n        let cleaned = value.trim();\n        // Remove wrapper brackets/parentheses\n        if ((cleaned.startsWith(\'{\') && cleaned.endsWith(\'}\')) || (cleaned.startsWith(\'(\') && cleaned.endsWith(\')\'))) {\n            cleaned = cleaned.slice(1, -1).trim();\n        }\n        // Remove zero-width characters, non-breaking spaces, and other invisible Unicode characters\n        cleaned = cleaned\n            .replace(/[\\u200B\\u200C\\u200D\\uFEFF]/g, \'\') // Zero-width characters\n            .replace(/[\\u00A0]/g, \' \') // Non-breaking space to regular space\n            .replace(/[\\u200E\\u200F]/g, \'\') // Directional marks\n            .replace(/[\\u202A-\\u202E]/g, \'\') // Bidirectional formatting\n            .trim();\n        return cleaned;\n    }\n\n    function splitFilenameAndExt(filename) {\n        if (!filename) return { base: \'\', ext: \'\' };\n        const match = filename.match(/^(.*?)(\\.[^.]+(?:\\.[^.]+)*)$/);\n        if (!match) return { base: filename, ext: \'\' };\n        return { base: match[1], ext: match[2] };\n    }\n\n    function ensureExampleExtension(filename) {\n        if (!currentExampleFile || !currentExampleFile.name) return filename;\n        const currentParts = splitFilenameAndExt(filename);\n        if (currentParts.ext) return filename;\n\n        const exampleParts = splitFilenameAndExt(currentExampleFile.name);\n        if (!exampleParts.ext) return filename;\n\n        return `${filename}${exampleParts.ext}`;\n    }\n\n    function normalizeMappingPlaceholders(name, hasSessionValue) {\n        let tokenCount = 0;\n        let normalized = (name || \'\').replace(/\\{\\}/g, () => {\n            tokenCount += 1;\n            if (tokenCount === 1) return \'{subject}\';\n            if (tokenCount === 2) return hasSessionValue ? \'{session}\' : \'\';\n            return \'{}\';\n        });\n\n        if (!hasSessionValue) {\n            normalized = normalized\n                .replace(/_ses-(?=_|$)/g, \'\')\n                .replace(/__+/g, \'_\')\n                .replace(/(^_|_$)/g, \'\');\n        }\n\n        return normalized;\n    }\n\n    function sanitizeTaskLabel(value) {\n        if (!value) return \'\';\n        return value\n            .trim()\n            .toLowerCase()\n            .replace(/\\s+/g, \'-\')\n            .replace(/[^a-z0-9-]/g, \'\');\n    }\n\n    function getValidatedTaskLabel() {\n        return sanitizeTaskLabel(renamerTask && renamerTask.value ? renamerTask.value : \'\');\n    }\n\n    function syncTemplateWithTaskAndRecording(templateValue) {\n        const task = getValidatedTaskLabel();\n        const modality = renamerModality ? renamerModality.value : \'physio\';\n        const recording = (modality === \'physio\' && renamerRecording && renamerRecording.value)\n            ? renamerRecording.value\n            : \'\';\n\n        if (!templateValue) return templateValue;\n\n        let updated = templateValue;\n        if (task) {\n            updated = updated.replace(/task-[^_\\.]+/g, `task-${task}`);\n        }\n\n        if (modality === \'physio\') {\n            if (recording) {\n                if (/_recording-[^_]+_physio/.test(updated)) {\n                    updated = updated.replace(/_recording-[^_]+_physio/g, `_recording-${recording}_physio`);\n                } else {\n                    updated = updated.replace(/_physio(\\.[^.]+(?:\\.[^.]+)*)?$/i, `_recording-${recording}_physio$1`);\n                }\n            } else {\n                updated = updated.replace(/_recording-[^_]+_physio/g, \'_physio\');\n            }\n        }\n\n        return updated;\n    }\n\n    function foldForLooseMatch(value) {\n        if (!value) return \'\';\n        return value\n            .normalize(\'NFD\')\n            .replace(/\\p{M}/gu, \'\')\n            .toLowerCase();\n    }\n\n    function findLiteralSpan(haystack, literal) {\n        if (!haystack || !literal) return null;\n\n        const directIndex = haystack.indexOf(literal);\n        if (directIndex >= 0) {\n            return {\n                index: directIndex,\n                value: literal,\n                length: literal.length\n            };\n        }\n\n        const literalNfc = literal.normalize(\'NFC\');\n        const literalNfd = literal.normalize(\'NFD\');\n        const nfcIndex = haystack.indexOf(literalNfc);\n        if (nfcIndex >= 0) {\n            return {\n                index: nfcIndex,\n                value: literalNfc,\n                length: literalNfc.length\n            };\n        }\n        const nfdIndex = haystack.indexOf(literalNfd);\n        if (nfdIndex >= 0) {\n            return {\n                index: nfdIndex,\n                value: literalNfd,\n                length: literalNfd.length\n            };\n        }\n\n        const foldedLiteral = foldForLooseMatch(literal);\n        if (!foldedLiteral) return null;\n\n        const maxExtraChars = 6;\n        for (let start = 0; start < haystack.length; start += 1) {\n            const maxEnd = Math.min(haystack.length, start + literal.length + maxExtraChars);\n            for (let end = start + 1; end <= maxEnd; end += 1) {\n                const candidate = haystack.slice(start, end);\n                if (foldForLooseMatch(candidate) === foldedLiteral) {\n                    return {\n                        index: start,\n                        value: candidate,\n                        length: end - start\n                    };\n                }\n            }\n        }\n\n        return null;\n    }\n\n    function spansOverlap(a, b) {\n        if (!a || !b) return false;\n        const aStart = a.index;\n        const aEnd = a.index + a.length;\n        const bStart = b.index;\n        const bEnd = b.index + b.length;\n        return aStart < bEnd && bStart < aEnd;\n    }\n\n    function findNonOverlappingLiteralSpan(haystack, literal, blockedSpan) {\n        if (!haystack || !literal) return null;\n        if (!blockedSpan) return findLiteralSpan(haystack, literal);\n\n        const blockedStart = blockedSpan.index;\n        const blockedEnd = blockedSpan.index + blockedSpan.length;\n\n        const candidates = [];\n\n        // Prefer exact direct matches and collect all of them.\n        let from = 0;\n        while (from <= haystack.length) {\n            const idx = haystack.indexOf(literal, from);\n            if (idx < 0) break;\n            candidates.push({ index: idx, value: literal, length: literal.length });\n            from = idx + 1;\n        }\n\n        // If no direct matches were found, fall back to the existing fuzzy matcher.\n        if (candidates.length === 0) {\n            const fuzzy = findLiteralSpan(haystack, literal);\n            if (fuzzy && !spansOverlap(fuzzy, blockedSpan)) {\n                return fuzzy;\n            }\n            return null;\n        }\n\n        // Prefer a candidate after the blocked span (common case like 001-t1 with subject=001, session=1).\n        const after = candidates.find(c => c.index >= blockedEnd && !spansOverlap(c, blockedSpan));\n        if (after) return after;\n\n        // Otherwise return any non-overlapping candidate.\n        const any = candidates.find(c => !spansOverlap(c, blockedSpan));\n        if (any) return any;\n\n        // As last resort keep old behavior.\n        const fallback = candidates[0];\n        if (fallback && !spansOverlap(fallback, blockedSpan)) {\n            return fallback;\n        }\n        if (fallback && (fallback.index + fallback.length <= blockedStart || fallback.index >= blockedEnd)) {\n            return fallback;\n        }\n        return null;\n    }\n\n    function buildAutoRenamerFilename(force = false) {\n        if (!renamerNewExample) return;\n        if (renamerTemplateManuallyEdited && !force) return;\n\n        const modality = renamerModality ? renamerModality.value : \'physio\';\n        const task = getValidatedTaskLabel();\n        const idSource = renamerIdSource();\n        const sessionValue = sanitizeLiteral(renamerSessionValue && renamerSessionValue.value || \'\');\n        const hasSession = idSource === \'folder\' ? true : !!sessionValue;\n        const recording = (modality === \'physio\' && renamerRecording && renamerRecording.value)\n      
[...]
             valueToGroup[m.value] = i + 1;\n                }\n            });\n            const combinedRegex = new RegExp(uniqueValues.map(v => v.replace(/[.*+?^${}()|[\\]\\\\]/g, \'\\\\$&\')).join(\'|\'), \'g\');\n            replacement = replacement.replace(combinedRegex, matched => `\\\\${valueToGroup[matched]}`);\n        }\n\n        if (renamerPattern) renamerPattern.value = finalPattern;\n        if (renamerReplacement) renamerReplacement.value = replacement;\n        runRenamer(true, { silent: true });\n    }\n\n    async function runRenamer(isDryRun, opts = {}) {\n        const saveToProject = opts.saveToProject === true;\n        const skipDownload = opts.skipDownload === true;\n        const silent = opts.silent === true;\n        const currentProjectPath = getCurrentProjectPath();\n        if (!renamerPattern || !renamerReplacement || !renamerPattern.value) return;\n        if (!isDryRun && saveToProject && !currentProjectPath) {\n            if (renamerError) {\n                renamerError.textContent = \'No active project selected. Open a project before copying renamed files.\';\n                renamerError.classList.remove(\'d-none\');\n            }\n            return;\n        }\n\n        if (renamerError) renamerError.classList.add(\'d-none\');\n        if (renamerInfo) renamerInfo.classList.add(\'d-none\');\n        if (renamerProgress) renamerProgress.classList.add(\'d-none\');\n\n        if (!silent) {\n            if (renamerLogContainer) renamerLogContainer.classList.remove(\'d-none\');\n            if (renamerLog) renamerLog.textContent = \'\';\n            const modeLabel = isDryRun ? \'preview renames\' : (saveToProject ? \'copy to project\' : \'rename and download\');\n            appendRenamerLog(`Starting ${modeLabel}...`, \'progress\');\n        }\n\n        const entries = getRenamerEntries();\n        const files = entries.filter((entry) => entry.file).map((entry) => entry.file);\n        if (entries.length === 0 && !isDryRun) return;\n\n        if (!silent) {\n            appendRenamerLog(`Files selected: ${entries.length}`, \'info\');\n        }\n\n        if (!isDryRun && saveToProject && skipDownload) {\n            await runRenamerSequentialCopy(files);\n            updateRenamerBtn();\n            return;\n        }\n\n        const formData = buildRenamerFormData({\n            saveToProject,\n            isDryRun,\n            skipZip: skipDownload,\n            projectPath: currentProjectPath,\n            files,\n            entries,\n            folderPath: renamerServerFolderPath\n        });\n\n        try {\n            const response = await fetchWithApiFallback(\'/api/physio-rename\', {\n                method: \'POST\',\n                body: formData\n            });\n            if (!response.ok) {\n                const data = await response.json().catch(() => null);\n                if (data && data.error) {\n                    throw new Error(data.error);\n                }\n                if (response.status === 413) {\n                    throw new Error(\'Renaming failed: upload too large for a single request. Use Copy to Project (no ZIP) or fewer files per batch.\');\n                }\n                throw new Error(`Renaming failed (HTTP ${response.status})`);\n            }\n            const result = await response.json();\n\n            if (isDryRun) {\n                if (!renamerPreviewBody) return;\n                renamerPreviewBody.innerHTML = \'\';\n                let matchCount = 0;\n                const selectedModality = renamerModality ? renamerModality.value : \'physio\';\n\n                result.results.forEach(res => {\n                    const isMatch = res.old !== res.new;\n                    let isValidBids = true;\n                    let bidsError = \'\';\n\n                    if (isMatch) {\n                        if (!res.new.startsWith(\'sub-\')) {\n                            isValidBids = false;\n                            bidsError = \'Missing sub- prefix\';\n                        } else if (!res.new.includes(\'_\')) {\n                            isValidBids = false;\n                            bidsError = \'Missing entities/suffix\';\n                        } else {\n                            const lastDot = res.new.lastIndexOf(\'.\');\n                            const stem = lastDot > -1 ? res.new.slice(0, lastDot) : res.new;\n                            const suffix = stem.split(\'_\').pop();\n                            const expectedSuffixes = {\n                                physio: \'physio\',\n                                biometrics: \'biometrics\',\n                                events: \'events\',\n                                survey: \'survey\'\n                            };\n                            if (expectedSuffixes[selectedModality] && suffix !== expectedSuffixes[selectedModality]) {\n                                isValidBids = false;\n                                bidsError = `Expected _${expectedSuffixes[selectedModality]} suffix`;\n                            }\n                        }\n                    }\n\n                    if (isMatch && isValidBids) {\n                        matchCount++;\n                    }\n\n                    const tr = document.createElement(\'tr\');\n                    tr.setAttribute(\'data-match\', isMatch && isValidBids);\n\n                    const displayPath = (res.path && res.path !== res.new)\n                        ? `<span class="text-muted">${escapeHtml(res.path.substring(0, res.path.lastIndexOf(\'/\') + 1))}</span>${escapeHtml(res.new)}`\n                        : escapeHtml(res.new);\n\n                    tr.innerHTML = `\n                        <td class="font-monospace small">${escapeHtml(res.old)}</td>\n                        <td><i class="fas fa-arrow-right text-muted"></i></td>\n                        <td class="font-monospace small ${isMatch ? (isValidBids ? \'text-success\' : \'text-danger\') : \'text-muted\'}">\n                            ${displayPath}\n                            ${!isValidBids && isMatch ? `<br><small class="text-danger"><i class="fas fa-times-circle me-1"></i>${escapeHtml(bidsError)}</small>` : \'\'}\n                        </td>\n                        <td class="text-center">\n                            ${(isMatch && isValidBids) ? \'<i class="fas fa-check-circle text-success"></i>\' : (!isMatch ? \'<i class="fas fa-exclamation-triangle text-warning" title="No match found - file will not be renamed"></i>\' : \'<i class="fas fa-times-circle text-danger" title="Invalid BIDS/PRISM format"></i>\')}\n                        </td>\n                    `;\n                    renamerPreviewBody.appendChild(tr);\n                });\n                if (renamerPreview) renamerPreview.classList.remove(\'d-none\');\n\n                if (result.results && matchCount < result.results.length && result.results.length > 0 && renamerError) {\n                    const unmatchedCount = result.results.length - matchCount;\n                    renamerError.innerHTML = `\n                        <div class="d-flex align-items-center">\n                            <i class="fas fa-exclamation-triangle me-3 fa-2x"></i>\n                            <div>\n                                <strong>Warning: ${unmatchedCount} files are either unmatched or invalid.</strong><br>\n                                Only files with a green checkmark will be renamed correctly. Check the "New PRISM Filename" column for errors.\n                                <div class="mt-2">\n                                    <button type="button" class="btn btn-sm btn-outline-danger" id="renamerShowIssues">\n                                        <i class="fas fa-search me-1"></i>Show Incompatible Files\n                                    </button>\n                                </div>\n                            </div>\n                        </div>\n                    `;\n                    renamerError.classList.remove(\'d-none\');\n                    const showIssuesBtn = document.getElementById(\'renamerShowIssues\');\n                    if (showIssuesBtn && renamerFilterUnmatched) {\n                        showIssuesBtn.addEventListener(\'click\', () => renamerFilterUnmatched.click());\n                    }\n                }\n                filterRenamerTable(false);\n                if (!silent) {\n                    const totalCount = Array.isArray(result.results) ? result.results.length : 0;\n                    appendRenamerLog(`Preview complete: ${matchCount}/${totalCount} files match BIDS/PRISM naming.`, matchCount === totalCount ? \'success\' : \'warning\');\n                }\n            } else {\n                const warnings = result.warnings || [];\n                const saved = result.project_saved === true;\n\n                if (!skipDownload && result.zip) {\n                    downloadBase64Zip(result.zip, \'renamed_files.zip\');\n                }\n\n                if (renamerInfo) {\n                    const warnText = warnings.length ? ` Warnings: ${warnings.join(\' \')}` : \'\';\n                    const saveSummary = saved ? getProjectSaveSummary(result) : null;\n                    const savedText = saveSummary ? ` Saved to project: ${saveSummary.target}${saveSummary.countNote}.` : \'\';\n                    const zipText = skipDownload ? \'\' : \' ZIP download started.\';\n                    renamerInfo.textContent = `Successfully renamed ${result.results.length} files.${savedText}${zipText}${warnText}`.trim();\n                    renamerInfo.classList.remove(\'d-none\');\n                }\n\n                if (warnings.length && renamerError) {\n                    renamerError.innerHTML = warnings.map(w => `<div><i class="fas fa-exclamation-triangle me-2"></i>${escapeHtml(w)}</div>`).join(\'\');\n                    renamerError.classList.remove(\'d-none\');\n                }\n\n                if (!silent) {\n                    if (saved) {\n                        const saveSummary = getProjectSaveSummary(result);\n                        appendRenamerLog(`Saved to project: ${saveSummary.target}${saveSummary.countNote}`, \'success\');\n                    }\n                    appendRenamerLog(`Rename complete: ${result.results.length} files processed.${skipDownload ? \'\' : \' ZIP generated.\'}`, \'success\');\n                    warnings.forEach((warningMsg) => appendRenamerLog(`⚠ ${warningMsg}`, \'warning\'));\n                }\n            }\n        } catch (err) {\n            if (renamerError) {\n                renamerError.textContent = err.message;\n                renamerError.classList.remove(\'d-none\');\n            }\n            if (!silent) {\n                appendRenamerLog(`✗ ${err.message}`, \'error\');\n            }\n        }\n    }\n\n    if (renamerLogClearBtn) {\n        renamerLogClearBtn.addEventListener(\'click\', () => {\n            if (renamerLog) renamerLog.textContent = \'\';\n        });\n    }\n\n    // Event wiring\n    if (renamerFiles) {\n        renamerFiles.addEventListener(\'change\', () => {\n            renamerServerFolderPath = \'\';\n            renamerServerEntries = [];\n            pickExampleFile();\n            updateRenamerBtn();\n        });\n    }\n\n    if (renamerFiles && renamerFiles.parentElement) {\n        let browseServerRenamerBtn = document.getElementById(\'renamerBrowseServerFolderBtn\');\n        if (!browseServerRenamerBtn) {\n            browseServerRenamerBtn = document.createElement(\'button\');\n            browseServerRenamerBtn.type = \'button\';\n            browseServerRenamerBtn.className = \'btn btn-outline-secondary btn-sm mt-2 d-none\';\n            browseServerRenamerBtn.id = \'renamerBrowseServerFolderBtn\';\n            browseServerRenamerBtn.innerHTML = \'<i class="fas fa-server me-1"></i>Browse Server Folder\';\n            renamerFiles.parentElement.appendChild(browseServerRenamerBtn);\n        }\n\n        let renamerServerHint = document.getElementById(\'renamerServerFolderHint\');\n        if (!renamerServerHint) {\n            renamerServerHint = document.createElement(\'div\');\n            renamerServerHint.className = \'form-text d-none\';\n            renamerServerHint.id = \'renamerServerFolderHint\';\n            renamerFiles.parentElement.appendChild(renamerServerHint);\n        }\n\n        const loadServerFolderEntries = async (folderPath) => {\n            const response = await fetchWithApiFallback(`/api/fs/list-files?path=${encodeURIComponent(folderPath)}&recursive=1`);\n            const payload = await response.json();\n            if (!response.ok || payload.error) {\n                throw new Error(payload.error || \'Could not list files in folder\');\n            }\n            renamerServerEntries = Array.isArray(payload.files) ? payload.files : [];\n        };\n\n        browseServerRenamerBtn.addEventListener(\'click\', async () => {\n            if (!(window.PrismFileSystemMode && typeof window.PrismFileSystemMode.pickFolder === \'function\')) {\n                return;\n            }\n            try {\n                const picked = await window.PrismFileSystemMode.pickFolder({\n                    title: \'Select Folder to Rename (Server)\',\n                    confirmLabel: \'Use This Folder\',\n                    startPath: renamerServerFolderPath || \'\'\n                });\n                if (!picked) return;\n\n                await loadServerFolderEntries(picked);\n                renamerServerFolderPath = picked;\n                if (renamerFiles) {\n                    renamerFiles.value = \'\';\n                }\n                if (renamerServerHint) {\n                    renamerServerHint.textContent = `Server folder: ${picked} (${renamerServerEntries.length} files)`;\n                    renamerServerHint.classList.remove(\'d-none\');\n                }\n                pickExampleFile();\n                updateRenamerBtn();\n            } catch (error) {\n                if (renamerError) {\n                    renamerError.textContent = error.message || \'Failed to browse server folder.\';\n                    renamerError.classList.remove(\'d-none\');\n                }\n            }\n        });\n\n        if (window.PrismFileSystemMode && typeof window.PrismFileSystemMode.init === \'function\') {\n            window.PrismFileSystemMode.init().then(() => {\n                applyRemotePickerUiState();\n            }).catch(() => {\n                // Keep host picker as fallback.\n            });\n        }\n\n        window.addEventListener(\'prism-library-settings-changed\', () => {\n            applyRemotePickerUiState();\n        });\n    }\n\n    if (renamerResetBtn) {\n        renamerResetBtn.addEventListener(\'click\', pickExampleFile);\n    }\n\n    if (renamerNewExample) {\n        renamerNewExample.addEventListener(\'input\', () => {\n            renamerTemplateManuallyEdited = true;\n            inferPattern();\n            updateRenamerBtn();\n        });\n    }\n\n    // renamerUseMapping is permanently enabled (checkbox is checked+disabled in template)\n    // so change events never fire — no listener needed here\n\n    if (renamerSubjectValue) {\n        renamerSubjectValue.addEventListener(\'input\', () => {\n            buildAutoRenamerFilename();\n            inferPattern();\n        });\n    }\n\n    if (renamerSessionValue) {\n        renamerSessionValue.addEventListener(\'input\', () => {\n            buildAutoRenamerFilename();\n            inferPattern();\n        });\n    }\n\n    if (renamerTask) {\n        renamerTask.addEventListener(\'input\', () => {\n            if (renamerTemplateManuallyEdited && renamerNewExample) {\n                renamerNewExample.value = syncTemplateWithTaskAndRecording(renamerNewExample.value);\n            } else {\n                buildAutoRenamerFilename();\n            }\n            inferPattern();\n            updateRenamerBtn();\n        });\n    }\n\n    if (renamerModality) {\n        renamerModality.addEventListener(\'change\', () => {\n            updateRecordingVisibility();\n            buildAutoRenamerFilename();\n            inferPattern();\n        });\n    }\n\n    if (renamerRecording) {\n        renamerRecording.addEventListener(\'change\', () => {\n            if (renamerTemplateManuallyEdited && renamerNewExample) {\n                renamerNewExample.value = syncTemplateWithTaskAndRecording(renamerNewExample.value);\n            } else {\n                buildAutoRenamerFilename();\n            }\n            inferPattern();\n        });\n    }\n\n    if (renamerOrganize) {\n        renamerOrganize.addEventListener(\'change\', () => {\n            updateRenamerStructureHint();\n            updateRenamerBtn();\n            runRenamer(true, { silent: true });\n        });\n    }\n\n    if (renamerTargetPrism) {\n        renamerTargetPrism.addEventListener(\'change\', () => {\n            updateRenamerStructureHint();\n            updateRenamerBtn();\n        });\n    }\n    if (renamerTargetRaw) {\n        renamerTargetRaw.addEventListener(\'change\', () => {\n            updateRenamerStructureHint();\n            updateRenamerBtn();\n        });\n    }\n    if (renamerTargetSource) {\n        renamerTargetSource.addEventListener(\'change\', () => {\n            updateRenamerStructureHint();\n            updateRenamerBtn();\n        });\n    }\n    if (renamerIdFromFilename) {\n        renamerIdFromFilename.addEventListener(\'change\', () => {\n            updateOriginalExampleDisplay();\n            updateMappingVisibility();\n            buildAutoRenamerFilename();\n            inferPattern();\n        });\n    }\n    if (renamerIdFromFolder) {\n        renamerIdFromFolder.addEventListener(\'change\', () => {\n            updateOriginalExampleDisplay();\n            updateMappingVisibility();\n            buildAutoRenamerFilename();\n            inferPattern();\n        });\n    }\n    if (renamerFolderSubjectLevel) {\n        renamerFolderSubjectLevel.addEventListener(\'input\', () => {\n            updateMappingVisibility();\n            inferPattern();\n        });\n    }\n    if (renamerFolderSessionLevel) {\n        renamerFolderSessionLevel.addEventListener(\'input\', () => {\n            updateMappingVisibility();\n            inferPattern();\n        });\n    }\n\n    if (renamerFilterAll) {\n        renamerFilterAll.addEventListener(\'click\', () => filterRenamerTable(false));\n    }\n\n    if (renamerFilterUnmatched) {\n        renamerFilterUnmatched.addEventListener(\'click\', () => filterRenamerTable(true));\n    }\n\n    if (renamerDryRunBtn) {\n        renamerDryRunBtn.addEventListener(\'click\', () => runRenamer(true));\n    }\n\n    if (renamerDownloadBtn) {\n        renamerDownloadBtn.addEventListener(\'click\', () => runRenamer(false));\n    }\n\n    if (renamerCopyBtn) {\n        renamerCopyBtn.addEventListener(\'click\', () => runRenamer(false, { saveToProject: true, skipDownload: true }));\n    }\n\n    window.addEventListener(\'prism-project-changed\', () => {\n        setWideLongIdleState();\n        updateOrganizeBtn();\n        updateRenamerBtn();\n        loadRepoSubjectExamples();\n    });\n\n    // Initial state\n    updateRecordingVisibility();\n    updateMappingVisibility();\n    buildAutoRenamerFilename();\n    updateRenamerBtn();\n    updateRenamerStructureHint();\n    applyRemotePickerUiState();\n    loadRepoSubjectExamples();\n});\n'

tests/test_file_management_workflow_wiring.py:119: AssertionError
=========================== short test summary info ============================
FAILED tests/test_file_management_workflow_wiring.py::TestFileManagementWorkflowWiring::test_file_management_subject_rewrite_supports_preview_and_example_rule
========================= 1 failed, 20 passed in 0.56s =========================
